[2021-05-27T00:12:11.496] [INFO] request-info - [工作进程23532] 访问路径/hasToken 响应耗时13ms
[2021-05-27T00:12:11.663] [INFO] request-info - [工作进程23532] 访问路径/abc/child 响应耗时1ms
[2021-05-27T00:12:17.339] [INFO] request-info - [工作进程23532] 访问路径/abc/child 响应耗时1ms
[2021-05-27T00:12:17.696] [INFO] request-info - [工作进程23532] 访问路径/hasToken 响应耗时2ms
[2021-05-27T00:13:05.577] [INFO] request-info - [工作进程23532] 访问路径/hasToken 响应耗时1ms
[2021-05-27T00:13:05.794] [INFO] request-info - [工作进程23532] 访问路径/abc/cba 响应耗时1ms
[2021-05-27T00:13:13.087] [INFO] request-info - [工作进程23532] 访问路径/abc/cba 响应耗时0ms
[2021-05-27T00:13:13.390] [INFO] request-info - [工作进程23532] 访问路径/hasToken 响应耗时1ms
[2021-05-27T00:14:09.899] [INFO] request-info - [工作进程17104] 访问路径/abc/cba 响应耗时9ms
[2021-05-27T00:14:10.261] [INFO] request-info - [工作进程17104] 访问路径/hasToken 响应耗时11ms
[2021-05-27T00:15:33.826] [INFO] request-info - [工作进程36076] 访问路径/hasToken 响应耗时17ms
[2021-05-27T00:15:34.023] [INFO] request-info - [工作进程36076] 访问路径/abc 响应耗时2ms
[2021-05-27T00:15:36.583] [INFO] request-info - [工作进程36076] 访问路径/abc 响应耗时0ms
[2021-05-27T00:15:36.997] [INFO] request-info - [工作进程36076] 访问路径/hasToken 响应耗时1ms
[2021-05-27T00:15:55.994] [INFO] request-info - [工作进程36076] 访问路径/hasToken 响应耗时3ms
[2021-05-27T00:15:56.213] [INFO] request-info - [工作进程36076] 访问路径/abc 响应耗时2ms
[2021-05-27T00:15:58.683] [INFO] request-info - [工作进程36076] 访问路径/abc 响应耗时2ms
[2021-05-27T00:15:59.051] [INFO] request-info - [工作进程36076] 访问路径/hasToken 响应耗时1ms
[2021-05-27T00:16:36.846] [INFO] request-info - [工作进程12076] 访问路径/abc 响应耗时32ms
[2021-05-27T00:16:37.175] [INFO] request-info - [工作进程12076] 访问路径/hasToken 响应耗时3ms
[2021-05-27T00:22:22.322] [INFO] request-info - [工作进程13760] 访问路径/hasToken 响应耗时16ms
[2021-05-27T00:22:28.125] [INFO] request-info - [工作进程13760] 访问路径/hasToken 响应耗时3ms
[2021-05-27T00:22:37.903] [INFO] request-info - [工作进程13760] 访问路径/hasToken 响应耗时2ms
[2021-05-27T00:22:38.133] [INFO] request-info - [工作进程13760] 访问路径/abc 响应耗时1ms
[2021-05-27T00:22:41.026] [INFO] request-info - [工作进程13760] 访问路径/abc 响应耗时1ms
[2021-05-27T00:22:41.338] [INFO] request-info - [工作进程13760] 访问路径/hasToken 响应耗时2ms
[2021-05-27T00:25:53.219] [INFO] request-info - [工作进程13760] 访问路径/hasToken 响应耗时1ms
[2021-05-27T00:25:53.439] [INFO] request-info - [工作进程13760] 访问路径/abc 响应耗时0ms
[2021-05-27T00:27:26.286] [INFO] request-info - [工作进程13760] 访问路径/abc 响应耗时1ms
[2021-05-27T00:27:26.616] [INFO] request-info - [工作进程13760] 访问路径/hasToken 响应耗时1ms
[2021-05-27T00:37:02.977] [INFO] request-info - [工作进程40656] 访问路径/abc 响应耗时11ms
[2021-05-27T00:37:03.320] [INFO] request-info - [工作进程40656] 访问路径/hasToken 响应耗时9ms
[2021-05-27T00:39:04.083] [INFO] request-info - [工作进程34532] 访问路径/hasToken 响应耗时11ms
[2021-05-27T00:39:04.297] [INFO] request-info - [工作进程34532] 访问路径/cors 响应耗时2ms
[2021-05-27T00:39:08.597] [INFO] request-info - [工作进程34532] 访问路径/cors 响应耗时1ms
[2021-05-27T00:39:08.966] [INFO] request-info - [工作进程34532] 访问路径/hasToken 响应耗时2ms
[2021-05-27T00:39:22.572] [INFO] request-info - [工作进程34532] 访问路径/cors 响应耗时1ms
[2021-05-27T00:39:22.903] [INFO] request-info - [工作进程34532] 访问路径/hasToken 响应耗时2ms
[2021-05-27T00:39:55.196] [INFO] request-info - [工作进程16244] 访问路径/cors 响应耗时23ms
[2021-05-27T00:39:55.542] [INFO] request-info - [工作进程16244] 访问路径/hasToken 响应耗时11ms
[2021-05-27T00:50:26.329] [INFO] request-info - [工作进程33380] 访问路径/cors 响应耗时9ms
[2021-05-27T00:50:26.687] [INFO] request-info - [工作进程33380] 访问路径/hasToken 响应耗时10ms
[2021-05-27T00:50:45.163] [INFO] request-info - [工作进程1948] 访问路径/cors 响应耗时10ms
[2021-05-27T00:50:45.609] [INFO] request-info - [工作进程1948] 访问路径/hasToken 响应耗时8ms
[2021-05-27T00:52:18.734] [INFO] request-info - [工作进程33164] 访问路径/cors 响应耗时9ms
[2021-05-27T00:52:19.162] [INFO] request-info - [工作进程33164] 访问路径/hasToken 响应耗时8ms
[2021-05-27T00:52:31.622] [INFO] request-info - [工作进程24020] 访问路径/cors 响应耗时8ms
[2021-05-27T00:52:31.932] [INFO] request-info - [工作进程24020] 访问路径/hasToken 响应耗时9ms
[2021-05-27T00:56:49.365] [INFO] request-info - [工作进程33376] 访问路径/hasToken 响应耗时17ms
[2021-05-27T00:56:54.057] [INFO] request-info - [工作进程33376] 访问路径/hasToken 响应耗时3ms
[2021-05-27T00:57:16.427] [INFO] request-info - [工作进程33376] 访问路径/hasToken 响应耗时1ms
[2021-05-27T00:57:38.131] [INFO] request-info - [工作进程33376] 访问路径/hasToken 响应耗时1ms
[2021-05-27T00:57:41.762] [INFO] request-info - [工作进程33376] 访问路径/hasToken 响应耗时1ms
[2021-05-27T01:08:03.580] [INFO] request-info - [工作进程35188] 访问路径/hasToken 响应耗时18ms
[2021-05-27T01:08:27.949] [INFO] request-info - [工作进程35188] 访问路径/hasToken 响应耗时3ms
[2021-05-27T01:08:28.163] [INFO] request-info - [工作进程35188] 访问路径/abc 响应耗时4ms
[2021-05-27T01:14:10.780] [INFO] request-info - [工作进程5300] 访问路径/hasToken 响应耗时18ms
[2021-05-27T01:14:10.986] [INFO] request-info - [工作进程5300] 访问路径/cors 响应耗时2ms
[2021-05-27T01:14:20.730] [INFO] request-info - [工作进程30780] 访问路径/cors 响应耗时10ms
[2021-05-27T01:14:21.068] [INFO] request-info - [工作进程30780] 访问路径/hasToken 响应耗时10ms
[2021-05-27T01:16:23.101] [INFO] request-info - [工作进程32212] 访问路径/cors 响应耗时8ms
[2021-05-27T01:16:23.423] [INFO] request-info - [工作进程32212] 访问路径/hasToken 响应耗时8ms
[2021-05-27T01:20:02.683] [INFO] request-info - [工作进程43396] 访问路径/hasToken 响应耗时16ms
[2021-05-27T01:20:02.882] [INFO] request-info - [工作进程43396] 访问路径/cors 响应耗时3ms
[2021-05-27T01:20:08.885] [INFO] request-info - [工作进程43396] 访问路径/cors 响应耗时3ms
[2021-05-27T01:20:09.193] [INFO] request-info - [工作进程43396] 访问路径/hasToken 响应耗时1ms
[2021-05-27T01:20:47.389] [INFO] request-info - [工作进程30240] 访问路径/cors 响应耗时18ms
[2021-05-27T01:20:47.842] [INFO] request-info - [工作进程30240] 访问路径/hasToken 响应耗时4ms
[2021-05-27T01:23:14.034] [INFO] request-info - [工作进程35228] 访问路径/cors 响应耗时13ms
[2021-05-27T01:23:14.404] [INFO] request-info - [工作进程35228] 访问路径/hasToken 响应耗时6ms
[2021-05-27T01:23:23.561] [INFO] request-info - [工作进程21296] 访问路径/cors 响应耗时17ms
[2021-05-27T01:23:23.878] [INFO] request-info - [工作进程21296] 访问路径/hasToken 响应耗时5ms
[2021-05-27T01:23:37.960] [INFO] request-info - [工作进程26368] 访问路径/cors 响应耗时14ms
[2021-05-27T01:23:38.291] [INFO] request-info - [工作进程26368] 访问路径/hasToken 响应耗时4ms
[2021-05-27T01:24:01.314] [INFO] request-info - [工作进程26368] 访问路径/cors 响应耗时1ms
[2021-05-27T01:24:01.624] [INFO] request-info - [工作进程26368] 访问路径/hasToken 响应耗时2ms
[2021-05-27T01:40:34.320] [INFO] request-info - [工作进程41636] 访问路径/hasToken 响应耗时14ms
[2021-05-27T01:40:34.536] [INFO] request-info - [工作进程41636] 访问路径/hasToken 响应耗时2ms
[2021-05-27T01:40:52.367] [INFO] request-info - [工作进程41636] 访问路径/hasToken 响应耗时2ms
[2021-05-27T01:40:56.759] [INFO] request-info - [工作进程41636] 访问路径/getUsers 响应耗时54ms
[2021-05-27T01:40:57.790] [INFO] request-info - [工作进程41636] 访问路径/hasToken 响应耗时1ms
[2021-05-27T01:40:58.132] [INFO] request-info - [工作进程41636] 访问路径/hasToken 响应耗时1ms
[2021-05-27T01:40:58.933] [INFO] request-info - [工作进程41636] 访问路径/getUsers 响应耗时3ms
[2021-05-27T01:41:00.951] [INFO] request-info - [工作进程41636] 访问路径/hasToken 响应耗时1ms
[2021-05-27T01:41:01.202] [INFO] request-info - [工作进程41636] 访问路径/hasToken 响应耗时1ms
[2021-05-27T01:52:25.551] [INFO] request-info - [工作进程41636] 访问路径/hasToken 响应耗时1ms
[2021-05-27T01:52:25.820] [INFO] request-info - [工作进程41636] 访问路径/hasToken 响应耗时1ms
[2021-05-27T01:52:25.853] [INFO] request-info - [工作进程41636] 访问路径/cors 响应耗时1ms
[2021-05-27T01:52:29.991] [INFO] request-info - [工作进程41636] 访问路径/cors 响应耗时0ms
[2021-05-27T01:52:30.347] [INFO] request-info - [工作进程41636] 访问路径/hasToken 响应耗时2ms
[2021-05-27T01:52:49.922] [INFO] request-info - [工作进程41636] 访问路径/cors 响应耗时0ms
[2021-05-27T01:52:50.292] [INFO] request-info - [工作进程41636] 访问路径/hasToken 响应耗时1ms
[2021-05-27T01:54:04.002] [INFO] request-info - [工作进程31988] 访问路径/cors 响应耗时10ms
[2021-05-27T01:54:04.443] [INFO] request-info - [工作进程31988] 访问路径/hasToken 响应耗时9ms
[2021-05-27T01:54:54.054] [INFO] request-info - [工作进程35548] 访问路径/cors 响应耗时12ms
[2021-05-27T01:54:54.064] [INFO] request-info - [工作进程35548] 访问路径/hasToken 响应耗时32ms
[2021-05-27T01:54:54.222] [INFO] request-info - [工作进程35548] 访问路径/hasToken 响应耗时4ms
[2021-05-27T01:55:04.412] [INFO] request-info - [工作进程35548] 访问路径/cors 响应耗时14ms
[2021-05-27T01:55:04.779] [INFO] request-info - [工作进程35548] 访问路径/hasToken 响应耗时1ms
[2021-05-27T02:47:10.686] [INFO] request-info - [工作进程35548] 访问路径/hasToken 响应耗时2ms
[2021-05-27T02:47:15.239] [INFO] request-info - [工作进程35548] 访问路径/hasToken 响应耗时4ms
[2021-05-27T02:47:23.302] [INFO] request-info - [工作进程35548] 访问路径/hasToken 响应耗时1ms
[2021-05-27T02:50:51.879] [INFO] request-info - [工作进程35548] 访问路径/cors 响应耗时151922ms
[2021-05-27T02:50:51.899] [INFO] request-info - [工作进程35548] 访问路径/cors 响应耗时4ms
[2021-05-27T02:50:51.902] [INFO] request-info - [工作进程35548] 访问路径/ 响应耗时2ms
[2021-05-27T02:50:51.903] [INFO] request-info - [工作进程35548] 访问路径/ 响应耗时0ms
[2021-05-27T02:50:51.905] [INFO] request-info - [工作进程35548] 访问路径/ 响应耗时0ms
[2021-05-27T02:50:51.910] [INFO] request-info - [工作进程35548] 访问路径/ 响应耗时0ms
[2021-05-27T02:50:51.912] [INFO] request-info - [工作进程35548] 访问路径/ 响应耗时0ms
[2021-05-27T02:50:51.914] [INFO] request-info - [工作进程35548] 访问路径/ 响应耗时1ms
[2021-05-27T02:50:51.919] [INFO] request-info - [工作进程35548] 访问路径/hasToken 响应耗时25ms
[2021-05-27T02:50:51.919] [INFO] request-info - [工作进程35548] 访问路径/hasToken 响应耗时19ms
[2021-05-27T02:50:51.919] [INFO] request-info - [工作进程35548] 访问路径/hasToken 响应耗时15ms
[2021-05-27T02:50:51.920] [INFO] request-info - [工作进程35548] 访问路径/hasToken 响应耗时11ms
[2021-05-27T02:50:51.920] [INFO] request-info - [工作进程35548] 访问路径/hasToken 响应耗时7ms
[2021-05-27T02:50:51.920] [INFO] request-info - [工作进程35548] 访问路径/hasToken 响应耗时6ms
[2021-05-27T02:50:57.757] [INFO] request-info - [工作进程36896] 访问路径/ 响应耗时7ms
[2021-05-27T02:50:58.103] [INFO] request-info - [工作进程36896] 访问路径/hasToken 响应耗时11ms
[2021-05-27T02:53:25.343] [INFO] request-info - [工作进程16508] 访问路径/ 响应耗时10ms
[2021-05-27T02:53:25.739] [INFO] request-info - [工作进程16508] 访问路径/hasToken 响应耗时15ms
[2021-05-27T03:01:40.453] [INFO] request-info - [工作进程26868] 访问路径/ 响应耗时8ms
[2021-05-27T03:01:40.786] [INFO] request-info - [工作进程26868] 访问路径/hasToken 响应耗时10ms
[2021-05-27T03:01:56.720] [INFO] request-info - [工作进程26868] 访问路径/ 响应耗时2ms
[2021-05-27T03:01:57.064] [INFO] request-info - [工作进程26868] 访问路径/hasToken 响应耗时4ms
[2021-05-27T03:02:56.868] [INFO] request-info - [工作进程24596] 访问路径/ 响应耗时14ms
[2021-05-27T03:02:57.184] [INFO] request-info - [工作进程24596] 访问路径/hasToken 响应耗时9ms
[2021-05-27T03:03:12.067] [INFO] request-info - [工作进程32736] 访问路径/ 响应耗时7ms
[2021-05-27T03:03:12.400] [INFO] request-info - [工作进程32736] 访问路径/hasToken 响应耗时12ms
[2021-05-27T03:16:04.510] [INFO] request-info - [工作进程2260] 访问路径/ 响应耗时13ms
[2021-05-27T03:16:04.874] [INFO] request-info - [工作进程2260] 访问路径/hasToken 响应耗时1ms
[2021-05-27T03:16:28.771] [INFO] request-info - [工作进程32408] 访问路径/ 响应耗时9ms
[2021-05-27T03:16:29.149] [INFO] request-info - [工作进程32408] 访问路径/hasToken 响应耗时2ms
[2021-05-27T03:16:55.704] [INFO] request-info - [工作进程32408] 访问路径/hasToken 响应耗时1ms
[2021-05-27T03:16:55.706] [INFO] request-info - [工作进程32408] 访问路径/ 响应耗时1ms
[2021-05-27T03:17:35.966] [INFO] request-info - [工作进程38752] 访问路径/ 响应耗时2ms
[2021-05-27T03:17:35.976] [INFO] request-info - [工作进程38752] 访问路径/hasToken 响应耗时24ms
[2021-05-27T03:17:36.444] [INFO] request-info - [工作进程38752] 访问路径/hasToken 响应耗时5ms
[2021-05-27T03:19:08.050] [INFO] request-info - [工作进程38752] 访问路径/hasToken 响应耗时3ms
[2021-05-27T03:19:08.275] [INFO] request-info - [工作进程38752] 访问路径/ 响应耗时2ms
[2021-05-27T03:19:11.879] [INFO] request-info - [工作进程38752] 访问路径/ 响应耗时1ms
[2021-05-27T03:19:12.269] [INFO] request-info - [工作进程38752] 访问路径/hasToken 响应耗时1ms
[2021-05-27T03:19:21.218] [INFO] request-info - [工作进程38752] 访问路径/ 响应耗时0ms
[2021-05-27T03:19:21.544] [INFO] request-info - [工作进程38752] 访问路径/hasToken 响应耗时1ms
[2021-05-27T03:21:48.656] [INFO] request-info - [工作进程8104] 访问路径/ 响应耗时7ms
[2021-05-27T03:21:49.100] [INFO] request-info - [工作进程8104] 访问路径/hasToken 响应耗时11ms
[2021-05-27T03:22:00.062] [INFO] request-info - [工作进程27684] 访问路径/ 响应耗时8ms
[2021-05-27T03:22:00.405] [INFO] request-info - [工作进程27684] 访问路径/hasToken 响应耗时11ms
[2021-05-27T03:23:42.021] [INFO] request-info - [工作进程9552] 访问路径/ 响应耗时7ms
[2021-05-27T03:23:42.038] [INFO] request-info - [工作进程9552] 访问路径/hasToken 响应耗时11ms
[2021-05-27T03:23:50.464] [INFO] request-info - [工作进程9552] 访问路径/ 响应耗时1ms
[2021-05-27T03:23:50.887] [INFO] request-info - [工作进程9552] 访问路径/hasToken 响应耗时2ms
[2021-05-27T03:24:12.876] [INFO] request-info - [工作进程9552] 访问路径/ 响应耗时1ms
[2021-05-27T03:24:12.883] [INFO] request-info - [工作进程9552] 访问路径/hasToken 响应耗时2ms
[2021-05-27T03:24:21.452] [INFO] request-info - [工作进程9552] 访问路径/ 响应耗时0ms
[2021-05-27T03:24:21.862] [INFO] request-info - [工作进程9552] 访问路径/hasToken 响应耗时2ms
[2021-05-27T03:24:43.339] [INFO] request-info - [工作进程14852] 访问路径/ 响应耗时8ms
[2021-05-27T03:24:43.715] [INFO] request-info - [工作进程14852] 访问路径/hasToken 响应耗时9ms
[2021-05-27T03:25:09.944] [INFO] request-info - [工作进程39728] 访问路径/ 响应耗时13ms
[2021-05-27T03:25:10.286] [INFO] request-info - [工作进程39728] 访问路径/hasToken 响应耗时1ms
[2021-05-27T03:25:54.785] [INFO] request-info - [工作进程39728] 访问路径/ 响应耗时1ms
[2021-05-27T03:25:54.790] [INFO] request-info - [工作进程39728] 访问路径/hasToken 响应耗时1ms
[2021-05-27T03:25:57.649] [INFO] request-info - [工作进程39728] 访问路径/ 响应耗时0ms
[2021-05-27T03:25:57.998] [INFO] request-info - [工作进程39728] 访问路径/hasToken 响应耗时0ms
[2021-05-27T03:26:34.617] [INFO] request-info - [工作进程2928] 访问路径/ 响应耗时6ms
[2021-05-27T03:26:34.935] [INFO] request-info - [工作进程2928] 访问路径/hasToken 响应耗时1ms
[2021-05-27T03:26:52.261] [INFO] request-info - [工作进程2928] 访问路径/getUsers 响应耗时2ms
[2021-05-27T03:26:53.180] [INFO] request-info - [工作进程2928] 访问路径/hasToken 响应耗时23ms
[2021-05-27T03:26:53.540] [INFO] request-info - [工作进程2928] 访问路径/hasToken 响应耗时1ms
[2021-05-27T03:26:54.981] [INFO] request-info - [工作进程2928] 访问路径/getUsers 响应耗时14ms
[2021-05-27T03:26:56.225] [INFO] request-info - [工作进程2928] 访问路径/hasToken 响应耗时1ms
[2021-05-27T03:26:56.473] [INFO] request-info - [工作进程2928] 访问路径/hasToken 响应耗时0ms
[2021-05-27T03:26:56.656] [INFO] request-info - [工作进程2928] 访问路径/getUsers 响应耗时15ms
[2021-05-27T03:26:57.742] [INFO] request-info - [工作进程2928] 访问路径/hasToken 响应耗时0ms
[2021-05-27T03:26:57.995] [INFO] request-info - [工作进程2928] 访问路径/hasToken 响应耗时1ms
[2021-05-27T03:26:59.704] [INFO] request-info - [工作进程2928] 访问路径/getUsers 响应耗时1ms
[2021-05-27T03:27:01.460] [INFO] request-info - [工作进程2928] 访问路径/hasToken 响应耗时1ms
[2021-05-27T03:27:01.702] [INFO] request-info - [工作进程2928] 访问路径/hasToken 响应耗时0ms
[2021-05-27T03:27:03.736] [INFO] request-info - [工作进程2928] 访问路径/getUsers 响应耗时43ms
[2021-05-27T03:27:06.254] [INFO] request-info - [工作进程2928] 访问路径/hasToken 响应耗时0ms
[2021-05-27T03:27:06.504] [INFO] request-info - [工作进程2928] 访问路径/hasToken 响应耗时0ms
[2021-05-27T03:27:23.170] [INFO] request-info - [工作进程2928] 访问路径/ 响应耗时0ms
[2021-05-27T03:27:23.563] [INFO] request-info - [工作进程2928] 访问路径/hasToken 响应耗时20ms
[2021-05-27T03:27:48.172] [INFO] request-info - [工作进程29128] 访问路径/ 响应耗时7ms
[2021-05-27T03:27:48.531] [INFO] request-info - [工作进程29128] 访问路径/hasToken 响应耗时13ms
[2021-05-27T03:29:13.019] [INFO] request-info - [工作进程39740] 访问路径/ 响应耗时9ms
[2021-05-27T03:29:13.404] [INFO] request-info - [工作进程39740] 访问路径/hasToken 响应耗时12ms
[2021-05-27T03:29:36.121] [INFO] request-info - [工作进程20432] 访问路径/ 响应耗时6ms
[2021-05-27T03:29:36.533] [INFO] request-info - [工作进程20432] 访问路径/hasToken 响应耗时2ms
[2021-05-27T03:38:33.812] [INFO] request-info - [工作进程15488] 访问路径/ 响应耗时7ms
[2021-05-27T03:38:34.141] [INFO] request-info - [工作进程15488] 访问路径/hasToken 响应耗时1ms
[2021-05-27T03:40:33.759] [INFO] request-info - [工作进程26720] 访问路径/ 响应耗时7ms
[2021-05-27T03:40:34.088] [INFO] request-info - [工作进程26720] 访问路径/hasToken 响应耗时10ms
[2021-05-27T03:42:55.221] [INFO] request-info - [工作进程34464] 访问路径/ 响应耗时6ms
[2021-05-27T03:42:55.535] [INFO] request-info - [工作进程34464] 访问路径/hasToken 响应耗时9ms
[2021-05-27T03:43:16.663] [INFO] request-info - [工作进程34464] 访问路径/ 响应耗时1ms
[2021-05-27T03:43:16.669] [INFO] request-info - [工作进程34464] 访问路径/hasToken 响应耗时3ms
[2021-05-27T03:43:16.922] [INFO] request-info - [工作进程34464] 访问路径/hasToken 响应耗时2ms
[2021-05-27T03:43:29.521] [INFO] request-info - [工作进程41968] 访问路径/favicon.ico 响应耗时7ms
[2021-05-27T03:43:31.901] [INFO] request-info - [工作进程41968] 访问路径/ 响应耗时2ms
[2021-05-27T03:43:31.912] [INFO] request-info - [工作进程41968] 访问路径/hasToken 响应耗时9ms
[2021-05-27T03:43:32.125] [INFO] request-info - [工作进程41968] 访问路径/hasToken 响应耗时2ms
[2021-05-27T03:43:40.637] [INFO] request-info - [工作进程41968] 访问路径/ 响应耗时0ms
[2021-05-27T03:43:40.980] [INFO] request-info - [工作进程41968] 访问路径/hasToken 响应耗时2ms
[2021-05-27T03:45:08.041] [INFO] request-info - [工作进程41968] 访问路径/hasToken 响应耗时7ms
[2021-05-27T03:45:08.076] [INFO] request-info - [工作进程41968] 访问路径/verifyCode 响应耗时38ms
[2021-05-27T03:46:30.067] [INFO] request-info - [工作进程41968] 访问路径/hasToken 响应耗时1ms
[2021-05-27T03:46:30.071] [INFO] request-info - [工作进程41968] 访问路径/ 响应耗时1ms
[2021-05-27T03:46:30.274] [INFO] request-info - [工作进程41968] 访问路径/verifyCode 响应耗时7ms
[2021-05-27T03:46:35.085] [INFO] request-info - [工作进程41968] 访问路径/ 响应耗时1ms
[2021-05-27T03:46:35.483] [INFO] request-info - [工作进程41968] 访问路径/hasToken 响应耗时4ms
[2021-05-27T03:46:35.490] [INFO] request-info - [工作进程41968] 访问路径/verifyCode 响应耗时8ms
[2021-05-27T03:47:10.207] [INFO] request-info - [工作进程24120] 访问路径/ 响应耗时8ms
[2021-05-27T03:47:10.621] [INFO] request-info - [工作进程24120] 访问路径/hasToken 响应耗时18ms
[2021-05-27T03:47:10.637] [INFO] request-info - [工作进程24120] 访问路径/verifyCode 响应耗时24ms
[2021-05-27T03:48:05.920] [INFO] request-info - [工作进程24120] 访问路径/ 响应耗时33279ms
[2021-05-27T03:48:05.935] [INFO] request-info - [工作进程24120] 访问路径/ 响应耗时1ms
[2021-05-27T03:48:05.953] [INFO] request-info - [工作进程24120] 访问路径/hasToken 响应耗时29ms
[2021-05-27T03:48:05.980] [INFO] request-info - [工作进程24120] 访问路径/verifyCode 响应耗时48ms
[2021-05-27T03:48:05.982] [INFO] request-info - [工作进程24120] 访问路径/hasToken 响应耗时46ms
[2021-05-27T03:48:05.996] [INFO] request-info - [工作进程24120] 访问路径/verifyCode 响应耗时49ms
[2021-05-27T03:48:15.914] [INFO] request-info - [工作进程12780] 访问路径/ 响应耗时8ms
[2021-05-27T03:48:16.303] [INFO] request-info - [工作进程12780] 访问路径/hasToken 响应耗时3ms
[2021-05-27T03:48:16.319] [INFO] request-info - [工作进程12780] 访问路径/verifyCode 响应耗时2ms
[2021-05-27T03:48:46.800] [INFO] request-info - [工作进程28760] 访问路径/ 响应耗时10ms
[2021-05-27T03:48:47.193] [INFO] request-info - [工作进程28760] 访问路径/hasToken 响应耗时3ms
[2021-05-27T03:48:47.216] [INFO] request-info - [工作进程28760] 访问路径/verifyCode 响应耗时20ms
[2021-05-27T03:49:04.172] [INFO] request-info - [工作进程28760] 访问路径/hasToken 响应耗时19ms
[2021-05-27T03:49:04.197] [INFO] request-info - [工作进程28760] 访问路径/ 响应耗时23ms
[2021-05-27T03:49:04.383] [INFO] request-info - [工作进程28760] 访问路径/verifyCode 响应耗时9ms
[2021-05-27T03:49:08.982] [INFO] request-info - [工作进程28760] 访问路径/ 响应耗时2ms
[2021-05-27T03:49:09.324] [INFO] request-info - [工作进程28760] 访问路径/hasToken 响应耗时8ms
[2021-05-27T03:49:09.340] [INFO] request-info - [工作进程28760] 访问路径/verifyCode 响应耗时15ms
[2021-05-27T03:50:08.240] [INFO] request-info - [工作进程28760] 访问路径/hasToken 响应耗时6ms
[2021-05-27T03:50:08.268] [INFO] request-info - [工作进程28760] 访问路径/ 响应耗时27ms
[2021-05-27T03:50:08.416] [INFO] request-info - [工作进程28760] 访问路径/verifyCode 响应耗时1ms
[2021-05-27T03:50:55.838] [INFO] request-info - [工作进程31732] 访问路径/ 响应耗时11ms
[2021-05-27T03:50:56.183] [INFO] request-info - [工作进程31732] 访问路径/hasToken 响应耗时5ms
[2021-05-27T03:50:56.230] [INFO] request-info - [工作进程31732] 访问路径/verifyCode 响应耗时44ms
[2021-05-27T03:52:18.547] [INFO] request-info - [工作进程39012] 访问路径/ 响应耗时8ms
[2021-05-27T03:52:18.915] [INFO] request-info - [工作进程39012] 访问路径/hasToken 响应耗时3ms
[2021-05-27T03:52:18.929] [INFO] request-info - [工作进程39012] 访问路径/verifyCode 响应耗时11ms
[2021-05-27T03:53:07.823] [INFO] request-info - [工作进程39012] 访问路径/ 响应耗时15368ms
[2021-05-27T03:53:07.831] [INFO] request-info - [工作进程39012] 访问路径/hasToken 响应耗时3ms
[2021-05-27T03:53:07.835] [INFO] request-info - [工作进程39012] 访问路径/verifyCode 响应耗时2ms
[2021-05-27T03:53:07.843] [INFO] request-info - [工作进程39012] 访问路径/ 响应耗时7ms
[2021-05-27T03:53:07.847] [INFO] request-info - [工作进程39012] 访问路径/hasToken 响应耗时3ms
[2021-05-27T03:53:07.850] [INFO] request-info - [工作进程39012] 访问路径/verifyCode 响应耗时2ms
[2021-05-27T03:55:04.209] [INFO] request-info - [工作进程30208] 访问路径/ 响应耗时6ms
[2021-05-27T03:55:04.613] [INFO] request-info - [工作进程30208] 访问路径/hasToken 响应耗时1ms
[2021-05-27T03:55:04.617] [INFO] request-info - [工作进程30208] 访问路径/verifyCode 响应耗时1ms
[2021-05-27T03:58:15.895] [INFO] request-info - [工作进程37640] 访问路径/ 响应耗时6ms
[2021-05-27T03:58:16.239] [INFO] request-info - [工作进程37640] 访问路径/verifyCode 响应耗时13ms
[2021-05-27T03:58:16.244] [INFO] request-info - [工作进程37640] 访问路径/hasToken 响应耗时26ms
[2021-05-27T03:59:52.155] [INFO] request-info - [工作进程37640] 访问路径/ 响应耗时0ms
[2021-05-27T04:00:05.088] [INFO] request-info - [工作进程37640] 访问路径/ 响应耗时1ms
[2021-05-27T04:01:33.134] [INFO] request-info - [工作进程37640] 访问路径/ 响应耗时0ms
[2021-05-27T04:01:38.241] [INFO] request-info - [工作进程37640] 访问路径/ 响应耗时1ms
[2021-05-27T04:02:25.672] [INFO] request-info - [工作进程15120] 访问路径/ 响应耗时36ms
[2021-05-27T04:03:53.812] [INFO] request-info - [工作进程41844] 访问路径/ 响应耗时12ms
[2021-05-27T04:05:33.775] [INFO] request-info - [工作进程41844] 访问路径/ 响应耗时18ms
[2021-05-27T04:05:40.443] [INFO] request-info - [工作进程41844] 访问路径/ 响应耗时6ms
[2021-05-27T04:07:22.449] [INFO] request-info - [工作进程34172] 访问路径/abc 响应耗时17ms
[2021-05-27T04:21:47.235] [INFO] request-info - [工作进程21088] 访问路径/abc 响应耗时31ms
[2021-05-27T04:22:37.240] [INFO] request-info - [工作进程24464] 访问路径/abc 响应耗时72ms
[2021-05-27T04:23:45.732] [INFO] request-info - [工作进程42396] 访问路径/abc 响应耗时8ms
[2021-05-27T04:24:36.834] [INFO] request-info - [工作进程32108] 访问路径/abc 响应耗时8ms
[2021-05-27T04:25:02.094] [INFO] request-info - [工作进程41368] 访问路径/abc 响应耗时8ms
[2021-05-27T04:26:33.460] [INFO] request-info - [工作进程41368] 访问路径/abc 响应耗时0ms
[2021-05-27T04:27:19.047] [INFO] request-info - [工作进程6804] 访问路径/abc 响应耗时14ms
[2021-05-27T04:31:32.083] [INFO] request-info - [工作进程6804] 访问路径/abc 响应耗时1ms
[2021-05-27T04:31:37.059] [INFO] request-info - [工作进程6804] 访问路径/abc 响应耗时1ms
[2021-05-27T04:32:08.798] [INFO] request-info - [工作进程6804] 访问路径/abc 响应耗时1ms
[2021-05-27T04:32:13.084] [INFO] request-info - [工作进程6804] 访问路径/abc 响应耗时0ms
[2021-05-27T04:33:30.274] [INFO] request-info - [工作进程31376] 访问路径/abc 响应耗时7ms
[2021-05-27T04:33:39.386] [INFO] request-info - [工作进程31376] 访问路径/favicon.ico 响应耗时2ms
[2021-05-27T04:33:40.709] [INFO] request-info - [工作进程31376] 访问路径/abc 响应耗时2ms
[2021-05-27T04:34:14.498] [INFO] request-info - [工作进程31376] 访问路径/abc 响应耗时1ms
[2021-05-27T04:35:18.996] [INFO] request-info - [工作进程38156] 访问路径/abc 响应耗时8ms
[2021-05-27T04:35:47.329] [INFO] request-info - [工作进程7988] 访问路径/abc 响应耗时8ms
[2021-05-27T04:35:54.124] [INFO] request-info - [工作进程7988] 访问路径/abc 响应耗时1ms
[2021-05-27T04:36:13.578] [INFO] request-info - [工作进程7988] 访问路径/abc 响应耗时2ms
[2021-05-27T04:36:18.951] [INFO] request-info - [工作进程7988] 访问路径/abc 响应耗时1ms
[2021-05-27T04:36:29.568] [INFO] request-info - [工作进程7988] 访问路径/abc 响应耗时1ms
[2021-05-27T04:37:32.539] [INFO] request-info - [工作进程31532] 访问路径/abc 响应耗时7ms
[2021-05-27T04:37:37.167] [INFO] request-info - [工作进程31532] 访问路径/abc 响应耗时2ms
[2021-05-27T04:37:47.677] [INFO] request-info - [工作进程31628] 访问路径/abc 响应耗时8ms
[2021-05-27T04:37:56.924] [INFO] request-info - [工作进程31064] 访问路径/abc 响应耗时8ms
[2021-05-27T04:38:23.224] [INFO] request-info - [工作进程19208] 访问路径/abc 响应耗时7ms
[2021-05-27T04:39:07.390] [INFO] request-info - [工作进程25728] 访问路径/abc 响应耗时7ms
[2021-05-27T04:40:19.881] [INFO] request-info - [工作进程25728] 访问路径/abc 响应耗时37743ms
[2021-05-27T04:40:19.909] [INFO] request-info - [工作进程25728] 访问路径/abc 响应耗时19ms
[2021-05-27T04:40:19.923] [INFO] request-info - [工作进程25728] 访问路径/abc 响应耗时23ms
[2021-05-27T04:40:47.415] [INFO] request-info - [工作进程14652] 访问路径/abc 响应耗时7ms
[2021-05-27T04:40:56.810] [INFO] request-info - [工作进程14652] 访问路径/abc 响应耗时16ms
[2021-05-27T04:41:02.791] [INFO] request-info - [工作进程14652] 访问路径/abc 响应耗时1ms
[2021-05-27T04:41:33.567] [INFO] request-info - [工作进程1116] 访问路径/abc 响应耗时9ms
[2021-05-27T04:43:03.428] [INFO] request-info - [工作进程26256] 访问路径/abc 响应耗时11ms
[2021-05-27T04:43:42.567] [INFO] request-info - [工作进程32844] 访问路径/abc 响应耗时12ms
[2021-05-27T04:44:12.356] [INFO] request-info - [工作进程27208] 访问路径/abc 响应耗时25ms
[2021-05-27T04:44:30.706] [INFO] request-info - [工作进程23112] 访问路径/abc 响应耗时14ms
[2021-05-27T04:45:13.616] [INFO] request-info - [工作进程10128] 访问路径/abc 响应耗时17ms
[2021-05-27T04:45:54.155] [INFO] request-info - [工作进程10128] 访问路径/abc 响应耗时25ms
[2021-05-27T04:45:58.627] [INFO] request-info - [工作进程10128] 访问路径/abc 响应耗时12ms
[2021-05-27T04:46:56.058] [INFO] request-info - [工作进程40528] 访问路径/abc 响应耗时9ms
[2021-05-27T04:48:01.718] [INFO] request-info - [工作进程38240] 访问路径/abc 响应耗时9ms
[2021-05-27T04:48:01.973] [INFO] request-info - [工作进程38240] 访问路径/abc 响应耗时21ms
[2021-05-27T04:53:11.666] [INFO] request-info - [工作进程38240] 访问路径/abc 响应耗时153174ms
[2021-05-27T04:53:11.673] [INFO] request-info - [工作进程38240] 访问路径/abc 响应耗时4ms
[2021-05-27T04:53:11.696] [INFO] request-info - [工作进程38240] 访问路径/abc 响应耗时22ms
[2021-05-27T04:53:11.711] [INFO] request-info - [工作进程38240] 访问路径/abc 响应耗时8ms
[2021-05-27T04:53:22.980] [INFO] request-info - [工作进程37600] 访问路径/abc 响应耗时10ms
[2021-05-27T04:53:23.231] [INFO] request-info - [工作进程37600] 访问路径/abc 响应耗时18ms
[2021-05-27T04:54:59.239] [INFO] request-info - [工作进程37600] 访问路径/abc 响应耗时13590ms
[2021-05-27T04:54:59.249] [INFO] request-info - [工作进程37600] 访问路径/abc 响应耗时4ms
[2021-05-27T04:54:59.267] [INFO] request-info - [工作进程37600] 访问路径/abc 响应耗时12ms
[2021-05-27T04:55:09.403] [INFO] request-info - [工作进程22504] 访问路径/abc 响应耗时21ms
[2021-05-27T04:55:55.851] [INFO] request-info - [工作进程17920] 访问路径/abc 响应耗时7ms
[2021-05-27T04:55:56.133] [INFO] request-info - [工作进程17920] 访问路径/abc 响应耗时19ms
[2021-05-27T04:57:59.976] [INFO] request-info - [工作进程17920] 访问路径/abc 响应耗时19ms
[2021-05-27T04:58:06.192] [INFO] request-info - [工作进程17920] 访问路径/abc 响应耗时1ms
[2021-05-27T04:58:45.754] [INFO] request-info - [工作进程9688] 访问路径/abc 响应耗时8ms
[2021-05-27T05:03:52.012] [INFO] request-info - [工作进程37968] 访问路径/abc 响应耗时8ms
[2021-05-27T05:03:59.972] [INFO] request-info - [工作进程37968] 访问路径/abc 响应耗时14ms
[2021-05-27T05:04:09.137] [INFO] request-info - [工作进程37968] 访问路径/abc 响应耗时1ms
[2021-05-27T05:04:23.417] [INFO] request-info - [工作进程41392] 访问路径/abc 响应耗时7ms
[2021-05-27T05:04:39.604] [INFO] request-info - [工作进程33880] 访问路径/abc 响应耗时7ms
[2021-05-27T05:04:39.856] [INFO] request-info - [工作进程33880] 访问路径/abc 响应耗时18ms
[2021-05-27T05:06:04.288] [INFO] request-info - [工作进程4252] 访问路径/abc 响应耗时30ms
[2021-05-27T05:06:04.563] [INFO] request-info - [工作进程4252] 访问路径/abc 响应耗时24ms
[2021-05-27T05:06:36.767] [INFO] request-info - [工作进程17920] 访问路径/abc 响应耗时8ms
[2021-05-27T05:06:37.046] [INFO] request-info - [工作进程17920] 访问路径/abc 响应耗时35ms
[2021-05-27T05:08:48.374] [INFO] request-info - [工作进程17920] 访问路径/abc 响应耗时62190ms
[2021-05-27T05:08:48.381] [INFO] request-info - [工作进程17920] 访问路径/abc 响应耗时3ms
[2021-05-27T05:08:48.385] [INFO] request-info - [工作进程17920] 访问路径/abc 响应耗时2ms
[2021-05-27T05:08:48.389] [INFO] request-info - [工作进程17920] 访问路径/abc 响应耗时3ms
[2021-05-27T05:08:48.392] [INFO] request-info - [工作进程17920] 访问路径/abc 响应耗时2ms
[2021-05-27T05:08:48.407] [INFO] request-info - [工作进程17920] 访问路径/abc 响应耗时4ms
[2021-05-27T05:08:59.016] [INFO] request-info - [工作进程31344] 访问路径/abc 响应耗时8ms
[2021-05-27T05:08:59.295] [INFO] request-info - [工作进程31344] 访问路径/abc 响应耗时10ms
[2021-05-27T05:09:22.513] [INFO] request-info - [工作进程31344] 访问路径/abc 响应耗时2ms
[2021-05-27T05:09:22.750] [INFO] request-info - [工作进程31344] 访问路径/abc 响应耗时11ms
[2021-05-27T05:09:46.660] [INFO] request-info - [工作进程38552] 访问路径/abc 响应耗时6ms
[2021-05-27T05:09:46.934] [INFO] request-info - [工作进程38552] 访问路径/abc 响应耗时15ms
[2021-05-27T05:10:11.900] [INFO] request-info - [工作进程38552] 访问路径/abc 响应耗时19ms
[2021-05-27T05:10:11.915] [INFO] request-info - [工作进程38552] 访问路径/abc 响应耗时10ms
[2021-05-27T05:10:17.285] [INFO] request-info - [工作进程38552] 访问路径/abc 响应耗时1ms
[2021-05-27T05:10:17.545] [INFO] request-info - [工作进程38552] 访问路径/abc 响应耗时37ms
[2021-05-27T05:10:23.005] [INFO] request-info - [工作进程38552] 访问路径/abc 响应耗时1ms
[2021-05-27T05:10:23.257] [INFO] request-info - [工作进程38552] 访问路径/abc 响应耗时9ms
[2021-05-27T05:10:53.991] [INFO] request-info - [工作进程29644] 访问路径/abc 响应耗时7ms
[2021-05-27T05:10:54.228] [INFO] request-info - [工作进程29644] 访问路径/abc 响应耗时21ms
[2021-05-27T05:11:49.567] [INFO] request-info - [工作进程23244] 访问路径/abc 响应耗时9ms
[2021-05-27T05:11:49.870] [INFO] request-info - [工作进程23244] 访问路径/abc 响应耗时19ms
[2021-05-27T05:12:04.864] [INFO] request-info - [工作进程38748] 访问路径/abc 响应耗时11ms
[2021-05-27T05:12:05.122] [INFO] request-info - [工作进程38748] 访问路径/abc 响应耗时23ms
[2021-05-27T05:13:35.145] [INFO] request-info - [工作进程36236] 访问路径/abc 响应耗时8ms
[2021-05-27T05:13:35.470] [INFO] request-info - [工作进程36236] 访问路径/abc 响应耗时108ms
[2021-05-27T05:14:31.374] [INFO] request-info - [工作进程11792] 访问路径/abc 响应耗时8ms
[2021-05-27T05:16:38.626] [INFO] request-info - [工作进程37436] 访问路径/abc 响应耗时22ms
[2021-05-27T05:16:38.896] [INFO] request-info - [工作进程37436] 访问路径/abc 响应耗时20ms
[2021-05-27T05:18:00.560] [INFO] request-info - [工作进程37436] 访问路径/abc 响应耗时37ms
[2021-05-27T05:18:00.604] [INFO] request-info - [工作进程37436] 访问路径/abc 响应耗时33ms
[2021-05-27T05:18:04.777] [INFO] request-info - [工作进程37436] 访问路径/abc 响应耗时5ms
[2021-05-27T05:18:32.765] [INFO] request-info - [工作进程6700] 访问路径/abc 响应耗时20ms
[2021-05-27T05:18:33.167] [INFO] request-info - [工作进程6700] 访问路径/abc 响应耗时20ms
[2021-05-27T05:18:59.014] [INFO] request-info - [工作进程6700] 访问路径/abc 响应耗时2ms
[2021-05-27T05:18:59.300] [INFO] request-info - [工作进程6700] 访问路径/abc 响应耗时16ms
[2021-05-27T05:19:07.886] [INFO] request-info - [工作进程6700] 访问路径/abc 响应耗时31ms
[2021-05-27T05:19:07.941] [INFO] request-info - [工作进程6700] 访问路径/abc 响应耗时11ms
[2021-05-27T05:19:11.845] [INFO] request-info - [工作进程6700] 访问路径/abc 响应耗时6ms
[2021-05-27T05:19:16.288] [INFO] request-info - [工作进程6700] 访问路径/abc 响应耗时1ms
[2021-05-27T05:19:16.582] [INFO] request-info - [工作进程6700] 访问路径/abc 响应耗时9ms
[2021-05-27T05:19:23.998] [INFO] request-info - [工作进程6700] 访问路径/abc 响应耗时1ms
[2021-05-27T05:19:24.280] [INFO] request-info - [工作进程6700] 访问路径/abc 响应耗时8ms
[2021-05-27T05:23:32.678] [INFO] request-info - [工作进程6700] 访问路径/abc 响应耗时0ms
[2021-05-27T05:23:32.709] [INFO] request-info - [工作进程6700] 访问路径/abc 响应耗时8ms
[2021-05-27T05:23:41.385] [INFO] request-info - [工作进程6700] 访问路径/abc 响应耗时1ms
[2021-05-27T05:23:41.652] [INFO] request-info - [工作进程6700] 访问路径/abc 响应耗时9ms
[2021-05-27T05:24:09.547] [INFO] request-info - [工作进程37460] 访问路径/abc 响应耗时10ms
[2021-05-27T05:24:09.824] [INFO] request-info - [工作进程37460] 访问路径/abc 响应耗时15ms
[2021-05-27T05:25:20.426] [INFO] request-info - [工作进程36056] 访问路径/abc 响应耗时8ms
[2021-05-27T05:25:20.743] [INFO] request-info - [工作进程36056] 访问路径/abc 响应耗时50ms
[2021-05-27T05:26:42.577] [INFO] request-info - [工作进程38108] 访问路径/abc 响应耗时9ms
[2021-05-27T05:26:42.913] [INFO] request-info - [工作进程38108] 访问路径/abc 响应耗时30ms
[2021-05-27T05:26:53.763] [INFO] request-info - [工作进程37880] 访问路径/abc 响应耗时9ms
[2021-05-27T05:26:54.043] [INFO] request-info - [工作进程37880] 访问路径/abc 响应耗时27ms
[2021-05-27T05:27:06.574] [INFO] request-info - [工作进程16296] 访问路径/abc 响应耗时8ms
[2021-05-27T05:27:06.846] [INFO] request-info - [工作进程16296] 访问路径/abc 响应耗时16ms
[2021-05-27T05:30:14.986] [INFO] request-info - [工作进程16296] 访问路径/abc 响应耗时2ms
[2021-05-27T05:30:15.030] [INFO] request-info - [工作进程16296] 访问路径/abc 响应耗时36ms
[2021-05-27T05:30:34.858] [INFO] request-info - [工作进程34556] 访问路径/abc 响应耗时8ms
[2021-05-27T05:30:34.908] [INFO] request-info - [工作进程34556] 访问路径/abc 响应耗时16ms
[2021-05-27T05:44:12.549] [INFO] request-info - [工作进程34556] 访问路径/favicon.ico 响应耗时1ms
[2021-05-27T05:44:16.298] [INFO] request-info - [工作进程34556] 访问路径/ 响应耗时3632ms
[2021-05-27T05:44:20.825] [INFO] request-info - [工作进程4332] 访问路径/favicon.ico 响应耗时5ms
[2021-05-27T05:44:23.420] [INFO] request-info - [工作进程4332] 访问路径/ 响应耗时3ms
[2021-05-27T05:45:29.506] [INFO] request-info - [工作进程42376] 访问路径/ 响应耗时7ms
[2021-05-27T05:45:29.806] [INFO] request-info - [工作进程42376] 访问路径/favicon.ico 响应耗时2ms
[2021-05-27T05:46:26.233] [INFO] request-info - [工作进程36508] 访问路径/ 响应耗时7ms
[2021-05-27T05:46:26.609] [INFO] request-info - [工作进程36508] 访问路径/favicon.ico 响应耗时2ms
[2021-05-27T05:46:36.288] [INFO] request-info - [工作进程34304] 访问路径/ 响应耗时28ms
[2021-05-27T05:46:36.335] [INFO] request-info - [工作进程34304] 访问路径/css/app.ab6ee0a6.css 响应耗时17ms
[2021-05-27T05:46:36.342] [INFO] request-info - [工作进程34304] 访问路径/css/chunk-vendors.c470e980.css 响应耗时6ms
[2021-05-27T05:46:36.355] [INFO] request-info - [工作进程34304] 访问路径/js/app.4bb0c479.js 响应耗时9ms
[2021-05-27T05:46:36.359] [INFO] request-info - [工作进程34304] 访问路径/index.css 响应耗时3ms
[2021-05-27T05:46:36.365] [INFO] request-info - [工作进程34304] 访问路径/js/chunk-vendors.84d4daaa.js 响应耗时4ms
[2021-05-27T05:46:36.584] [INFO] request-info - [工作进程34304] 访问路径/css/chunk-55eab4f6.5fe1af66.css 响应耗时18ms
[2021-05-27T05:46:36.600] [INFO] request-info - [工作进程34304] 访问路径/css/chunk-59512244.1af1836c.css 响应耗时15ms
[2021-05-27T05:46:36.606] [INFO] request-info - [工作进程34304] 访问路径/js/chunk-55eab4f6.75505316.js 响应耗时5ms
[2021-05-27T05:46:36.611] [INFO] request-info - [工作进程34304] 访问路径/css/chunk-5c60a185.9f1c7306.css 响应耗时4ms
[2021-05-27T05:46:36.616] [INFO] request-info - [工作进程34304] 访问路径/css/chunk-a18db406.308bb397.css 响应耗时4ms
[2021-05-27T05:46:36.620] [INFO] request-info - [工作进程34304] 访问路径/js/chunk-59512244.5708bd77.js 响应耗时3ms
[2021-05-27T05:46:36.626] [INFO] request-info - [工作进程34304] 访问路径/js/chunk-5c60a185.3803e3e3.js 响应耗时5ms
[2021-05-27T05:46:36.630] [INFO] request-info - [工作进程34304] 访问路径/js/chunk-a18db406.d994679d.js 响应耗时3ms
[2021-05-27T05:46:37.226] [INFO] request-info - [工作进程34304] 访问路径/hasToken 响应耗时5ms
[2021-05-27T05:46:37.252] [INFO] request-info - [工作进程34304] 访问路径/fonts/element-icons.535877f5.woff 响应耗时1ms
[2021-05-27T05:46:37.464] [INFO] request-info - [工作进程34304] 访问路径/hasToken 响应耗时5ms
[2021-05-27T05:46:37.608] [INFO] request-info - [工作进程34304] 访问路径/favicon.ico 响应耗时1ms
[2021-05-27T05:47:15.432] [INFO] request-info - [工作进程19976] 访问路径/ 响应耗时26ms
[2021-05-27T05:47:15.521] [INFO] request-info - [工作进程19976] 访问路径/css/app.ab6ee0a6.css 响应耗时57ms
[2021-05-27T05:47:15.523] [INFO] request-info - [工作进程19976] 访问路径/css/chunk-vendors.c470e980.css 响应耗时33ms
[2021-05-27T05:47:15.524] [INFO] request-info - [工作进程19976] 访问路径/js/app.4bb0c479.js 响应耗时21ms
[2021-05-27T05:47:15.525] [INFO] request-info - [工作进程19976] 访问路径/js/chunk-vendors.84d4daaa.js 响应耗时19ms
[2021-05-27T05:47:15.526] [INFO] request-info - [工作进程19976] 访问路径/index.css 响应耗时13ms
[2021-05-27T05:47:15.884] [INFO] request-info - [工作进程19976] 访问路径/css/chunk-55eab4f6.5fe1af66.css 响应耗时42ms
[2021-05-27T05:47:15.885] [INFO] request-info - [工作进程19976] 访问路径/css/chunk-59512244.1af1836c.css 响应耗时40ms
[2021-05-27T05:47:15.887] [INFO] request-info - [工作进程19976] 访问路径/css/chunk-5c60a185.9f1c7306.css 响应耗时26ms
[2021-05-27T05:47:15.888] [INFO] request-info - [工作进程19976] 访问路径/css/chunk-a18db406.308bb397.css 响应耗时13ms
[2021-05-27T05:47:15.889] [INFO] request-info - [工作进程19976] 访问路径/js/chunk-55eab4f6.75505316.js 响应耗时9ms
[2021-05-27T05:47:15.903] [INFO] request-info - [工作进程19976] 访问路径/js/chunk-59512244.5708bd77.js 响应耗时5ms
[2021-05-27T05:47:15.944] [INFO] request-info - [工作进程19976] 访问路径/js/chunk-5c60a185.3803e3e3.js 响应耗时38ms
[2021-05-27T05:47:15.945] [INFO] request-info - [工作进程19976] 访问路径/js/chunk-a18db406.d994679d.js 响应耗时28ms
[2021-05-27T05:47:16.226] [INFO] request-info - [工作进程19976] 访问路径/css/chunk-59512244.1af1836c.css 响应耗时14ms
[2021-05-27T05:47:16.227] [INFO] request-info - [工作进程19976] 访问路径/js/chunk-59512244.5708bd77.js 响应耗时14ms
[2021-05-27T05:47:16.227] [INFO] request-info - [工作进程19976] 访问路径/css/chunk-a18db406.308bb397.css 响应耗时10ms
[2021-05-27T05:47:16.228] [INFO] request-info - [工作进程19976] 访问路径/js/chunk-a18db406.d994679d.js 响应耗时8ms
[2021-05-27T05:47:16.249] [INFO] request-info - [工作进程19976] 访问路径/fonts/element-icons.535877f5.woff 响应耗时2ms
[2021-05-27T05:47:16.349] [INFO] request-info - [工作进程19976] 访问路径/hasToken 响应耗时4ms
[2021-05-27T05:47:16.466] [INFO] request-info - [工作进程19976] 访问路径/favicon.ico 响应耗时1ms
[2021-05-27T05:47:24.147] [INFO] request-info - [工作进程40040] 访问路径/ 响应耗时25ms
[2021-05-27T05:47:24.186] [INFO] request-info - [工作进程40040] 访问路径/css/app.ab6ee0a6.css 响应耗时2ms
[2021-05-27T05:47:24.188] [INFO] request-info - [工作进程40040] 访问路径/css/chunk-vendors.c470e980.css 响应耗时1ms
[2021-05-27T05:47:24.191] [INFO] request-info - [工作进程40040] 访问路径/js/app.4bb0c479.js 响应耗时2ms
[2021-05-27T05:47:24.193] [INFO] request-info - [工作进程40040] 访问路径/index.css 响应耗时1ms
[2021-05-27T05:47:24.194] [INFO] request-info - [工作进程40040] 访问路径/js/chunk-vendors.84d4daaa.js 响应耗时1ms
[2021-05-27T05:47:24.454] [INFO] request-info - [工作进程40040] 访问路径/css/chunk-55eab4f6.5fe1af66.css 响应耗时1ms
[2021-05-27T05:47:24.456] [INFO] request-info - [工作进程40040] 访问路径/css/chunk-59512244.1af1836c.css 响应耗时1ms
[2021-05-27T05:47:24.458] [INFO] request-info - [工作进程40040] 访问路径/css/chunk-5c60a185.9f1c7306.css 响应耗时1ms
[2021-05-27T05:47:24.459] [INFO] request-info - [工作进程40040] 访问路径/js/chunk-55eab4f6.75505316.js 响应耗时1ms
[2021-05-27T05:47:24.461] [INFO] request-info - [工作进程40040] 访问路径/css/chunk-a18db406.308bb397.css 响应耗时1ms
[2021-05-27T05:47:24.467] [INFO] request-info - [工作进程40040] 访问路径/js/chunk-5c60a185.3803e3e3.js 响应耗时1ms
[2021-05-27T05:47:24.469] [INFO] request-info - [工作进程40040] 访问路径/js/chunk-59512244.5708bd77.js 响应耗时1ms
[2021-05-27T05:47:24.470] [INFO] request-info - [工作进程40040] 访问路径/js/chunk-a18db406.d994679d.js 响应耗时1ms
[2021-05-27T05:47:24.757] [INFO] request-info - [工作进程40040] 访问路径/fonts/element-icons.535877f5.woff 响应耗时1ms
[2021-05-27T05:47:24.871] [INFO] request-info - [工作进程40040] 访问路径/hasToken 响应耗时8ms
[2021-05-27T05:47:25.003] [INFO] request-info - [工作进程40040] 访问路径/favicon.ico 响应耗时1ms
[2021-05-27T05:47:26.051] [INFO] request-info - [工作进程40040] 访问路径/ 响应耗时8ms
[2021-05-27T05:47:26.095] [INFO] request-info - [工作进程40040] 访问路径/css/app.ab6ee0a6.css 响应耗时1ms
[2021-05-27T05:47:26.097] [INFO] request-info - [工作进程40040] 访问路径/css/chunk-vendors.c470e980.css 响应耗时1ms
[2021-05-27T05:47:26.105] [INFO] request-info - [工作进程40040] 访问路径/js/app.4bb0c479.js 响应耗时8ms
[2021-05-27T05:47:26.108] [INFO] request-info - [工作进程40040] 访问路径/js/chunk-vendors.84d4daaa.js 响应耗时2ms
[2021-05-27T05:47:26.130] [INFO] request-info - [工作进程40040] 访问路径/index.css 响应耗时20ms
[2021-05-27T05:47:26.362] [INFO] request-info - [工作进程40040] 访问路径/css/chunk-55eab4f6.5fe1af66.css 响应耗时1ms
[2021-05-27T05:47:26.366] [INFO] request-info - [工作进程40040] 访问路径/css/chunk-59512244.1af1836c.css 响应耗时1ms
[2021-05-27T05:47:26.370] [INFO] request-info - [工作进程40040] 访问路径/css/chunk-5c60a185.9f1c7306.css 响应耗时0ms
[2021-05-27T05:47:26.379] [INFO] request-info - [工作进程40040] 访问路径/js/chunk-55eab4f6.75505316.js 响应耗时0ms
[2021-05-27T05:47:26.381] [INFO] request-info - [工作进程40040] 访问路径/css/chunk-a18db406.308bb397.css 响应耗时1ms
[2021-05-27T05:47:26.382] [INFO] request-info - [工作进程40040] 访问路径/js/chunk-5c60a185.3803e3e3.js 响应耗时1ms
[2021-05-27T05:47:26.383] [INFO] request-info - [工作进程40040] 访问路径/js/chunk-59512244.5708bd77.js 响应耗时0ms
[2021-05-27T05:47:26.385] [INFO] request-info - [工作进程40040] 访问路径/js/chunk-a18db406.d994679d.js 响应耗时0ms
[2021-05-27T05:47:26.681] [INFO] request-info - [工作进程40040] 访问路径/fonts/element-icons.535877f5.woff 响应耗时0ms
[2021-05-27T05:47:26.805] [INFO] request-info - [工作进程40040] 访问路径/hasToken 响应耗时1ms
[2021-05-27T05:47:26.937] [INFO] request-info - [工作进程40040] 访问路径/favicon.ico 响应耗时1ms
[2021-05-27T05:47:27.603] [INFO] request-info - [工作进程40040] 访问路径/ 响应耗时2ms
[2021-05-27T05:47:27.634] [INFO] request-info - [工作进程40040] 访问路径/css/app.ab6ee0a6.css 响应耗时1ms
[2021-05-27T05:47:27.635] [INFO] request-info - [工作进程40040] 访问路径/css/chunk-vendors.c470e980.css 响应耗时1ms
[2021-05-27T05:47:27.636] [INFO] request-info - [工作进程40040] 访问路径/js/app.4bb0c479.js 响应耗时0ms
[2021-05-27T05:47:27.637] [INFO] request-info - [工作进程40040] 访问路径/js/chunk-vendors.84d4daaa.js 响应耗时0ms
[2021-05-27T05:47:27.643] [INFO] request-info - [工作进程40040] 访问路径/index.css 响应耗时1ms
[2021-05-27T05:47:27.866] [INFO] request-info - [工作进程40040] 访问路径/css/chunk-55eab4f6.5fe1af66.css 响应耗时1ms
[2021-05-27T05:47:27.868] [INFO] request-info - [工作进程40040] 访问路径/css/chunk-59512244.1af1836c.css 响应耗时1ms
[2021-05-27T05:47:27.877] [INFO] request-info - [工作进程40040] 访问路径/css/chunk-5c60a185.9f1c7306.css 响应耗时0ms
[2021-05-27T05:47:27.879] [INFO] request-info - [工作进程40040] 访问路径/js/chunk-55eab4f6.75505316.js 响应耗时1ms
[2021-05-27T05:47:27.880] [INFO] request-info - [工作进程40040] 访问路径/js/chunk-5c60a185.3803e3e3.js 响应耗时1ms
[2021-05-27T05:47:27.881] [INFO] request-info - [工作进程40040] 访问路径/css/chunk-a18db406.308bb397.css 响应耗时0ms
[2021-05-27T05:47:27.883] [INFO] request-info - [工作进程40040] 访问路径/js/chunk-59512244.5708bd77.js 响应耗时1ms
[2021-05-27T05:47:27.884] [INFO] request-info - [工作进程40040] 访问路径/js/chunk-a18db406.d994679d.js 响应耗时0ms
[2021-05-27T05:47:28.125] [INFO] request-info - [工作进程40040] 访问路径/fonts/element-icons.535877f5.woff 响应耗时1ms
[2021-05-27T05:47:28.236] [INFO] request-info - [工作进程40040] 访问路径/hasToken 响应耗时2ms
[2021-05-27T05:47:28.351] [INFO] request-info - [工作进程40040] 访问路径/favicon.ico 响应耗时1ms
[2021-05-27T05:47:29.422] [INFO] request-info - [工作进程40040] 访问路径/ 响应耗时2ms
[2021-05-27T05:47:29.478] [INFO] request-info - [工作进程40040] 访问路径/css/app.ab6ee0a6.css 响应耗时22ms
[2021-05-27T05:47:29.479] [INFO] request-info - [工作进程40040] 访问路径/css/chunk-vendors.c470e980.css 响应耗时16ms
[2021-05-27T05:47:29.479] [INFO] request-info - [工作进程40040] 访问路径/js/app.4bb0c479.js 响应耗时14ms
[2021-05-27T05:47:29.480] [INFO] request-info - [工作进程40040] 访问路径/js/chunk-vendors.84d4daaa.js 响应耗时13ms
[2021-05-27T05:47:29.480] [INFO] request-info - [工作进程40040] 访问路径/index.css 响应耗时10ms
[2021-05-27T05:47:29.729] [INFO] request-info - [工作进程40040] 访问路径/css/chunk-55eab4f6.5fe1af66.css 响应耗时3ms
[2021-05-27T05:47:29.730] [INFO] request-info - [工作进程40040] 访问路径/css/chunk-59512244.1af1836c.css 响应耗时3ms
[2021-05-27T05:47:29.733] [INFO] request-info - [工作进程40040] 访问路径/css/chunk-5c60a185.9f1c7306.css 响应耗时4ms
[2021-05-27T05:47:29.734] [INFO] request-info - [工作进程40040] 访问路径/css/chunk-a18db406.308bb397.css 响应耗时2ms
[2021-05-27T05:47:29.738] [INFO] request-info - [工作进程40040] 访问路径/js/chunk-55eab4f6.75505316.js 响应耗时2ms
[2021-05-27T05:47:29.740] [INFO] request-info - [工作进程40040] 访问路径/js/chunk-59512244.5708bd77.js 响应耗时3ms
[2021-05-27T05:47:29.745] [INFO] request-info - [工作进程40040] 访问路径/js/chunk-5c60a185.3803e3e3.js 响应耗时2ms
[2021-05-27T05:47:29.747] [INFO] request-info - [工作进程40040] 访问路径/js/chunk-a18db406.d994679d.js 响应耗时2ms
[2021-05-27T05:47:30.059] [INFO] request-info - [工作进程40040] 访问路径/css/chunk-59512244.1af1836c.css 响应耗时4ms
[2021-05-27T05:47:30.059] [INFO] request-info - [工作进程40040] 访问路径/js/chunk-59512244.5708bd77.js 响应耗时3ms
[2021-05-27T05:47:30.060] [INFO] request-info - [工作进程40040] 访问路径/css/chunk-a18db406.308bb397.css 响应耗时3ms
[2021-05-27T05:47:30.060] [INFO] request-info - [工作进程40040] 访问路径/js/chunk-a18db406.d994679d.js 响应耗时2ms
[2021-05-27T05:47:30.086] [INFO] request-info - [工作进程40040] 访问路径/fonts/element-icons.535877f5.woff 响应耗时1ms
[2021-05-27T05:47:30.287] [INFO] request-info - [工作进程40040] 访问路径/hasToken 响应耗时2ms
[2021-05-27T05:47:30.422] [INFO] request-info - [工作进程40040] 访问路径/favicon.ico 响应耗时1ms
[2021-05-27T05:47:37.252] [INFO] request-info - [工作进程40040] 访问路径/hasToken 响应耗时3ms
[2021-05-27T05:47:37.262] [INFO] request-info - [工作进程40040] 访问路径/verifyCode 响应耗时11ms
[2021-05-27T05:47:38.135] [INFO] request-info - [工作进程40040] 访问路径/getUsers 响应耗时38ms
[2021-05-27T05:47:38.584] [INFO] request-info - [工作进程40040] 访问路径/hasToken 响应耗时9ms
[2021-05-27T05:47:38.628] [INFO] request-info - [工作进程40040] 访问路径/hasToken 响应耗时1ms
[2021-05-27T05:47:39.061] [INFO] request-info - [工作进程40040] 访问路径/getUsers 响应耗时12ms
[2021-05-27T05:47:39.655] [INFO] request-info - [工作进程40040] 访问路径/hasToken 响应耗时1ms
[2021-05-27T05:47:39.705] [INFO] request-info - [工作进程40040] 访问路径/hasToken 响应耗时1ms
[2021-05-27T05:47:40.490] [INFO] request-info - [工作进程40040] 访问路径/getUsers 响应耗时3ms
[2021-05-27T05:47:43.066] [INFO] request-info - [工作进程40040] 访问路径/index.css 响应耗时1ms
[2021-05-27T05:47:43.073] [INFO] request-info - [工作进程40040] 访问路径/css/chunk-vendors.c470e980.css 响应耗时1ms
[2021-05-27T05:47:43.074] [INFO] request-info - [工作进程40040] 访问路径/css/app.ab6ee0a6.css 响应耗时1ms
[2021-05-27T05:47:43.075] [INFO] request-info - [工作进程40040] 访问路径/css/chunk-a18db406.308bb397.css 响应耗时1ms
[2021-05-27T05:47:43.076] [INFO] request-info - [工作进程40040] 访问路径/css/chunk-59512244.1af1836c.css 响应耗时0ms
[2021-05-27T05:47:43.078] [INFO] request-info - [工作进程40040] 访问路径/css/chunk-55eab4f6.5fe1af66.css 响应耗时1ms
[2021-05-27T05:47:43.079] [INFO] request-info - [工作进程40040] 访问路径/css/chunk-5c60a185.9f1c7306.css 响应耗时1ms
[2021-05-27T05:47:49.952] [INFO] request-info - [工作进程40040] 访问路径/hasToken 响应耗时10ms
[2021-05-27T05:47:50.017] [INFO] request-info - [工作进程40040] 访问路径/hasToken 响应耗时4ms
[2021-05-27T05:47:55.724] [INFO] request-info - [工作进程40040] 访问路径/queryUserName 响应耗时14ms
[2021-05-27T05:48:00.542] [INFO] request-info - [工作进程40040] 访问路径/login 响应耗时32ms
[2021-05-27T05:48:00.556] [INFO] request-info - [工作进程40040] 访问路径/hasToken 响应耗时2ms
[2021-05-27T05:48:01.911] [INFO] request-info - [工作进程40040] 访问路径/logout 响应耗时1ms
[2021-05-27T05:48:01.934] [INFO] request-info - [工作进程40040] 访问路径/hasToken 响应耗时1ms
[2021-05-27T05:53:29.682] [INFO] request-info - [工作进程40040] 访问路径/getUsers 响应耗时4ms
[2021-05-27T05:53:30.234] [INFO] request-info - [工作进程40040] 访问路径/hasToken 响应耗时1ms
[2021-05-27T05:53:30.265] [INFO] request-info - [工作进程40040] 访问路径/hasToken 响应耗时1ms
[2021-05-27T05:53:30.776] [INFO] request-info - [工作进程40040] 访问路径/getUsers 响应耗时4ms
[2021-05-27T05:53:31.238] [INFO] request-info - [工作进程40040] 访问路径/hasToken 响应耗时3ms
[2021-05-27T05:53:31.280] [INFO] request-info - [工作进程40040] 访问路径/hasToken 响应耗时2ms
[2021-05-27T05:53:31.693] [INFO] request-info - [工作进程40040] 访问路径/getUsers 响应耗时6ms
[2021-05-27T05:53:32.135] [INFO] request-info - [工作进程40040] 访问路径/hasToken 响应耗时11ms
[2021-05-27T05:53:32.161] [INFO] request-info - [工作进程40040] 访问路径/hasToken 响应耗时1ms
[2021-05-27T05:53:32.558] [INFO] request-info - [工作进程40040] 访问路径/getUsers 响应耗时6ms
[2021-05-27T05:53:32.981] [INFO] request-info - [工作进程40040] 访问路径/hasToken 响应耗时3ms
[2021-05-27T05:53:33.004] [INFO] request-info - [工作进程40040] 访问路径/hasToken 响应耗时1ms
[2021-05-27T05:53:33.464] [INFO] request-info - [工作进程40040] 访问路径/getUsers 响应耗时4ms
[2021-05-27T05:53:33.932] [INFO] request-info - [工作进程40040] 访问路径/hasToken 响应耗时4ms
[2021-05-27T05:53:33.981] [INFO] request-info - [工作进程40040] 访问路径/hasToken 响应耗时1ms
[2021-05-27T06:14:13.856] [INFO] request-info - [工作进程6884] 访问路径/ 响应耗时30ms
[2021-05-27T06:14:14.170] [INFO] request-info - [工作进程6884] 访问路径/css/app.ab6ee0a6.css 响应耗时2ms
[2021-05-27T06:14:14.172] [INFO] request-info - [工作进程6884] 访问路径/css/chunk-vendors.c470e980.css 响应耗时1ms
[2021-05-27T06:14:14.175] [INFO] request-info - [工作进程6884] 访问路径/js/app.4bb0c479.js 响应耗时1ms
[2021-05-27T06:14:14.177] [INFO] request-info - [工作进程6884] 访问路径/js/chunk-vendors.84d4daaa.js 响应耗时1ms
[2021-05-27T06:14:14.183] [INFO] request-info - [工作进程6884] 访问路径/index.css 响应耗时1ms
[2021-05-27T06:14:14.317] [INFO] request-info - [工作进程6884] 访问路径/css/chunk-55eab4f6.5fe1af66.css 响应耗时1ms
[2021-05-27T06:14:14.319] [INFO] request-info - [工作进程6884] 访问路径/css/chunk-59512244.1af1836c.css 响应耗时1ms
[2021-05-27T06:14:14.325] [INFO] request-info - [工作进程6884] 访问路径/css/chunk-5c60a185.9f1c7306.css 响应耗时1ms
[2021-05-27T06:14:14.327] [INFO] request-info - [工作进程6884] 访问路径/css/chunk-a18db406.308bb397.css 响应耗时1ms
[2021-05-27T06:14:14.328] [INFO] request-info - [工作进程6884] 访问路径/js/chunk-55eab4f6.75505316.js 响应耗时1ms
[2021-05-27T06:14:14.330] [INFO] request-info - [工作进程6884] 访问路径/js/chunk-59512244.5708bd77.js 响应耗时1ms
[2021-05-27T06:14:14.332] [INFO] request-info - [工作进程6884] 访问路径/js/chunk-5c60a185.3803e3e3.js 响应耗时1ms
[2021-05-27T06:14:14.334] [INFO] request-info - [工作进程6884] 访问路径/js/chunk-a18db406.d994679d.js 响应耗时1ms
[2021-05-27T06:14:14.565] [INFO] request-info - [工作进程6884] 访问路径/hasToken 响应耗时2ms
[2021-05-27T06:14:14.574] [INFO] request-info - [工作进程6884] 访问路径/fonts/element-icons.535877f5.woff 响应耗时1ms
[2021-05-27T06:14:14.765] [INFO] request-info - [工作进程6884] 访问路径/hasToken 响应耗时1ms
[2021-05-27T06:14:14.811] [INFO] request-info - [工作进程6884] 访问路径/favicon.ico 响应耗时1ms
[2021-05-27T06:14:32.989] [INFO] request-info - [工作进程6884] 访问路径/favicon.ico 响应耗时1ms
[2021-05-27T06:14:36.777] [INFO] request-info - [工作进程6884] 访问路径/abc/cba 响应耗时2ms
[2021-05-27T06:15:55.403] [INFO] request-info - [工作进程41836] 访问路径/abc/cba 响应耗时12ms
[2021-05-27T06:15:55.657] [INFO] request-info - [工作进程41836] 访问路径/favicon.ico 响应耗时2ms
[2021-05-27T06:16:06.362] [INFO] request-info - [工作进程41836] 访问路径/def/fed 响应耗时4ms
[2021-05-27T06:16:18.671] [INFO] request-info - [工作进程41836] 访问路径/def/fed 响应耗时1ms
[2021-05-27T06:18:51.144] [INFO] request-info - [工作进程7012] 访问路径/def/fed 响应耗时16ms
[2021-05-27T06:18:52.509] [INFO] request-info - [工作进程7012] 访问路径/def/fed 响应耗时11ms
[2021-05-27T06:18:54.376] [INFO] request-info - [工作进程7012] 访问路径/def/fed 响应耗时1ms
[2021-05-27T06:18:55.630] [INFO] request-info - [工作进程7012] 访问路径/def/fed 响应耗时1ms
[2021-05-27T06:18:56.678] [INFO] request-info - [工作进程7012] 访问路径/def/fed 响应耗时1ms
[2021-05-27T06:18:57.940] [INFO] request-info - [工作进程7012] 访问路径/def/fed 响应耗时3ms
[2021-05-27T06:19:24.570] [INFO] request-info - [工作进程41396] 访问路径/def/fed 响应耗时16ms
[2021-05-27T06:19:26.353] [INFO] request-info - [工作进程41396] 访问路径/def/fed 响应耗时3ms
[2021-05-27T06:19:28.848] [INFO] request-info - [工作进程41396] 访问路径/favicon.ico 响应耗时1ms
[2021-05-27T06:19:31.905] [INFO] request-info - [工作进程41396] 访问路径/abc/cba 响应耗时2ms
[2021-05-27T06:20:06.492] [INFO] request-info - [工作进程41396] 访问路径/abc/cba 响应耗时4ms
[2021-05-27T06:20:06.755] [INFO] request-info - [工作进程41396] 访问路径/favicon.ico 响应耗时1ms
[2021-05-27T06:20:14.763] [INFO] request-info - [工作进程41396] 访问路径/def/fed 响应耗时2ms
[2021-05-27T06:20:20.668] [INFO] request-info - [工作进程41396] 访问路径/def/fed 响应耗时16ms
[2021-05-27T06:22:46.517] [INFO] request-info - [工作进程7080] 访问路径/router/child 响应耗时23ms
[2021-05-27T06:22:59.572] [INFO] request-info - [工作进程7080] 访问路径/router/child/sun 响应耗时8ms
[2021-05-27T06:24:10.231] [INFO] request-info - [工作进程30728] 访问路径/abc/cba 响应耗时26ms
[2021-05-27T06:24:18.075] [INFO] request-info - [工作进程30728] 访问路径/abc/def/fed 响应耗时5ms
[2021-05-27T06:25:25.852] [INFO] request-info - [工作进程41232] 访问路径/abc/def/fed 响应耗时13ms
[2021-05-27T06:25:27.733] [INFO] request-info - [工作进程41232] 访问路径/abc/def/fed 响应耗时4ms
[2021-05-27T06:25:29.463] [INFO] request-info - [工作进程41232] 访问路径/abc/def/fed 响应耗时5ms
[2021-05-27T06:25:30.718] [INFO] request-info - [工作进程41232] 访问路径/abc/def/fed 响应耗时4ms
[2021-05-27T06:25:35.492] [INFO] request-info - [工作进程41232] 访问路径/favicon.ico 响应耗时1ms
[2021-05-27T06:25:36.473] [INFO] request-info - [工作进程41232] 访问路径/abc/cba 响应耗时2ms
[2021-05-27T06:27:45.907] [INFO] request-info - [工作进程20612] 访问路径/abc/def/fed 响应耗时24ms
[2021-05-27T06:27:50.347] [INFO] request-info - [工作进程20612] 访问路径/abc/cba 响应耗时16ms
[2021-05-27T06:44:28.775] [INFO] request-info - [工作进程35968] 访问路径/ 响应耗时28ms
[2021-05-27T06:44:28.815] [INFO] request-info - [工作进程35968] 访问路径/css/app.ab6ee0a6.css 响应耗时2ms
[2021-05-27T06:44:28.818] [INFO] request-info - [工作进程35968] 访问路径/css/chunk-vendors.c470e980.css 响应耗时1ms
[2021-05-27T06:44:28.819] [INFO] request-info - [工作进程35968] 访问路径/js/app.4bb0c479.js 响应耗时1ms
[2021-05-27T06:44:28.821] [INFO] request-info - [工作进程35968] 访问路径/js/chunk-vendors.84d4daaa.js 响应耗时1ms
[2021-05-27T06:44:28.822] [INFO] request-info - [工作进程35968] 访问路径/index.css 响应耗时1ms
[2021-05-27T06:44:29.075] [INFO] request-info - [工作进程35968] 访问路径/css/chunk-55eab4f6.5fe1af66.css 响应耗时1ms
[2021-05-27T06:44:29.081] [INFO] request-info - [工作进程35968] 访问路径/css/chunk-59512244.1af1836c.css 响应耗时1ms
[2021-05-27T06:44:29.084] [INFO] request-info - [工作进程35968] 访问路径/css/chunk-5c60a185.9f1c7306.css 响应耗时2ms
[2021-05-27T06:44:29.086] [INFO] request-info - [工作进程35968] 访问路径/js/chunk-55eab4f6.75505316.js 响应耗时1ms
[2021-05-27T06:44:29.088] [INFO] request-info - [工作进程35968] 访问路径/css/chunk-a18db406.308bb397.css 响应耗时1ms
[2021-05-27T06:44:29.090] [INFO] request-info - [工作进程35968] 访问路径/js/chunk-59512244.5708bd77.js 响应耗时1ms
[2021-05-27T06:44:29.094] [INFO] request-info - [工作进程35968] 访问路径/js/chunk-5c60a185.3803e3e3.js 响应耗时1ms
[2021-05-27T06:44:29.096] [INFO] request-info - [工作进程35968] 访问路径/js/chunk-a18db406.d994679d.js 响应耗时0ms
[2021-05-27T06:44:29.411] [INFO] request-info - [工作进程35968] 访问路径/hasToken 响应耗时3ms
[2021-05-27T06:44:29.422] [INFO] request-info - [工作进程35968] 访问路径/fonts/element-icons.535877f5.woff 响应耗时1ms
[2021-05-27T06:44:29.694] [INFO] request-info - [工作进程35968] 访问路径/hasToken 响应耗时2ms
[2021-05-27T06:44:33.365] [INFO] request-info - [工作进程35968] 访问路径/hasToken 响应耗时1ms
[2021-05-27T06:44:33.378] [INFO] request-info - [工作进程35968] 访问路径/verifyCode 响应耗时14ms
[2021-05-27T06:44:33.921] [INFO] request-info - [工作进程35968] 访问路径/hasToken 响应耗时1ms
[2021-05-27T06:44:34.410] [INFO] request-info - [工作进程35968] 访问路径/hasToken 响应耗时2ms
[2021-05-27T06:44:34.421] [INFO] request-info - [工作进程35968] 访问路径/verifyCode 响应耗时10ms
[2021-05-27T06:44:34.802] [INFO] request-info - [工作进程35968] 访问路径/hasToken 响应耗时1ms
[2021-05-27T06:44:35.294] [INFO] request-info - [工作进程35968] 访问路径/hasToken 响应耗时2ms
[2021-05-27T06:44:35.299] [INFO] request-info - [工作进程35968] 访问路径/verifyCode 响应耗时6ms
[2021-05-27T06:44:35.749] [INFO] request-info - [工作进程35968] 访问路径/hasToken 响应耗时1ms
[2021-05-27T06:44:36.342] [INFO] request-info - [工作进程35968] 访问路径/hasToken 响应耗时2ms
[2021-05-27T06:44:36.349] [INFO] request-info - [工作进程35968] 访问路径/verifyCode 响应耗时8ms
[2021-05-27T06:44:37.052] [INFO] request-info - [工作进程35968] 访问路径/hasToken 响应耗时8ms
[2021-05-27T06:44:38.781] [INFO] request-info - [工作进程35968] 访问路径/hasToken 响应耗时2ms
[2021-05-27T06:44:38.791] [INFO] request-info - [工作进程35968] 访问路径/verifyCode 响应耗时11ms
[2021-05-27T06:44:39.575] [INFO] request-info - [工作进程35968] 访问路径/hasToken 响应耗时2ms
[2021-05-27T06:44:42.533] [INFO] request-info - [工作进程35968] 访问路径/getUsers 响应耗时42ms
[2021-05-27T06:44:44.030] [INFO] request-info - [工作进程35968] 访问路径/hasToken 响应耗时8ms
[2021-05-27T06:44:44.069] [INFO] request-info - [工作进程35968] 访问路径/hasToken 响应耗时2ms
[2021-05-27T06:44:45.347] [INFO] request-info - [工作进程35968] 访问路径/getUsers 响应耗时4ms
[2021-05-27T06:44:51.986] [INFO] request-info - [工作进程35968] 访问路径/favicon.ico 响应耗时0ms
[2021-05-27T06:44:53.969] [INFO] request-info - [工作进程35968] 访问路径/abc 响应耗时1ms
[2021-05-27T06:44:54.017] [INFO] request-info - [工作进程35968] 访问路径/abc 响应耗时4ms
[2021-05-27T06:45:59.300] [INFO] request-info - [工作进程35968] 访问路径/hasToken 响应耗时2ms
[2021-05-27T06:45:59.544] [INFO] request-info - [工作进程35968] 访问路径/hasToken 响应耗时4ms
[2021-05-27T06:46:02.132] [INFO] request-info - [工作进程35968] 访问路径/hasToken 响应耗时1ms
[2021-05-27T06:46:02.136] [INFO] request-info - [工作进程35968] 访问路径/verifyCode 响应耗时5ms
[2021-05-27T06:46:02.949] [INFO] request-info - [工作进程35968] 访问路径/hasToken 响应耗时1ms
[2021-05-27T06:46:04.704] [INFO] request-info - [工作进程35968] 访问路径/hasToken 响应耗时1ms
[2021-05-27T06:46:04.712] [INFO] request-info - [工作进程35968] 访问路径/verifyCode 响应耗时8ms
[2021-05-27T06:46:05.016] [INFO] request-info - [工作进程35968] 访问路径/hasToken 响应耗时1ms
[2021-05-27T06:46:10.026] [INFO] request-info - [工作进程35968] 访问路径/verifyCode 响应耗时5ms
[2021-05-27T06:46:10.027] [INFO] request-info - [工作进程35968] 访问路径/hasToken 响应耗时5ms
[2021-05-27T06:46:10.316] [INFO] request-info - [工作进程35968] 访问路径/hasToken 响应耗时7ms
[2021-05-27T06:46:12.187] [INFO] request-info - [工作进程35968] 访问路径/getUsers 响应耗时4ms
[2021-05-27T06:46:15.845] [INFO] request-info - [工作进程35968] 访问路径/hasToken 响应耗时3ms
[2021-05-27T06:46:16.182] [INFO] request-info - [工作进程35968] 访问路径/hasToken 响应耗时1ms
[2021-05-27T06:47:11.877] [INFO] request-info - [工作进程35968] 访问路径/hasToken 响应耗时1ms
[2021-05-27T06:47:16.041] [INFO] request-info - [工作进程35968] 访问路径/hasToken 响应耗时1ms
[2021-05-27T06:47:16.348] [INFO] request-info - [工作进程35968] 访问路径/verifyCode 响应耗时5ms
[2021-05-27T06:47:17.123] [INFO] request-info - [工作进程35968] 访问路径/hasToken 响应耗时1ms
[2021-05-27T06:47:17.763] [INFO] request-info - [工作进程35968] 访问路径/hasToken 响应耗时2ms
[2021-05-27T06:47:18.070] [INFO] request-info - [工作进程35968] 访问路径/verifyCode 响应耗时3ms
[2021-05-27T06:47:26.481] [INFO] request-info - [工作进程35968] 访问路径/queryUserName 响应耗时6ms
[2021-05-27T06:47:27.696] [INFO] request-info - [工作进程35968] 访问路径/hasToken 响应耗时2ms
[2021-05-27T06:47:30.407] [INFO] request-info - [工作进程35968] 访问路径/queryUserName 响应耗时2ms
[2021-05-27T06:47:36.412] [INFO] request-info - [工作进程35968] 访问路径/hasToken 响应耗时1ms
[2021-05-27T06:47:36.715] [INFO] request-info - [工作进程35968] 访问路径/verifyCode 响应耗时3ms
[2021-05-27T06:47:38.425] [INFO] request-info - [工作进程35968] 访问路径/hasToken 响应耗时1ms
[2021-05-27T06:47:38.720] [INFO] request-info - [工作进程35968] 访问路径/hasToken 响应耗时1ms
[2021-05-27T06:47:39.024] [INFO] request-info - [工作进程35968] 访问路径/verifyCode 响应耗时3ms
[2021-05-27T06:47:39.748] [INFO] request-info - [工作进程35968] 访问路径/hasToken 响应耗时1ms
[2021-05-27T06:47:40.178] [INFO] request-info - [工作进程35968] 访问路径/hasToken 响应耗时2ms
[2021-05-27T06:47:40.480] [INFO] request-info - [工作进程35968] 访问路径/verifyCode 响应耗时2ms
[2021-05-27T06:47:41.716] [INFO] request-info - [工作进程35968] 访问路径/hasToken 响应耗时1ms
[2021-05-27T06:47:42.685] [INFO] request-info - [工作进程35968] 访问路径/hasToken 响应耗时1ms
[2021-05-27T06:47:42.992] [INFO] request-info - [工作进程35968] 访问路径/verifyCode 响应耗时4ms
[2021-05-27T06:49:19.538] [INFO] request-info - [工作进程11952] 访问路径/favicon.ico 响应耗时5ms
[2021-05-27T06:49:19.648] [INFO] request-info - [工作进程11952] 访问路径/ 响应耗时21ms
[2021-05-27T06:49:19.700] [INFO] request-info - [工作进程11952] 访问路径/css/app.ab6ee0a6.css 响应耗时23ms
[2021-05-27T06:49:19.701] [INFO] request-info - [工作进程11952] 访问路径/css/chunk-vendors.c470e980.css 响应耗时21ms
[2021-05-27T06:49:19.702] [INFO] request-info - [工作进程11952] 访问路径/js/app.d4896f68.js 响应耗时20ms
[2021-05-27T06:49:19.702] [INFO] request-info - [工作进程11952] 访问路径/index.css 响应耗时19ms
[2021-05-27T06:49:19.703] [INFO] request-info - [工作进程11952] 访问路径/js/chunk-vendors.84d4daaa.js 响应耗时19ms
[2021-05-27T06:49:19.856] [INFO] request-info - [工作进程11952] 访问路径/css/chunk-1ee418d2.57826dda.css 响应耗时4ms
[2021-05-27T06:49:19.857] [INFO] request-info - [工作进程11952] 访问路径/css/chunk-55eab4f6.5fe1af66.css 响应耗时4ms
[2021-05-27T06:49:19.863] [INFO] request-info - [工作进程11952] 访问路径/css/chunk-59512244.1af1836c.css 响应耗时6ms
[2021-05-27T06:49:19.864] [INFO] request-info - [工作进程11952] 访问路径/css/chunk-602866dd.c05f8b0c.css 响应耗时5ms
[2021-05-27T06:49:19.865] [INFO] request-info - [工作进程11952] 访问路径/js/chunk-1ee418d2.2b8ad55a.js 响应耗时5ms
[2021-05-27T06:49:19.874] [INFO] request-info - [工作进程11952] 访问路径/js/chunk-55eab4f6.75505316.js 响应耗时5ms
[2021-05-27T06:49:19.875] [INFO] request-info - [工作进程11952] 访问路径/js/chunk-59512244.5708bd77.js 响应耗时5ms
[2021-05-27T06:49:19.883] [INFO] request-info - [工作进程11952] 访问路径/js/chunk-602866dd.fb81359c.js 响应耗时5ms
[2021-05-27T06:49:20.118] [INFO] request-info - [工作进程11952] 访问路径/hasToken 响应耗时2ms
[2021-05-27T06:49:20.127] [INFO] request-info - [工作进程11952] 访问路径/fonts/element-icons.535877f5.woff 响应耗时2ms
[2021-05-27T06:49:20.240] [INFO] request-info - [工作进程11952] 访问路径/hasToken 响应耗时1ms
[2021-05-27T06:49:23.083] [INFO] request-info - [工作进程11952] 访问路径/hasToken 响应耗时2ms
[2021-05-27T06:49:23.093] [INFO] request-info - [工作进程11952] 访问路径/verifyCode 响应耗时11ms
[2021-05-27T06:49:24.407] [INFO] request-info - [工作进程11952] 访问路径/hasToken 响应耗时2ms
[2021-05-27T06:49:25.108] [INFO] request-info - [工作进程11952] 访问路径/hasToken 响应耗时2ms
[2021-05-27T06:49:25.117] [INFO] request-info - [工作进程11952] 访问路径/verifyCode 响应耗时9ms
[2021-05-27T06:49:26.002] [INFO] request-info - [工作进程11952] 访问路径/getUsers 响应耗时44ms
[2021-05-27T06:49:39.814] [INFO] request-info - [工作进程11952] 访问路径/hasToken 响应耗时4ms
[2021-05-27T06:49:39.843] [INFO] request-info - [工作进程11952] 访问路径/hasToken 响应耗时2ms
[2021-05-27T06:49:40.440] [INFO] request-info - [工作进程11952] 访问路径/getUsers 响应耗时4ms
[2021-05-27T06:49:40.851] [INFO] request-info - [工作进程11952] 访问路径/hasToken 响应耗时3ms
[2021-05-27T06:49:40.914] [INFO] request-info - [工作进程11952] 访问路径/hasToken 响应耗时1ms
[2021-05-27T06:49:41.358] [INFO] request-info - [工作进程11952] 访问路径/getUsers 响应耗时4ms
[2021-05-27T06:49:41.834] [INFO] request-info - [工作进程11952] 访问路径/hasToken 响应耗时5ms
[2021-05-27T06:49:41.876] [INFO] request-info - [工作进程11952] 访问路径/hasToken 响应耗时2ms
[2021-05-27T06:49:42.306] [INFO] request-info - [工作进程11952] 访问路径/getUsers 响应耗时5ms
[2021-05-27T06:49:42.898] [INFO] request-info - [工作进程11952] 访问路径/hasToken 响应耗时2ms
[2021-05-27T06:49:42.922] [INFO] request-info - [工作进程11952] 访问路径/hasToken 响应耗时2ms
[2021-05-27T06:49:44.099] [INFO] request-info - [工作进程11952] 访问路径/getUsers 响应耗时4ms
[2021-05-27T06:50:08.552] [INFO] request-info - [工作进程11952] 访问路径/queryUserName 响应耗时7ms
[2021-05-27T06:50:13.268] [INFO] request-info - [工作进程11952] 访问路径/queryUserName 响应耗时4ms
[2021-05-27T06:50:16.126] [INFO] request-info - [工作进程11952] 访问路径/create 响应耗时23ms
[2021-05-27T06:50:21.422] [INFO] request-info - [工作进程11952] 访问路径/queryUserName 响应耗时2ms
[2021-05-27T06:50:24.430] [INFO] request-info - [工作进程11952] 访问路径/create 响应耗时9ms
[2021-05-27T06:50:27.033] [INFO] request-info - [工作进程11952] 访问路径/hasToken 响应耗时1ms
[2021-05-27T06:50:27.068] [INFO] request-info - [工作进程11952] 访问路径/hasToken 响应耗时1ms
[2021-05-27T06:50:27.577] [INFO] request-info - [工作进程11952] 访问路径/getUsers 响应耗时4ms
[2021-05-27T06:50:29.181] [INFO] request-info - [工作进程11952] 访问路径/getUsers 响应耗时5ms
[2021-05-27T06:50:30.275] [INFO] request-info - [工作进程11952] 访问路径/getUsers 响应耗时4ms
[2021-05-27T06:50:35.273] [INFO] request-info - [工作进程11952] 访问路径/getUsers 响应耗时4ms
[2021-05-27T06:50:36.145] [INFO] request-info - [工作进程11952] 访问路径/getUsers 响应耗时5ms
[2021-05-27T06:50:37.365] [INFO] request-info - [工作进程11952] 访问路径/getUsers 响应耗时4ms
[2021-05-27T06:50:37.866] [INFO] request-info - [工作进程11952] 访问路径/getUsers 响应耗时5ms
[2021-05-27T06:50:38.597] [INFO] request-info - [工作进程11952] 访问路径/getUsers 响应耗时3ms
[2021-05-27T06:50:39.352] [INFO] request-info - [工作进程11952] 访问路径/getUsers 响应耗时4ms
