[2021-05-24T12:40:22.434] [INFO] app-info - [工作进程16676] 启动
[2021-05-24T12:42:06.403] [INFO] app-info - [工作进程20088] 启动
[2021-05-24T12:43:04.611] [INFO] app-info - [工作进程30168] 启动
[2021-05-24T12:45:18.107] [INFO] app-info - [工作进程39080] 启动
[2021-05-24T12:48:14.364] [INFO] app-info - [工作进程39544] 启动
[2021-05-24T12:48:19.151] [INFO] app-info - [工作进程39312] 启动
[2021-05-24T12:50:04.327] [INFO] app-info - [工作进程24312] 启动
[2021-05-24T12:50:10.718] [INFO] app-info - [工作进程37428] 启动
[2021-05-24T12:50:32.665] [INFO] app-info - [工作进程41860] 启动
[2021-05-24T13:30:57.714] [INFO] app-info - [工作进程31144] 启动
[2021-05-24T13:33:47.373] [INFO] app-info - [工作进程41644] 启动
[2021-05-24T13:34:08.019] [INFO] app-info - [工作进程30524] 启动
[2021-05-24T13:35:02.638] [INFO] app-info - [工作进程39236] 启动
[2021-05-24T13:35:58.928] [INFO] app-info - [工作进程32656] 启动
[2021-05-24T13:37:46.952] [INFO] app-info - [工作进程40656] 启动
[2021-05-24T14:29:14.015] [INFO] app-info - [工作进程42084] 启动
[2021-05-24T15:34:10.586] [INFO] app-info - [工作进程17272] 启动
[2021-05-24T15:34:24.781] [INFO] app-info - [工作进程40120] 启动
[2021-05-24T15:44:20.229] [INFO] app-info - [工作进程13020] 启动
[2021-05-24T15:44:41.439] [INFO] app-info - [工作进程43416] 启动
[2021-05-24T15:46:21.110] [INFO] app-info - [工作进程33024] 启动
[2021-05-24T15:46:24.402] [INFO] app-info - [工作进程31380] 启动
[2021-05-24T15:47:15.397] [INFO] app-info - [工作进程16332] 启动
[2021-05-24T15:48:12.226] [INFO] app-info - [工作进程33528] 启动
[2021-05-24T15:48:18.017] [INFO] app-info - [工作进程31544] 启动
[2021-05-24T15:48:42.905] [INFO] app-info - [工作进程35964] 启动
[2021-05-24T15:48:57.654] [INFO] app-info - [工作进程41048] 启动
[2021-05-24T15:49:26.436] [INFO] app-info - [工作进程43576] 启动
[2021-05-24T15:54:49.500] [INFO] app-info - [工作进程24868] 启动
[2021-05-24T15:54:54.049] [INFO] app-info - [工作进程28580] 启动
[2021-05-24T15:55:02.366] [INFO] app-info - [工作进程23952] 启动
[2021-05-24T15:56:42.936] [INFO] app-info - [工作进程28712] 启动
[2021-05-24T15:56:50.885] [INFO] app-info - [工作进程33640] 启动
[2021-05-24T15:58:39.222] [INFO] app-info - [工作进程41400] 启动
[2021-05-24T15:58:46.364] [INFO] app-info - [工作进程33424] 启动
[2021-05-24T16:32:04.736] [INFO] app-info - [工作进程20224] 启动
[2021-05-24T16:32:09.186] [ERROR] request-error - [工作进程20224] TypeError: Reflect.get called on non-object
    at Object.get (<anonymous>)
    at D:\Users\server-demo\member\node_modules\_yu-server@1.2.1@yu-server\worker\middleware\session\getSession.js:15:20
    at new Promise (<anonymous>)
    at Session.get (D:\Users\server-demo\member\node_modules\_yu-server@1.2.1@yu-server\worker\middleware\session\getSession.js:14:10)
    at D:\Users\server-demo\member\node_modules\_yu-server@1.2.1@yu-server\worker\middleware\setToken.js:5:36
    at dispatch (D:\Users\server-demo\member\node_modules\_koa-compose@4.1.0@koa-compose\index.js:42:32)
    at D:\Users\server-demo\member\node_modules\_yu-server@1.2.1@yu-server\worker\middleware\session.js:24:10
    at dispatch (D:\Users\server-demo\member\node_modules\_koa-compose@4.1.0@koa-compose\index.js:42:32)
    at D:\Users\server-demo\member\node_modules\_yu-server@1.2.1@yu-server\worker\middleware\catchError.js:3:15
    at dispatch (D:\Users\server-demo\member\node_modules\_koa-compose@4.1.0@koa-compose\index.js:42:32)
[2021-05-24T16:32:09.195] [ERROR] request-error - [工作进程20224] TypeError: Reflect.get called on non-object
    at Object.get (<anonymous>)
    at D:\Users\server-demo\member\node_modules\_yu-server@1.2.1@yu-server\worker\middleware\session\getSession.js:15:20
    at new Promise (<anonymous>)
    at Session.get (D:\Users\server-demo\member\node_modules\_yu-server@1.2.1@yu-server\worker\middleware\session\getSession.js:14:10)
    at D:\Users\server-demo\member\node_modules\_yu-server@1.2.1@yu-server\worker\middleware\setToken.js:5:36
    at dispatch (D:\Users\server-demo\member\node_modules\_koa-compose@4.1.0@koa-compose\index.js:42:32)
    at D:\Users\server-demo\member\node_modules\_yu-server@1.2.1@yu-server\worker\middleware\session.js:24:10
    at dispatch (D:\Users\server-demo\member\node_modules\_koa-compose@4.1.0@koa-compose\index.js:42:32)
    at D:\Users\server-demo\member\node_modules\_yu-server@1.2.1@yu-server\worker\middleware\catchError.js:3:15
    at dispatch (D:\Users\server-demo\member\node_modules\_koa-compose@4.1.0@koa-compose\index.js:42:32)
[2021-05-24T16:32:09.197] [ERROR] request-error - [工作进程20224] TypeError: Reflect.get called on non-object
    at Object.get (<anonymous>)
    at D:\Users\server-demo\member\node_modules\_yu-server@1.2.1@yu-server\worker\middleware\session\getSession.js:15:20
    at new Promise (<anonymous>)
    at Session.get (D:\Users\server-demo\member\node_modules\_yu-server@1.2.1@yu-server\worker\middleware\session\getSession.js:14:10)
    at D:\Users\server-demo\member\node_modules\_yu-server@1.2.1@yu-server\worker\middleware\setToken.js:5:36
    at dispatch (D:\Users\server-demo\member\node_modules\_koa-compose@4.1.0@koa-compose\index.js:42:32)
    at D:\Users\server-demo\member\node_modules\_yu-server@1.2.1@yu-server\worker\middleware\session.js:24:10
    at dispatch (D:\Users\server-demo\member\node_modules\_koa-compose@4.1.0@koa-compose\index.js:42:32)
    at D:\Users\server-demo\member\node_modules\_yu-server@1.2.1@yu-server\worker\middleware\catchError.js:3:15
    at dispatch (D:\Users\server-demo\member\node_modules\_koa-compose@4.1.0@koa-compose\index.js:42:32)
[2021-05-24T18:28:28.258] [INFO] app-info - [工作进程41132] 启动
[2021-05-24T18:58:16.133] [INFO] app-info - [工作进程24388] 启动
[2021-05-24T18:59:09.357] [INFO] app-info - [工作进程28480] 启动
[2021-05-24T19:09:45.612] [INFO] app-info - [工作进程25192] 启动
[2021-05-24T19:21:44.076] [INFO] app-info - [工作进程16900] 启动
[2021-05-24T20:09:23.456] [INFO] app-info - [工作进程24208] 启动
[2021-05-24T20:09:39.725] [INFO] app-info - [工作进程37860] 启动
[2021-05-24T20:09:55.632] [INFO] app-info - [工作进程23336] 启动
[2021-05-24T20:11:38.699] [INFO] app-info - [工作进程29604] 启动
[2021-05-24T20:11:55.696] [INFO] app-info - [工作进程33816] 启动
[2021-05-24T20:12:51.925] [INFO] app-info - [工作进程14884] 启动
[2021-05-24T20:13:07.442] [INFO] app-info - [工作进程40564] 启动
[2021-05-24T20:13:17.711] [INFO] app-info - [工作进程39084] 启动
[2021-05-24T21:35:16.133] [INFO] app-info - [工作进程23912] 启动
[2021-05-24T21:35:28.181] [INFO] app-info - [工作进程29832] 启动
[2021-05-24T21:35:45.176] [INFO] app-info - [工作进程9936] 启动
[2021-05-24T21:39:50.646] [INFO] app-info - [工作进程17376] 启动
[2021-05-24T21:39:52.523] [INFO] app-info - [工作进程34720] 启动
[2021-05-24T21:41:50.649] [INFO] app-info - [工作进程35240] 启动
[2021-05-24T21:45:10.381] [INFO] app-info - [工作进程18032] 启动
[2021-05-24T22:33:39.145] [INFO] app-info - [工作进程30752] 启动
[2021-05-24T22:35:04.437] [INFO] app-info - [工作进程8380] 启动
[2021-05-24T22:35:15.111] [INFO] app-info - [工作进程10032] 启动
[2021-05-24T22:36:16.022] [INFO] app-info - [工作进程37624] 启动
[2021-05-24T22:39:40.434] [INFO] app-info - [工作进程42980] 启动
[2021-05-24T22:51:15.451] [INFO] app-info - [工作进程15064] 启动
