[2021-05-26T21:08:35.177] [INFO] request-info - [工作进程20476] 访问路径/hasToken 响应耗时25ms
[2021-05-26T21:08:35.324] [INFO] request-info - [工作进程20476] 访问路径/hasToken 响应耗时3ms
[2021-05-26T21:08:38.563] [INFO] request-info - [工作进程20476] 访问路径/hasToken 响应耗时1ms
[2021-05-26T21:08:39.172] [INFO] request-info - [工作进程20476] 访问路径/getUsers 响应耗时51ms
[2021-05-26T21:08:39.643] [INFO] request-info - [工作进程20476] 访问路径/hasToken 响应耗时6ms
[2021-05-26T21:08:39.993] [INFO] request-info - [工作进程20476] 访问路径/hasToken 响应耗时1ms
[2021-05-26T21:08:40.247] [INFO] request-info - [工作进程20476] 访问路径/getUsers 响应耗时3ms
[2021-05-26T21:08:41.713] [INFO] request-info - [工作进程20476] 访问路径/hasToken 响应耗时5ms
[2021-05-26T21:08:42.054] [INFO] request-info - [工作进程20476] 访问路径/hasToken 响应耗时1ms
[2021-05-26T21:08:52.625] [INFO] request-info - [工作进程20476] 访问路径/getUsers 响应耗时5ms
[2021-05-26T21:08:58.518] [INFO] request-info - [工作进程20476] 访问路径/queryUserName 响应耗时9ms
[2021-05-26T21:09:01.013] [INFO] request-info - [工作进程20476] 访问路径/queryUserName 响应耗时6ms
[2021-05-26T21:09:06.197] [INFO] request-info - [工作进程20476] 访问路径/create 响应耗时35ms
[2021-05-26T21:10:31.245] [INFO] request-info - [工作进程2512] 访问路径/getUsers 响应耗时41ms
[2021-05-26T21:10:37.013] [INFO] request-info - [工作进程2512] 访问路径/queryUserName 响应耗时5ms
[2021-05-26T21:10:41.481] [INFO] request-info - [工作进程2512] 访问路径/queryUserName 响应耗时8ms
[2021-05-26T21:10:42.579] [INFO] request-info - [工作进程2512] 访问路径/create 响应耗时18ms
[2021-05-26T21:11:31.347] [INFO] request-info - [工作进程2512] 访问路径/queryUserName 响应耗时9ms
[2021-05-26T21:11:35.229] [INFO] request-info - [工作进程2512] 访问路径/queryUserName 响应耗时10ms
[2021-05-26T21:11:40.615] [INFO] request-info - [工作进程2512] 访问路径/create 响应耗时14ms
[2021-05-26T21:11:54.817] [INFO] request-info - [工作进程2512] 访问路径/hasToken 响应耗时1ms
[2021-05-26T21:11:55.068] [INFO] request-info - [工作进程2512] 访问路径/hasToken 响应耗时1ms
[2021-05-26T21:11:55.258] [INFO] request-info - [工作进程2512] 访问路径/getUsers 响应耗时4ms
[2021-05-26T21:14:14.233] [INFO] request-info - [工作进程2512] 访问路径/hasToken 响应耗时1ms
[2021-05-26T21:14:14.486] [INFO] request-info - [工作进程2512] 访问路径/hasToken 响应耗时1ms
[2021-05-26T21:14:15.213] [INFO] request-info - [工作进程2512] 访问路径/getUsers 响应耗时4ms
[2021-05-26T21:14:17.706] [INFO] request-info - [工作进程2512] 访问路径/hasToken 响应耗时1ms
[2021-05-26T21:14:17.957] [INFO] request-info - [工作进程2512] 访问路径/hasToken 响应耗时1ms
[2021-05-26T21:14:18.128] [INFO] request-info - [工作进程2512] 访问路径/getUsers 响应耗时3ms
[2021-05-26T21:14:18.913] [INFO] request-info - [工作进程2512] 访问路径/hasToken 响应耗时1ms
[2021-05-26T21:14:19.165] [INFO] request-info - [工作进程2512] 访问路径/hasToken 响应耗时1ms
[2021-05-26T21:14:19.242] [INFO] request-info - [工作进程2512] 访问路径/getUsers 响应耗时3ms
[2021-05-26T21:14:19.560] [INFO] request-info - [工作进程2512] 访问路径/hasToken 响应耗时4ms
[2021-05-26T21:14:19.893] [INFO] request-info - [工作进程2512] 访问路径/hasToken 响应耗时1ms
[2021-05-26T21:14:20.146] [INFO] request-info - [工作进程2512] 访问路径/getUsers 响应耗时3ms
[2021-05-26T21:14:20.552] [INFO] request-info - [工作进程2512] 访问路径/hasToken 响应耗时12ms
[2021-05-26T21:14:20.906] [INFO] request-info - [工作进程2512] 访问路径/hasToken 响应耗时1ms
[2021-05-26T21:14:22.103] [INFO] request-info - [工作进程2512] 访问路径/getUsers 响应耗时4ms
[2021-05-26T21:14:23.023] [INFO] request-info - [工作进程2512] 访问路径/hasToken 响应耗时0ms
[2021-05-26T21:14:23.275] [INFO] request-info - [工作进程2512] 访问路径/hasToken 响应耗时1ms
[2021-05-26T21:14:23.906] [INFO] request-info - [工作进程2512] 访问路径/getUsers 响应耗时7ms
[2021-05-26T21:14:25.468] [INFO] request-info - [工作进程2512] 访问路径/hasToken 响应耗时1ms
[2021-05-26T21:14:25.720] [INFO] request-info - [工作进程2512] 访问路径/hasToken 响应耗时1ms
[2021-05-26T21:14:27.772] [INFO] request-info - [工作进程2512] 访问路径/hasToken 响应耗时2ms
[2021-05-26T21:14:28.085] [INFO] request-info - [工作进程2512] 访问路径/verifyCode 响应耗时10ms
[2021-05-26T21:14:28.631] [INFO] request-info - [工作进程2512] 访问路径/hasToken 响应耗时1ms
[2021-05-26T21:14:28.887] [INFO] request-info - [工作进程2512] 访问路径/hasToken 响应耗时1ms
[2021-05-26T21:14:29.135] [INFO] request-info - [工作进程2512] 访问路径/verifyCode 响应耗时4ms
[2021-05-26T21:14:29.667] [INFO] request-info - [工作进程2512] 访问路径/hasToken 响应耗时3ms
[2021-05-26T21:14:30.597] [INFO] request-info - [工作进程2512] 访问路径/hasToken 响应耗时3ms
[2021-05-26T21:14:30.604] [INFO] request-info - [工作进程2512] 访问路径/verifyCode 响应耗时8ms
[2021-05-26T21:14:31.672] [INFO] request-info - [工作进程2512] 访问路径/getUsers 响应耗时5ms
[2021-05-26T21:14:32.762] [INFO] request-info - [工作进程2512] 访问路径/hasToken 响应耗时1ms
[2021-05-26T21:14:33.020] [INFO] request-info - [工作进程2512] 访问路径/hasToken 响应耗时3ms
[2021-05-26T21:14:34.153] [INFO] request-info - [工作进程2512] 访问路径/getUsers 响应耗时6ms
[2021-05-26T21:14:35.022] [INFO] request-info - [工作进程2512] 访问路径/hasToken 响应耗时1ms
[2021-05-26T21:14:35.271] [INFO] request-info - [工作进程2512] 访问路径/hasToken 响应耗时1ms
[2021-05-26T21:14:36.468] [INFO] request-info - [工作进程2512] 访问路径/hasToken 响应耗时3ms
[2021-05-26T21:14:36.771] [INFO] request-info - [工作进程2512] 访问路径/verifyCode 响应耗时3ms
[2021-05-26T21:14:39.148] [INFO] request-info - [工作进程2512] 访问路径/getUsers 响应耗时3ms
[2021-05-26T21:14:39.778] [INFO] request-info - [工作进程2512] 访问路径/hasToken 响应耗时3ms
[2021-05-26T21:14:40.126] [INFO] request-info - [工作进程2512] 访问路径/hasToken 响应耗时1ms
[2021-05-26T21:14:41.581] [INFO] request-info - [工作进程2512] 访问路径/hasToken 响应耗时4ms
[2021-05-26T21:14:41.886] [INFO] request-info - [工作进程2512] 访问路径/verifyCode 响应耗时5ms
[2021-05-26T21:14:42.526] [INFO] request-info - [工作进程2512] 访问路径/hasToken 响应耗时3ms
[2021-05-26T21:14:43.096] [INFO] request-info - [工作进程2512] 访问路径/hasToken 响应耗时1ms
[2021-05-26T21:14:43.405] [INFO] request-info - [工作进程2512] 访问路径/verifyCode 响应耗时6ms
[2021-05-26T21:14:43.852] [INFO] request-info - [工作进程2512] 访问路径/hasToken 响应耗时1ms
[2021-05-26T21:14:44.104] [INFO] request-info - [工作进程2512] 访问路径/hasToken 响应耗时2ms
[2021-05-26T21:14:44.315] [INFO] request-info - [工作进程2512] 访问路径/verifyCode 响应耗时7ms
[2021-05-26T21:14:44.485] [INFO] request-info - [工作进程2512] 访问路径/hasToken 响应耗时1ms
[2021-05-26T21:14:45.600] [INFO] request-info - [工作进程2512] 访问路径/getUsers 响应耗时3ms
[2021-05-26T21:14:46.749] [INFO] request-info - [工作进程2512] 访问路径/hasToken 响应耗时7ms
[2021-05-26T21:14:47.091] [INFO] request-info - [工作进程2512] 访问路径/hasToken 响应耗时0ms
[2021-05-26T21:14:47.455] [INFO] request-info - [工作进程2512] 访问路径/getUsers 响应耗时4ms
[2021-05-26T21:14:48.258] [INFO] request-info - [工作进程2512] 访问路径/hasToken 响应耗时1ms
[2021-05-26T21:14:48.506] [INFO] request-info - [工作进程2512] 访问路径/hasToken 响应耗时1ms
[2021-05-26T21:14:48.602] [INFO] request-info - [工作进程2512] 访问路径/getUsers 响应耗时4ms
[2021-05-26T21:14:49.778] [INFO] request-info - [工作进程2512] 访问路径/hasToken 响应耗时1ms
[2021-05-26T21:14:50.114] [INFO] request-info - [工作进程2512] 访问路径/hasToken 响应耗时1ms
[2021-05-26T21:14:50.561] [INFO] request-info - [工作进程2512] 访问路径/getUsers 响应耗时10ms
[2021-05-26T21:14:51.363] [INFO] request-info - [工作进程2512] 访问路径/hasToken 响应耗时1ms
[2021-05-26T21:14:51.614] [INFO] request-info - [工作进程2512] 访问路径/hasToken 响应耗时1ms
[2021-05-26T21:14:51.918] [INFO] request-info - [工作进程2512] 访问路径/getUsers 响应耗时6ms
[2021-05-26T21:14:53.194] [INFO] request-info - [工作进程2512] 访问路径/hasToken 响应耗时1ms
[2021-05-26T21:14:53.445] [INFO] request-info - [工作进程2512] 访问路径/hasToken 响应耗时1ms
[2021-05-26T21:14:54.899] [INFO] request-info - [工作进程2512] 访问路径/getUsers 响应耗时7ms
[2021-05-26T21:14:55.756] [INFO] request-info - [工作进程2512] 访问路径/hasToken 响应耗时2ms
[2021-05-26T21:14:56.013] [INFO] request-info - [工作进程2512] 访问路径/hasToken 响应耗时4ms
[2021-05-26T21:14:57.627] [INFO] request-info - [工作进程2512] 访问路径/getUsers 响应耗时5ms
[2021-05-26T21:14:58.758] [INFO] request-info - [工作进程2512] 访问路径/hasToken 响应耗时1ms
[2021-05-26T21:14:59.014] [INFO] request-info - [工作进程2512] 访问路径/hasToken 响应耗时2ms
[2021-05-26T21:15:01.058] [INFO] request-info - [工作进程2512] 访问路径/getUsers 响应耗时4ms
[2021-05-26T21:15:03.209] [INFO] request-info - [工作进程2512] 访问路径/hasToken 响应耗时0ms
[2021-05-26T21:15:03.461] [INFO] request-info - [工作进程2512] 访问路径/hasToken 响应耗时1ms
[2021-05-26T21:15:04.230] [INFO] request-info - [工作进程2512] 访问路径/hasToken 响应耗时1ms
[2021-05-26T21:15:04.540] [INFO] request-info - [工作进程2512] 访问路径/verifyCode 响应耗时8ms
[2021-05-26T21:15:05.145] [INFO] request-info - [工作进程2512] 访问路径/hasToken 响应耗时1ms
[2021-05-26T21:15:05.418] [INFO] request-info - [工作进程2512] 访问路径/hasToken 响应耗时3ms
[2021-05-26T21:15:05.628] [INFO] request-info - [工作进程2512] 访问路径/verifyCode 响应耗时6ms
[2021-05-26T21:15:05.794] [INFO] request-info - [工作进程2512] 访问路径/hasToken 响应耗时1ms
[2021-05-26T21:15:06.587] [INFO] request-info - [工作进程2512] 访问路径/verifyCode 响应耗时9ms
[2021-05-26T21:15:06.591] [INFO] request-info - [工作进程2512] 访问路径/hasToken 响应耗时10ms
[2021-05-26T21:15:07.156] [INFO] request-info - [工作进程2512] 访问路径/getUsers 响应耗时3ms
[2021-05-26T21:15:09.878] [INFO] request-info - [工作进程2512] 访问路径/hasToken 响应耗时1ms
[2021-05-26T21:15:10.128] [INFO] request-info - [工作进程2512] 访问路径/hasToken 响应耗时1ms
[2021-05-26T21:15:10.920] [INFO] request-info - [工作进程2512] 访问路径/getUsers 响应耗时8ms
[2021-05-26T21:15:20.051] [INFO] request-info - [工作进程2512] 访问路径/hasToken 响应耗时18ms
[2021-05-26T21:15:20.104] [INFO] request-info - [工作进程2512] 访问路径/hasToken 响应耗时6ms
[2021-05-26T21:15:20.990] [INFO] request-info - [工作进程2512] 访问路径/getUsers 响应耗时8ms
[2021-05-26T21:15:21.284] [INFO] request-info - [工作进程2512] 访问路径/hasToken 响应耗时21ms
[2021-05-26T21:15:21.636] [INFO] request-info - [工作进程2512] 访问路径/hasToken 响应耗时1ms
[2021-05-26T21:15:21.967] [INFO] request-info - [工作进程2512] 访问路径/getUsers 响应耗时2ms
[2021-05-26T21:15:22.867] [INFO] request-info - [工作进程2512] 访问路径/hasToken 响应耗时1ms
[2021-05-26T21:15:23.120] [INFO] request-info - [工作进程2512] 访问路径/hasToken 响应耗时2ms
[2021-05-26T21:15:23.345] [INFO] request-info - [工作进程2512] 访问路径/getUsers 响应耗时3ms
[2021-05-26T21:15:24.989] [INFO] request-info - [工作进程2512] 访问路径/hasToken 响应耗时2ms
[2021-05-26T21:15:25.239] [INFO] request-info - [工作进程2512] 访问路径/hasToken 响应耗时1ms
[2021-05-26T21:15:26.413] [INFO] request-info - [工作进程2512] 访问路径/getUsers 响应耗时5ms
[2021-05-26T21:15:27.296] [INFO] request-info - [工作进程2512] 访问路径/hasToken 响应耗时4ms
[2021-05-26T21:15:27.552] [INFO] request-info - [工作进程2512] 访问路径/hasToken 响应耗时3ms
[2021-05-26T21:15:31.332] [INFO] request-info - [工作进程2512] 访问路径/getUsers 响应耗时6ms
[2021-05-26T21:18:01.936] [INFO] request-info - [工作进程2512] 访问路径/hasToken 响应耗时1ms
[2021-05-26T21:18:02.199] [INFO] request-info - [工作进程2512] 访问路径/hasToken 响应耗时9ms
[2021-05-26T21:18:02.269] [INFO] request-info - [工作进程2512] 访问路径/getUsers 响应耗时2ms
[2021-05-26T21:18:02.750] [INFO] request-info - [工作进程2512] 访问路径/hasToken 响应耗时2ms
[2021-05-26T21:18:03.090] [INFO] request-info - [工作进程2512] 访问路径/hasToken 响应耗时2ms
[2021-05-26T21:18:04.236] [INFO] request-info - [工作进程2512] 访问路径/getUsers 响应耗时5ms
[2021-05-26T21:18:05.411] [INFO] request-info - [工作进程2512] 访问路径/hasToken 响应耗时3ms
[2021-05-26T21:18:05.667] [INFO] request-info - [工作进程2512] 访问路径/hasToken 响应耗时6ms
[2021-05-26T21:18:06.922] [INFO] request-info - [工作进程2512] 访问路径/getUsers 响应耗时6ms
[2021-05-26T21:18:07.871] [INFO] request-info - [工作进程2512] 访问路径/hasToken 响应耗时2ms
[2021-05-26T21:18:08.133] [INFO] request-info - [工作进程2512] 访问路径/hasToken 响应耗时5ms
[2021-05-26T21:18:09.497] [INFO] request-info - [工作进程2512] 访问路径/getUsers 响应耗时4ms
[2021-05-26T21:18:10.414] [INFO] request-info - [工作进程2512] 访问路径/hasToken 响应耗时3ms
[2021-05-26T21:18:10.671] [INFO] request-info - [工作进程2512] 访问路径/hasToken 响应耗时3ms
[2021-05-26T21:18:11.858] [INFO] request-info - [工作进程2512] 访问路径/getUsers 响应耗时5ms
[2021-05-26T21:18:12.774] [INFO] request-info - [工作进程2512] 访问路径/hasToken 响应耗时2ms
[2021-05-26T21:18:13.019] [INFO] request-info - [工作进程2512] 访问路径/hasToken 响应耗时1ms
[2021-05-26T21:18:13.541] [INFO] request-info - [工作进程2512] 访问路径/getUsers 响应耗时7ms
[2021-05-26T21:18:14.417] [INFO] request-info - [工作进程2512] 访问路径/hasToken 响应耗时1ms
[2021-05-26T21:18:14.683] [INFO] request-info - [工作进程2512] 访问路径/hasToken 响应耗时2ms
[2021-05-26T21:18:15.958] [INFO] request-info - [工作进程2512] 访问路径/getUsers 响应耗时6ms
[2021-05-26T21:18:16.845] [INFO] request-info - [工作进程2512] 访问路径/hasToken 响应耗时2ms
[2021-05-26T21:18:17.093] [INFO] request-info - [工作进程2512] 访问路径/hasToken 响应耗时1ms
[2021-05-26T21:18:17.722] [INFO] request-info - [工作进程2512] 访问路径/getUsers 响应耗时6ms
[2021-05-26T21:18:18.632] [INFO] request-info - [工作进程2512] 访问路径/hasToken 响应耗时1ms
[2021-05-26T21:18:18.885] [INFO] request-info - [工作进程2512] 访问路径/hasToken 响应耗时1ms
[2021-05-26T21:18:19.356] [INFO] request-info - [工作进程2512] 访问路径/getUsers 响应耗时4ms
[2021-05-26T21:18:20.204] [INFO] request-info - [工作进程2512] 访问路径/hasToken 响应耗时1ms
[2021-05-26T21:18:20.455] [INFO] request-info - [工作进程2512] 访问路径/hasToken 响应耗时1ms
[2021-05-26T21:18:49.312] [INFO] request-info - [工作进程2512] 访问路径/hasToken 响应耗时3ms
[2021-05-26T21:18:49.315] [INFO] request-info - [工作进程2512] 访问路径/verifyCode 响应耗时5ms
[2021-05-26T21:18:49.652] [INFO] request-info - [工作进程2512] 访问路径/hasToken 响应耗时5ms
[2021-05-26T21:18:50.560] [INFO] request-info - [工作进程2512] 访问路径/hasToken 响应耗时3ms
[2021-05-26T21:18:50.568] [INFO] request-info - [工作进程2512] 访问路径/verifyCode 响应耗时5ms
[2021-05-26T21:18:51.404] [INFO] request-info - [工作进程2512] 访问路径/hasToken 响应耗时3ms
[2021-05-26T21:18:52.200] [INFO] request-info - [工作进程2512] 访问路径/hasToken 响应耗时3ms
[2021-05-26T21:18:52.203] [INFO] request-info - [工作进程2512] 访问路径/verifyCode 响应耗时3ms
[2021-05-26T21:18:52.695] [INFO] request-info - [工作进程2512] 访问路径/getUsers 响应耗时5ms
[2021-05-26T21:18:53.856] [INFO] request-info - [工作进程2512] 访问路径/hasToken 响应耗时1ms
[2021-05-26T21:18:54.130] [INFO] request-info - [工作进程2512] 访问路径/hasToken 响应耗时10ms
[2021-05-26T21:18:54.548] [INFO] request-info - [工作进程2512] 访问路径/getUsers 响应耗时7ms
[2021-05-26T21:18:55.765] [INFO] request-info - [工作进程2512] 访问路径/hasToken 响应耗时3ms
[2021-05-26T21:18:56.008] [INFO] request-info - [工作进程2512] 访问路径/hasToken 响应耗时1ms
[2021-05-26T21:18:56.221] [INFO] request-info - [工作进程2512] 访问路径/getUsers 响应耗时3ms
[2021-05-26T21:18:57.473] [INFO] request-info - [工作进程2512] 访问路径/hasToken 响应耗时1ms
[2021-05-26T21:18:57.726] [INFO] request-info - [工作进程2512] 访问路径/hasToken 响应耗时1ms
[2021-05-26T21:18:57.798] [INFO] request-info - [工作进程2512] 访问路径/getUsers 响应耗时3ms
[2021-05-26T21:18:59.155] [INFO] request-info - [工作进程2512] 访问路径/hasToken 响应耗时1ms
[2021-05-26T21:18:59.493] [INFO] request-info - [工作进程2512] 访问路径/hasToken 响应耗时1ms
[2021-05-26T21:18:59.982] [INFO] request-info - [工作进程2512] 访问路径/getUsers 响应耗时4ms
[2021-05-26T21:19:01.244] [INFO] request-info - [工作进程2512] 访问路径/hasToken 响应耗时4ms
[2021-05-26T21:19:01.486] [INFO] request-info - [工作进程2512] 访问路径/hasToken 响应耗时4ms
[2021-05-26T21:19:01.833] [INFO] request-info - [工作进程2512] 访问路径/getUsers 响应耗时3ms
[2021-05-26T21:19:03.176] [INFO] request-info - [工作进程2512] 访问路径/hasToken 响应耗时1ms
[2021-05-26T21:19:03.426] [INFO] request-info - [工作进程2512] 访问路径/hasToken 响应耗时1ms
[2021-05-26T21:19:03.502] [INFO] request-info - [工作进程2512] 访问路径/getUsers 响应耗时3ms
[2021-05-26T21:19:04.163] [INFO] request-info - [工作进程2512] 访问路径/hasToken 响应耗时2ms
[2021-05-26T21:19:04.508] [INFO] request-info - [工作进程2512] 访问路径/hasToken 响应耗时1ms
[2021-05-26T21:19:04.761] [INFO] request-info - [工作进程2512] 访问路径/getUsers 响应耗时3ms
[2021-05-26T21:19:05.666] [INFO] request-info - [工作进程2512] 访问路径/hasToken 响应耗时2ms
[2021-05-26T21:19:06.021] [INFO] request-info - [工作进程2512] 访问路径/hasToken 响应耗时2ms
[2021-05-26T21:19:06.289] [INFO] request-info - [工作进程2512] 访问路径/getUsers 响应耗时16ms
[2021-05-26T21:19:06.861] [INFO] request-info - [工作进程2512] 访问路径/hasToken 响应耗时21ms
[2021-05-26T21:19:07.228] [INFO] request-info - [工作进程2512] 访问路径/hasToken 响应耗时3ms
[2021-05-26T21:19:07.661] [INFO] request-info - [工作进程2512] 访问路径/getUsers 响应耗时4ms
[2021-05-26T21:19:09.083] [INFO] request-info - [工作进程2512] 访问路径/hasToken 响应耗时1ms
[2021-05-26T21:19:09.334] [INFO] request-info - [工作进程2512] 访问路径/hasToken 响应耗时2ms
[2021-05-26T21:19:09.414] [INFO] request-info - [工作进程2512] 访问路径/getUsers 响应耗时3ms
[2021-05-26T21:19:10.690] [INFO] request-info - [工作进程2512] 访问路径/hasToken 响应耗时0ms
[2021-05-26T21:19:11.055] [INFO] request-info - [工作进程2512] 访问路径/hasToken 响应耗时3ms
[2021-05-26T21:19:12.572] [INFO] request-info - [工作进程2512] 访问路径/hasToken 响应耗时1ms
[2021-05-26T21:19:12.877] [INFO] request-info - [工作进程2512] 访问路径/verifyCode 响应耗时3ms
[2021-05-26T21:19:14.965] [INFO] request-info - [工作进程2512] 访问路径/hasToken 响应耗时1ms
[2021-05-26T21:19:15.511] [INFO] request-info - [工作进程2512] 访问路径/hasToken 响应耗时0ms
[2021-05-26T21:19:15.811] [INFO] request-info - [工作进程2512] 访问路径/verifyCode 响应耗时2ms
[2021-05-26T21:19:16.303] [INFO] request-info - [工作进程2512] 访问路径/hasToken 响应耗时3ms
[2021-05-26T21:19:16.554] [INFO] request-info - [工作进程2512] 访问路径/hasToken 响应耗时1ms
[2021-05-26T21:19:16.830] [INFO] request-info - [工作进程2512] 访问路径/verifyCode 响应耗时3ms
[2021-05-26T21:19:17.004] [INFO] request-info - [工作进程2512] 访问路径/hasToken 响应耗时1ms
[2021-05-26T21:19:17.802] [INFO] request-info - [工作进程2512] 访问路径/verifyCode 响应耗时6ms
[2021-05-26T21:19:17.805] [INFO] request-info - [工作进程2512] 访问路径/hasToken 响应耗时8ms
[2021-05-26T21:19:18.041] [INFO] request-info - [工作进程2512] 访问路径/hasToken 响应耗时1ms
[2021-05-26T21:19:18.716] [INFO] request-info - [工作进程2512] 访问路径/hasToken 响应耗时2ms
[2021-05-26T21:19:19.023] [INFO] request-info - [工作进程2512] 访问路径/verifyCode 响应耗时5ms
[2021-05-26T21:19:21.224] [INFO] request-info - [工作进程2512] 访问路径/hasToken 响应耗时1ms
[2021-05-26T21:19:22.292] [INFO] request-info - [工作进程2512] 访问路径/getUsers 响应耗时4ms
[2021-05-26T21:19:23.484] [INFO] request-info - [工作进程2512] 访问路径/hasToken 响应耗时1ms
[2021-05-26T21:19:23.741] [INFO] request-info - [工作进程2512] 访问路径/hasToken 响应耗时2ms
[2021-05-26T21:19:23.813] [INFO] request-info - [工作进程2512] 访问路径/getUsers 响应耗时3ms
[2021-05-26T21:19:24.265] [INFO] request-info - [工作进程2512] 访问路径/hasToken 响应耗时12ms
[2021-05-26T21:19:24.608] [INFO] request-info - [工作进程2512] 访问路径/hasToken 响应耗时1ms
[2021-05-26T21:19:24.862] [INFO] request-info - [工作进程2512] 访问路径/getUsers 响应耗时3ms
[2021-05-26T21:19:25.898] [INFO] request-info - [工作进程2512] 访问路径/hasToken 响应耗时1ms
[2021-05-26T21:19:26.253] [INFO] request-info - [工作进程2512] 访问路径/hasToken 响应耗时3ms
[2021-05-26T21:19:27.183] [INFO] request-info - [工作进程2512] 访问路径/getUsers 响应耗时4ms
[2021-05-26T21:19:29.554] [INFO] request-info - [工作进程2512] 访问路径/hasToken 响应耗时1ms
[2021-05-26T21:19:29.806] [INFO] request-info - [工作进程2512] 访问路径/hasToken 响应耗时1ms
[2021-05-26T21:19:30.121] [INFO] request-info - [工作进程2512] 访问路径/getUsers 响应耗时5ms
[2021-05-26T21:19:31.411] [INFO] request-info - [工作进程2512] 访问路径/hasToken 响应耗时1ms
[2021-05-26T21:19:31.675] [INFO] request-info - [工作进程2512] 访问路径/hasToken 响应耗时4ms
[2021-05-26T21:19:32.116] [INFO] request-info - [工作进程2512] 访问路径/getUsers 响应耗时3ms
[2021-05-26T21:19:33.528] [INFO] request-info - [工作进程2512] 访问路径/hasToken 响应耗时1ms
[2021-05-26T21:19:33.783] [INFO] request-info - [工作进程2512] 访问路径/hasToken 响应耗时2ms
[2021-05-26T21:19:34.216] [INFO] request-info - [工作进程2512] 访问路径/getUsers 响应耗时4ms
[2021-05-26T21:19:35.606] [INFO] request-info - [工作进程2512] 访问路径/hasToken 响应耗时5ms
[2021-05-26T21:19:35.842] [INFO] request-info - [工作进程2512] 访问路径/hasToken 响应耗时1ms
[2021-05-26T21:19:36.277] [INFO] request-info - [工作进程2512] 访问路径/getUsers 响应耗时3ms
[2021-05-26T21:19:37.351] [INFO] request-info - [工作进程2512] 访问路径/hasToken 响应耗时1ms
[2021-05-26T21:19:37.601] [INFO] request-info - [工作进程2512] 访问路径/hasToken 响应耗时1ms
[2021-05-26T21:19:38.177] [INFO] request-info - [工作进程2512] 访问路径/getUsers 响应耗时3ms
[2021-05-26T21:19:39.349] [INFO] request-info - [工作进程2512] 访问路径/hasToken 响应耗时2ms
[2021-05-26T21:19:39.601] [INFO] request-info - [工作进程2512] 访问路径/hasToken 响应耗时2ms
[2021-05-26T21:19:39.902] [INFO] request-info - [工作进程2512] 访问路径/getUsers 响应耗时5ms
[2021-05-26T21:19:41.687] [INFO] request-info - [工作进程2512] 访问路径/hasToken 响应耗时1ms
[2021-05-26T21:19:41.938] [INFO] request-info - [工作进程2512] 访问路径/hasToken 响应耗时1ms
[2021-05-26T21:19:42.685] [INFO] request-info - [工作进程2512] 访问路径/getUsers 响应耗时4ms
[2021-05-26T21:19:43.738] [INFO] request-info - [工作进程2512] 访问路径/hasToken 响应耗时1ms
[2021-05-26T21:19:43.988] [INFO] request-info - [工作进程2512] 访问路径/hasToken 响应耗时0ms
[2021-05-26T21:19:44.067] [INFO] request-info - [工作进程2512] 访问路径/getUsers 响应耗时3ms
[2021-05-26T21:19:44.336] [INFO] request-info - [工作进程2512] 访问路径/hasToken 响应耗时1ms
[2021-05-26T21:19:44.669] [INFO] request-info - [工作进程2512] 访问路径/hasToken 响应耗时1ms
[2021-05-26T21:19:44.936] [INFO] request-info - [工作进程2512] 访问路径/getUsers 响应耗时13ms
[2021-05-26T21:19:45.277] [INFO] request-info - [工作进程2512] 访问路径/hasToken 响应耗时13ms
[2021-05-26T21:19:45.630] [INFO] request-info - [工作进程2512] 访问路径/hasToken 响应耗时1ms
[2021-05-26T21:19:45.884] [INFO] request-info - [工作进程2512] 访问路径/getUsers 响应耗时3ms
[2021-05-26T21:19:46.452] [INFO] request-info - [工作进程2512] 访问路径/hasToken 响应耗时18ms
[2021-05-26T21:19:46.804] [INFO] request-info - [工作进程2512] 访问路径/hasToken 响应耗时2ms
[2021-05-26T21:19:48.153] [INFO] request-info - [工作进程2512] 访问路径/getUsers 响应耗时4ms
[2021-05-26T21:19:49.211] [INFO] request-info - [工作进程2512] 访问路径/hasToken 响应耗时1ms
[2021-05-26T21:19:49.463] [INFO] request-info - [工作进程2512] 访问路径/hasToken 响应耗时1ms
[2021-05-26T21:19:52.070] [INFO] request-info - [工作进程2512] 访问路径/getUsers 响应耗时4ms
[2021-05-26T21:19:52.978] [INFO] request-info - [工作进程2512] 访问路径/hasToken 响应耗时3ms
[2021-05-26T21:19:53.221] [INFO] request-info - [工作进程2512] 访问路径/hasToken 响应耗时1ms
[2021-05-26T21:19:53.308] [INFO] request-info - [工作进程2512] 访问路径/getUsers 响应耗时3ms
[2021-05-26T21:20:34.997] [INFO] request-info - [工作进程2512] 访问路径/hasToken 响应耗时1ms
[2021-05-26T21:20:35.247] [INFO] request-info - [工作进程2512] 访问路径/hasToken 响应耗时1ms
[2021-05-26T21:20:36.611] [INFO] request-info - [工作进程2512] 访问路径/hasToken 响应耗时2ms
[2021-05-26T21:20:36.914] [INFO] request-info - [工作进程2512] 访问路径/verifyCode 响应耗时3ms
[2021-05-26T21:20:37.385] [INFO] request-info - [工作进程2512] 访问路径/hasToken 响应耗时1ms
[2021-05-26T21:20:37.634] [INFO] request-info - [工作进程2512] 访问路径/hasToken 响应耗时1ms
[2021-05-26T21:20:37.808] [INFO] request-info - [工作进程2512] 访问路径/verifyCode 响应耗时3ms
[2021-05-26T21:20:37.919] [INFO] request-info - [工作进程2512] 访问路径/hasToken 响应耗时2ms
[2021-05-26T21:20:38.733] [INFO] request-info - [工作进程2512] 访问路径/hasToken 响应耗时5ms
[2021-05-26T21:20:38.739] [INFO] request-info - [工作进程2512] 访问路径/verifyCode 响应耗时8ms
[2021-05-26T21:20:38.971] [INFO] request-info - [工作进程2512] 访问路径/hasToken 响应耗时0ms
[2021-05-26T21:20:39.476] [INFO] request-info - [工作进程2512] 访问路径/hasToken 响应耗时1ms
[2021-05-26T21:20:39.785] [INFO] request-info - [工作进程2512] 访问路径/verifyCode 响应耗时5ms
[2021-05-26T21:20:40.368] [INFO] request-info - [工作进程2512] 访问路径/hasToken 响应耗时0ms
[2021-05-26T22:04:06.447] [INFO] request-info - [工作进程26408] 访问路径/hasToken 响应耗时11ms
[2021-05-26T22:04:06.625] [INFO] request-info - [工作进程26408] 访问路径/abc/cba 响应耗时3ms
[2021-05-26T22:04:19.443] [INFO] request-info - [工作进程26408] 访问路径/abc/cba 响应耗时1ms
[2021-05-26T22:04:19.821] [INFO] request-info - [工作进程26408] 访问路径/hasToken 响应耗时2ms
[2021-05-26T22:04:41.571] [INFO] request-info - [工作进程26408] 访问路径/hasToken 响应耗时2ms
[2021-05-26T22:04:41.795] [INFO] request-info - [工作进程26408] 访问路径/abc/cba 响应耗时2ms
[2021-05-26T22:15:35.621] [INFO] request-info - [工作进程2192] 访问路径/abc/cba 响应耗时16ms
[2021-05-26T22:15:36.087] [INFO] request-info - [工作进程2192] 访问路径/getUsers 响应耗时35ms
[2021-05-26T22:17:20.639] [INFO] request-info - [工作进程2192] 访问路径/hasToken 响应耗时3ms
[2021-05-26T22:17:20.641] [INFO] request-info - [工作进程2192] 访问路径/abc/cba 响应耗时3ms
[2021-05-26T22:17:20.951] [INFO] request-info - [工作进程2192] 访问路径/hasToken 响应耗时1ms
[2021-05-26T22:17:29.354] [INFO] request-info - [工作进程2192] 访问路径/abc/cba 响应耗时1ms
[2021-05-26T22:17:29.720] [INFO] request-info - [工作进程2192] 访问路径/hasToken 响应耗时1ms
[2021-05-26T22:18:18.992] [INFO] request-info - [工作进程2192] 访问路径/hasToken 响应耗时1ms
[2021-05-26T22:18:19.213] [INFO] request-info - [工作进程2192] 访问路径/abc/cba 响应耗时1ms
[2021-05-26T22:18:24.073] [INFO] request-info - [工作进程2192] 访问路径/abc/cba 响应耗时1ms
[2021-05-26T22:18:24.409] [INFO] request-info - [工作进程2192] 访问路径/hasToken 响应耗时2ms
[2021-05-26T22:23:31.382] [INFO] request-info - [工作进程33828] 访问路径/hasToken 响应耗时32ms
[2021-05-26T22:23:31.546] [INFO] request-info - [工作进程33828] 访问路径/child/cba 响应耗时1ms
[2021-05-26T22:23:35.249] [INFO] request-info - [工作进程33828] 访问路径/child/cba 响应耗时0ms
[2021-05-26T22:23:35.602] [INFO] request-info - [工作进程33828] 访问路径/hasToken 响应耗时2ms
[2021-05-26T22:23:42.955] [INFO] request-info - [工作进程33828] 访问路径/hasToken 响应耗时7ms
[2021-05-26T22:23:42.956] [INFO] request-info - [工作进程33828] 访问路径/child/cba 响应耗时4ms
[2021-05-26T22:23:47.135] [INFO] request-info - [工作进程33828] 访问路径/child/cba 响应耗时1ms
[2021-05-26T22:23:47.502] [INFO] request-info - [工作进程33828] 访问路径/hasToken 响应耗时2ms
[2021-05-26T22:24:18.407] [INFO] request-info - [工作进程33828] 访问路径/hasToken 响应耗时2ms
[2021-05-26T22:24:18.623] [INFO] request-info - [工作进程33828] 访问路径/abc/child/cba 响应耗时1ms
[2021-05-26T22:24:24.540] [INFO] request-info - [工作进程33828] 访问路径/abc/child/cba 响应耗时2ms
[2021-05-26T22:24:24.947] [INFO] request-info - [工作进程33828] 访问路径/hasToken 响应耗时2ms
[2021-05-26T22:25:52.168] [INFO] request-info - [工作进程33828] 访问路径/abc/child/cba 响应耗时2ms
[2021-05-26T22:25:52.507] [INFO] request-info - [工作进程33828] 访问路径/hasToken 响应耗时1ms
[2021-05-26T22:28:54.525] [INFO] request-info - [工作进程4136] 访问路径/abc/child/cba 响应耗时11ms
[2021-05-26T22:28:54.899] [INFO] request-info - [工作进程4136] 访问路径/hasToken 响应耗时6ms
[2021-05-26T22:30:01.411] [INFO] request-info - [工作进程1168] 访问路径/abc/child/cba 响应耗时13ms
[2021-05-26T22:30:01.737] [INFO] request-info - [工作进程1168] 访问路径/hasToken 响应耗时4ms
[2021-05-26T22:30:40.844] [INFO] request-info - [工作进程25188] 访问路径/abc/child/cba 响应耗时12ms
[2021-05-26T22:30:41.209] [INFO] request-info - [工作进程25188] 访问路径/hasToken 响应耗时5ms
[2021-05-26T22:31:48.406] [INFO] request-info - [工作进程25564] 访问路径/hasToken 响应耗时17ms
[2021-05-26T22:31:48.458] [INFO] request-info - [工作进程25564] 访问路径/abc/cba 响应耗时4ms
[2021-05-26T22:31:51.097] [INFO] request-info - [工作进程25564] 访问路径/abc/cba 响应耗时2ms
[2021-05-26T22:31:51.494] [INFO] request-info - [工作进程25564] 访问路径/hasToken 响应耗时3ms
[2021-05-26T22:47:19.819] [INFO] request-info - [工作进程23056] 访问路径/abc/cba 响应耗时13ms
[2021-05-26T22:47:20.124] [INFO] request-info - [工作进程23056] 访问路径/hasToken 响应耗时3ms
[2021-05-26T22:47:36.167] [INFO] request-info - [工作进程23056] 访问路径/hasToken 响应耗时2ms
[2021-05-26T22:47:36.359] [INFO] request-info - [工作进程23056] 访问路径/abc/child/cba 响应耗时1ms
[2021-05-26T22:47:41.754] [INFO] request-info - [工作进程23056] 访问路径/abc/child/cba 响应耗时1ms
[2021-05-26T22:47:42.093] [INFO] request-info - [工作进程23056] 访问路径/hasToken 响应耗时1ms
[2021-05-26T22:48:30.997] [INFO] request-info - [工作进程23056] 访问路径/hasToken 响应耗时4ms
[2021-05-26T22:48:31.221] [INFO] request-info - [工作进程23056] 访问路径/child/cba 响应耗时1ms
[2021-05-26T22:48:34.789] [INFO] request-info - [工作进程23056] 访问路径/child/cba 响应耗时1ms
[2021-05-26T22:48:35.098] [INFO] request-info - [工作进程23056] 访问路径/hasToken 响应耗时1ms
[2021-05-26T22:48:42.692] [INFO] request-info - [工作进程23056] 访问路径/hasToken 响应耗时1ms
[2021-05-26T22:48:42.993] [INFO] request-info - [工作进程23056] 访问路径/abc/cba 响应耗时2ms
[2021-05-26T22:48:46.276] [INFO] request-info - [工作进程23056] 访问路径/abc/cba 响应耗时1ms
[2021-05-26T22:48:46.627] [INFO] request-info - [工作进程23056] 访问路径/hasToken 响应耗时1ms
[2021-05-26T22:48:52.848] [INFO] request-info - [工作进程23056] 访问路径/hasToken 响应耗时1ms
[2021-05-26T22:48:53.071] [INFO] request-info - [工作进程23056] 访问路径/abc/child 响应耗时1ms
[2021-05-26T22:48:55.087] [INFO] request-info - [工作进程23056] 访问路径/abc/child 响应耗时1ms
[2021-05-26T22:48:55.529] [INFO] request-info - [工作进程23056] 访问路径/hasToken 响应耗时2ms
