[2021-05-23T10:51:06.607] [INFO] request-info - [工作进程7164] 访问路径/verifyCode 响应耗时18ms
[2021-05-23T10:51:16.382] [INFO] request-info - [工作进程7164] 访问路径/signin 响应耗时36ms
[2021-05-23T10:53:24.027] [INFO] request-info - [工作进程27180] 访问路径/verifyCode 响应耗时17ms
[2021-05-23T10:53:29.228] [INFO] request-info - [工作进程27180] 访问路径/signin 响应耗时25ms
[2021-05-23T10:57:21.102] [INFO] request-info - [工作进程26196] 访问路径/verifyCode 响应耗时23ms
[2021-05-23T10:57:28.108] [INFO] request-info - [工作进程26196] 访问路径/signin 响应耗时55ms
[2021-05-23T10:59:25.182] [INFO] request-info - [工作进程23696] 访问路径/verifyCode 响应耗时24ms
[2021-05-23T10:59:31.344] [INFO] request-info - [工作进程23696] 访问路径/signin 响应耗时40ms
[2021-05-23T11:05:22.194] [INFO] request-info - [工作进程18640] 访问路径/verifyCode 响应耗时18ms
[2021-05-23T11:05:27.437] [INFO] request-info - [工作进程18640] 访问路径/signin 响应耗时43ms
[2021-05-23T11:08:32.227] [INFO] request-info - [工作进程8356] 访问路径/verifyCode 响应耗时16ms
[2021-05-23T11:08:37.338] [INFO] request-info - [工作进程8356] 访问路径/signin 响应耗时25ms
[2021-05-23T11:08:45.752] [INFO] request-info - [工作进程8356] 访问路径/queryUserName 响应耗时22ms
[2021-05-23T11:08:45.832] [INFO] request-info - [工作进程8356] 访问路径/signin 响应耗时2ms
[2021-05-23T11:13:03.787] [INFO] request-info - [工作进程3112] 访问路径/verifyCode 响应耗时5ms
[2021-05-23T11:13:07.572] [INFO] request-info - [工作进程3112] 访问路径/signin 响应耗时1ms
[2021-05-23T11:13:21.180] [INFO] request-info - [工作进程19504] 访问路径/verifyCode 响应耗时14ms
[2021-05-23T11:13:22.915] [INFO] request-info - [工作进程19504] 访问路径/signin 响应耗时18ms
[2021-05-23T11:14:22.530] [INFO] request-info - [工作进程3704] 访问路径/signin 响应耗时23ms
[2021-05-23T11:16:13.052] [INFO] request-info - [工作进程3704] 访问路径/queryUserName 响应耗时30ms
[2021-05-23T11:16:15.606] [INFO] request-info - [工作进程3704] 访问路径/verifyCode 响应耗时6ms
[2021-05-23T11:16:18.168] [INFO] request-info - [工作进程3704] 访问路径/signin 响应耗时2ms
[2021-05-23T11:24:40.493] [INFO] request-info - [工作进程3704] 访问路径/queryUserName 响应耗时6ms
[2021-05-23T11:27:22.669] [INFO] request-info - [工作进程2616] 访问路径/verifyCode 响应耗时19ms
[2021-05-23T11:27:27.493] [INFO] request-info - [工作进程2616] 访问路径/queryUserName 响应耗时25ms
[2021-05-23T11:27:27.906] [INFO] request-info - [工作进程2616] 访问路径/signin 响应耗时25ms
[2021-05-23T11:27:46.607] [INFO] request-info - [工作进程8500] 访问路径/signin 响应耗时37ms
[2021-05-23T12:06:11.207] [INFO] request-info - [工作进程2068] 访问路径/verifyCode 响应耗时21ms
[2021-05-23T12:06:17.268] [INFO] request-info - [工作进程2068] 访问路径/signin 响应耗时17ms
[2021-05-23T12:07:38.106] [INFO] request-info - [工作进程24128] 访问路径/verifyCode 响应耗时8ms
[2021-05-23T12:07:41.678] [INFO] request-info - [工作进程24128] 访问路径/verifyCode 响应耗时17ms
[2021-05-23T12:07:50.816] [INFO] request-info - [工作进程24128] 访问路径/signin 响应耗时19ms
[2021-05-23T12:08:07.657] [INFO] request-info - [工作进程20076] 访问路径/verifyCode 响应耗时26ms
[2021-05-23T12:08:14.876] [INFO] request-info - [工作进程20076] 访问路径/signin 响应耗时17ms
[2021-05-23T12:08:41.130] [INFO] request-info - [工作进程1132] 访问路径/verifyCode 响应耗时16ms
[2021-05-23T12:08:45.892] [INFO] request-info - [工作进程1132] 访问路径/signin 响应耗时19ms
[2021-05-23T12:09:47.260] [INFO] request-info - [工作进程1428] 访问路径/verifyCode 响应耗时13ms
[2021-05-23T12:09:53.515] [INFO] request-info - [工作进程1428] 访问路径/signin 响应耗时18ms
[2021-05-23T12:10:02.514] [INFO] request-info - [工作进程1428] 访问路径/verifyCode 响应耗时8ms
[2021-05-23T12:10:07.149] [INFO] request-info - [工作进程1428] 访问路径/queryUserName 响应耗时27ms
[2021-05-23T12:10:17.107] [INFO] request-info - [工作进程1428] 访问路径/signin 响应耗时4ms
[2021-05-23T12:14:22.516] [INFO] request-info - [工作进程2224] 访问路径/signin 响应耗时35ms
[2021-05-23T12:16:22.024] [INFO] request-info - [工作进程14864] 访问路径/favicon.ico 响应耗时6ms
[2021-05-23T12:16:27.567] [INFO] request-info - [工作进程14864] 访问路径/verifyCode 响应耗时12ms
[2021-05-23T12:16:33.747] [INFO] request-info - [工作进程14864] 访问路径/signin 响应耗时40ms
[2021-05-23T12:17:25.134] [INFO] request-info - [工作进程11328] 访问路径/favicon.ico 响应耗时7ms
[2021-05-23T12:17:29.896] [INFO] request-info - [工作进程11328] 访问路径/verifyCode 响应耗时14ms
[2021-05-23T12:17:34.570] [INFO] request-info - [工作进程11328] 访问路径/signin 响应耗时31ms
[2021-05-23T12:18:45.333] [INFO] request-info - [工作进程13444] 访问路径/verifyCode 响应耗时18ms
[2021-05-23T12:18:52.146] [INFO] request-info - [工作进程13444] 访问路径/signin 响应耗时34ms
[2021-05-23T12:19:29.550] [INFO] request-info - [工作进程10476] 访问路径/verifyCode 响应耗时14ms
[2021-05-23T12:19:40.571] [INFO] request-info - [工作进程10476] 访问路径/signin 响应耗时34ms
[2021-05-23T12:22:37.793] [INFO] request-info - [工作进程10488] 访问路径/verifyCode 响应耗时23ms
[2021-05-23T12:22:42.807] [INFO] request-info - [工作进程10488] 访问路径/signin 响应耗时32ms
[2021-05-23T12:23:29.333] [INFO] request-info - [工作进程11328] 访问路径/verifyCode 响应耗时17ms
[2021-05-23T12:23:34.686] [INFO] request-info - [工作进程11328] 访问路径/signin 响应耗时30ms
[2021-05-23T12:23:56.913] [INFO] request-info - [工作进程13132] 访问路径/verifyCode 响应耗时16ms
[2021-05-23T12:24:05.150] [INFO] request-info - [工作进程13132] 访问路径/signin 响应耗时31ms
[2021-05-23T12:25:08.534] [INFO] request-info - [工作进程16936] 访问路径/verifyCode 响应耗时14ms
[2021-05-23T12:25:14.115] [INFO] request-info - [工作进程16936] 访问路径/signin 响应耗时33ms
[2021-05-23T12:27:01.728] [INFO] request-info - [工作进程16816] 访问路径/verifyCode 响应耗时13ms
[2021-05-23T12:27:08.841] [INFO] request-info - [工作进程16816] 访问路径/signin 响应耗时34ms
[2021-05-23T12:28:50.097] [INFO] request-info - [工作进程20928] 访问路径/verifyCode 响应耗时17ms
[2021-05-23T12:28:51.098] [INFO] request-info - [工作进程20928] 访问路径/signin 响应耗时36ms
[2021-05-23T12:30:18.394] [INFO] request-info - [工作进程25044] 访问路径/verifyCode 响应耗时16ms
[2021-05-23T12:30:20.151] [INFO] request-info - [工作进程25044] 访问路径/signin 响应耗时21ms
[2021-05-23T12:31:07.687] [INFO] request-info - [工作进程7860] 访问路径/signin 响应耗时26ms
[2021-05-23T12:33:29.243] [INFO] request-info - [工作进程19400] 访问路径/signin 响应耗时37ms
[2021-05-23T12:34:06.102] [INFO] request-info - [工作进程25064] 访问路径/signin 响应耗时34ms
[2021-05-23T12:36:17.634] [INFO] request-info - [工作进程22436] 访问路径/signin 响应耗时45ms
[2021-05-23T12:37:31.931] [INFO] request-info - [工作进程17296] 访问路径/signin 响应耗时34ms
[2021-05-23T12:37:45.574] [INFO] request-info - [工作进程25800] 访问路径/verifyCode 响应耗时6ms
[2021-05-23T12:37:52.770] [INFO] request-info - [工作进程25800] 访问路径/verifyCode 响应耗时12ms
[2021-05-23T12:37:56.121] [INFO] request-info - [工作进程25800] 访问路径/signin 响应耗时36ms
[2021-05-23T12:38:19.126] [INFO] request-info - [工作进程12780] 访问路径/verifyCode 响应耗时17ms
[2021-05-23T12:38:21.729] [INFO] request-info - [工作进程12780] 访问路径/signin 响应耗时32ms
[2021-05-23T12:39:29.979] [INFO] request-info - [工作进程19644] 访问路径/verifyCode 响应耗时22ms
[2021-05-23T12:39:31.649] [INFO] request-info - [工作进程19644] 访问路径/signin 响应耗时34ms
[2021-05-23T12:40:47.912] [INFO] request-info - [工作进程12672] 访问路径/verifyCode 响应耗时15ms
[2021-05-23T12:40:48.900] [INFO] request-info - [工作进程12672] 访问路径/signin 响应耗时33ms
[2021-05-23T12:40:55.460] [INFO] request-info - [工作进程12672] 访问路径/signin 响应耗时5ms
[2021-05-23T12:41:00.009] [INFO] request-info - [工作进程12672] 访问路径/signin 响应耗时3ms
[2021-05-23T12:41:43.031] [INFO] request-info - [工作进程5536] 访问路径/signin 响应耗时38ms
[2021-05-23T12:46:52.508] [INFO] request-info - [工作进程23348] 访问路径/verifyCode 响应耗时20ms
[2021-05-23T12:46:54.178] [INFO] request-info - [工作进程23348] 访问路径/signin 响应耗时33ms
[2021-05-23T12:48:55.221] [INFO] request-info - [工作进程25988] 访问路径/verifyCode 响应耗时19ms
[2021-05-23T12:48:57.214] [INFO] request-info - [工作进程25988] 访问路径/signin 响应耗时42ms
[2021-05-23T12:49:16.134] [INFO] request-info - [工作进程1044] 访问路径/signin 响应耗时7ms
[2021-05-23T12:49:16.367] [INFO] request-info - [工作进程1044] 访问路径/signin 响应耗时1ms
[2021-05-23T12:49:16.705] [INFO] request-info - [工作进程1044] 访问路径/signin 响应耗时0ms
[2021-05-23T12:49:17.221] [INFO] request-info - [工作进程1044] 访问路径/signin 响应耗时1ms
[2021-05-23T12:49:17.437] [INFO] request-info - [工作进程1044] 访问路径/signin 响应耗时1ms
[2021-05-23T12:49:17.473] [INFO] request-info - [工作进程1044] 访问路径/signin 响应耗时1ms
[2021-05-23T12:49:23.794] [INFO] request-info - [工作进程1044] 访问路径/signin 响应耗时33ms
[2021-05-23T12:49:24.853] [INFO] request-info - [工作进程1044] 访问路径/signin 响应耗时2ms
[2021-05-23T12:49:25.113] [INFO] request-info - [工作进程1044] 访问路径/signin 响应耗时3ms
[2021-05-23T12:49:25.210] [INFO] request-info - [工作进程1044] 访问路径/signin 响应耗时1ms
[2021-05-23T12:49:25.417] [INFO] request-info - [工作进程1044] 访问路径/signin 响应耗时2ms
[2021-05-23T12:49:25.624] [INFO] request-info - [工作进程1044] 访问路径/signin 响应耗时2ms
[2021-05-23T12:49:25.823] [INFO] request-info - [工作进程1044] 访问路径/signin 响应耗时2ms
[2021-05-23T12:49:26.004] [INFO] request-info - [工作进程1044] 访问路径/signin 响应耗时1ms
[2021-05-23T12:49:26.189] [INFO] request-info - [工作进程1044] 访问路径/signin 响应耗时2ms
[2021-05-23T12:49:26.373] [INFO] request-info - [工作进程1044] 访问路径/signin 响应耗时1ms
[2021-05-23T12:49:26.543] [INFO] request-info - [工作进程1044] 访问路径/signin 响应耗时2ms
[2021-05-23T12:49:26.712] [INFO] request-info - [工作进程1044] 访问路径/signin 响应耗时1ms
[2021-05-23T12:49:26.891] [INFO] request-info - [工作进程1044] 访问路径/signin 响应耗时1ms
[2021-05-23T12:49:30.657] [INFO] request-info - [工作进程1044] 访问路径/signin 响应耗时2ms
[2021-05-23T12:49:31.174] [INFO] request-info - [工作进程1044] 访问路径/signin 响应耗时2ms
[2021-05-23T12:49:31.417] [INFO] request-info - [工作进程1044] 访问路径/signin 响应耗时1ms
[2021-05-23T12:50:09.212] [INFO] request-info - [工作进程1044] 访问路径/queryUserName 响应耗时6ms
[2021-05-23T12:50:09.345] [INFO] request-info - [工作进程1044] 访问路径/signin 响应耗时3ms
[2021-05-23T12:51:10.033] [INFO] request-info - [工作进程8416] 访问路径/queryUserName 响应耗时24ms
[2021-05-23T12:51:22.308] [INFO] request-info - [工作进程8416] 访问路径/signin 响应耗时18ms
[2021-05-23T12:52:24.337] [INFO] request-info - [工作进程3124] 访问路径/verifyCode 响应耗时21ms
[2021-05-23T12:52:29.389] [INFO] request-info - [工作进程3124] 访问路径/signin 响应耗时40ms
[2021-05-23T13:39:55.398] [INFO] request-info - [工作进程5308] 访问路径/queryUserName 响应耗时27ms
[2021-05-23T13:40:06.598] [INFO] request-info - [工作进程5308] 访问路径/signin 响应耗时19ms
[2021-05-23T13:40:40.345] [INFO] request-info - [工作进程5308] 访问路径/verifyCode 响应耗时11ms
[2021-05-23T13:40:47.589] [INFO] request-info - [工作进程5308] 访问路径/verifyCode 响应耗时7ms
[2021-05-23T13:40:49.829] [INFO] request-info - [工作进程5308] 访问路径/queryUserName 响应耗时6ms
[2021-05-23T13:40:57.259] [INFO] request-info - [工作进程5308] 访问路径/login 响应耗时2ms
[2021-05-23T13:41:04.679] [INFO] request-info - [工作进程5308] 访问路径/verifyCode 响应耗时5ms
[2021-05-23T13:41:15.722] [INFO] request-info - [工作进程5308] 访问路径/verifyCode 响应耗时7ms
[2021-05-23T13:41:17.157] [INFO] request-info - [工作进程5308] 访问路径/login 响应耗时2ms
[2021-05-23T13:42:01.727] [INFO] request-info - [工作进程15784] 访问路径/login 响应耗时20ms
[2021-05-23T13:42:40.140] [INFO] request-info - [工作进程20456] 访问路径/login 响应耗时22ms
[2021-05-23T13:43:35.104] [INFO] request-info - [工作进程19548] 访问路径/verifyCode 响应耗时7ms
[2021-05-23T13:43:37.825] [INFO] request-info - [工作进程19548] 访问路径/queryUserName 响应耗时2ms
[2021-05-23T13:43:41.848] [INFO] request-info - [工作进程19548] 访问路径/verifyCode 响应耗时17ms
[2021-05-23T13:43:44.385] [INFO] request-info - [工作进程19548] 访问路径/queryUserName 响应耗时22ms
[2021-05-23T13:43:47.217] [INFO] request-info - [工作进程19548] 访问路径/login 响应耗时19ms
[2021-05-23T13:44:49.317] [INFO] request-info - [工作进程5536] 访问路径/verifyCode 响应耗时15ms
[2021-05-23T13:44:54.730] [INFO] request-info - [工作进程5536] 访问路径/login 响应耗时30ms
[2021-05-23T13:48:31.918] [INFO] request-info - [工作进程14692] 访问路径/queryUserName 响应耗时5ms
[2021-05-23T13:48:40.115] [INFO] request-info - [工作进程14692] 访问路径/login 响应耗时36ms
[2021-05-23T13:55:01.421] [INFO] request-info - [工作进程13876] 访问路径/queryUserName 响应耗时27ms
[2021-05-23T13:55:04.188] [INFO] request-info - [工作进程13876] 访问路径/login 响应耗时21ms
[2021-05-23T14:00:05.845] [INFO] request-info - [工作进程7512] 访问路径/verifyCode 响应耗时21ms
[2021-05-23T14:00:08.307] [INFO] request-info - [工作进程7512] 访问路径/login 响应耗时34ms
[2021-05-23T14:00:52.463] [INFO] request-info - [工作进程15220] 访问路径/login 响应耗时20ms
[2021-05-23T14:01:58.291] [INFO] request-info - [工作进程21660] 访问路径/verifyCode 响应耗时15ms
[2021-05-23T14:01:59.237] [INFO] request-info - [工作进程21660] 访问路径/login 响应耗时20ms
[2021-05-23T14:05:18.624] [INFO] request-info - [工作进程21660] 访问路径/login 响应耗时68856ms
[2021-05-23T14:05:18.639] [INFO] request-info - [工作进程21660] 访问路径/login 响应耗时1ms
[2021-05-23T14:05:18.652] [INFO] request-info - [工作进程21660] 访问路径/login 响应耗时1ms
[2021-05-23T14:05:18.684] [INFO] request-info - [工作进程21660] 访问路径/login 响应耗时9ms
[2021-05-23T14:05:18.698] [INFO] request-info - [工作进程21660] 访问路径/login 响应耗时10ms
[2021-05-23T14:05:18.709] [INFO] request-info - [工作进程21660] 访问路径/login 响应耗时9ms
[2021-05-23T14:05:34.708] [INFO] request-info - [工作进程4264] 访问路径/verifyCode 响应耗时14ms
[2021-05-23T14:05:43.608] [INFO] request-info - [工作进程4264] 访问路径/verifyCode 响应耗时4ms
[2021-05-23T14:05:45.658] [INFO] request-info - [工作进程4264] 访问路径/login 响应耗时41ms
[2021-05-23T14:06:26.169] [INFO] request-info - [工作进程22372] 访问路径/favicon.ico 响应耗时6ms
[2021-05-23T14:06:31.327] [INFO] request-info - [工作进程22372] 访问路径/verifyCode 响应耗时11ms
[2021-05-23T14:06:32.745] [INFO] request-info - [工作进程22372] 访问路径/login 响应耗时35ms
[2021-05-23T14:07:44.435] [INFO] request-info - [工作进程7352] 访问路径/verifyCode 响应耗时21ms
[2021-05-23T14:07:47.130] [INFO] request-info - [工作进程7352] 访问路径/login 响应耗时48ms
[2021-05-23T14:08:22.650] [INFO] request-info - [工作进程20924] 访问路径/verifyCode 响应耗时17ms
[2021-05-23T14:08:24.138] [INFO] request-info - [工作进程20924] 访问路径/login 响应耗时33ms
[2021-05-23T15:06:48.555] [INFO] request-info - [工作进程30144] 访问路径/verifyCode 响应耗时15ms
[2021-05-23T15:06:56.628] [INFO] request-info - [工作进程30144] 访问路径/queryUserName 响应耗时27ms
[2021-05-23T15:07:01.423] [INFO] request-info - [工作进程30144] 访问路径/verifyCode 响应耗时4ms
[2021-05-23T15:07:09.240] [INFO] request-info - [工作进程30144] 访问路径/login 响应耗时18ms
[2021-05-23T15:07:36.574] [INFO] request-info - [工作进程30144] 访问路径/login 响应耗时3ms
[2021-05-23T15:07:36.868] [INFO] request-info - [工作进程30144] 访问路径/login 响应耗时2ms
[2021-05-23T15:08:23.282] [INFO] request-info - [工作进程2792] 访问路径/verifyCode 响应耗时18ms
[2021-05-23T15:08:30.385] [INFO] request-info - [工作进程2792] 访问路径/verifyCode 响应耗时4ms
[2021-05-23T15:08:41.925] [INFO] request-info - [工作进程2792] 访问路径/login 响应耗时29ms
[2021-05-23T15:09:47.454] [INFO] request-info - [工作进程29208] 访问路径/verifyCode 响应耗时9ms
[2021-05-23T15:11:06.464] [INFO] request-info - [工作进程30656] 访问路径/verifyCode 响应耗时45ms
[2021-05-23T15:11:14.507] [INFO] request-info - [工作进程30656] 访问路径/login 响应耗时69ms
[2021-05-23T15:11:52.583] [INFO] request-info - [工作进程19496] 访问路径/verifyCode 响应耗时76ms
[2021-05-23T15:11:59.950] [INFO] request-info - [工作进程19496] 访问路径/login 响应耗时47ms
[2021-05-23T15:12:45.107] [INFO] request-info - [工作进程5544] 访问路径/verifyCode 响应耗时25ms
[2021-05-23T15:12:47.624] [INFO] request-info - [工作进程5544] 访问路径/login 响应耗时46ms
[2021-05-23T15:13:23.880] [INFO] request-info - [工作进程5544] 访问路径/verifyCode 响应耗时5ms
[2021-05-23T15:13:32.022] [INFO] request-info - [工作进程5544] 访问路径/queryUserName 响应耗时24ms
[2021-05-23T15:13:38.217] [INFO] request-info - [工作进程5544] 访问路径/queryUserName 响应耗时4ms
[2021-05-23T15:13:41.502] [INFO] request-info - [工作进程5544] 访问路径/signin 响应耗时2ms
[2021-05-23T15:14:13.019] [INFO] request-info - [工作进程18044] 访问路径/verifyCode 响应耗时68ms
[2021-05-23T15:14:17.198] [INFO] request-info - [工作进程18044] 访问路径/queryUserName 响应耗时49ms
[2021-05-23T15:14:24.748] [INFO] request-info - [工作进程18044] 访问路径/signin 响应耗时91ms
[2021-05-23T15:17:35.794] [INFO] request-info - [工作进程18044] 访问路径/iplookup/iplookup.php 响应耗时2ms
[2021-05-23T15:19:03.461] [INFO] request-info - [工作进程18044] 访问路径/queryUserName 响应耗时16ms
[2021-05-23T15:19:04.188] [INFO] request-info - [工作进程18044] 访问路径/verifyCode 响应耗时8ms
[2021-05-23T15:19:10.306] [INFO] request-info - [工作进程18044] 访问路径/signin 响应耗时3ms
[2021-05-23T15:21:22.310] [INFO] request-info - [工作进程30164] 访问路径/verifyCode 响应耗时29ms
[2021-05-23T15:21:32.139] [INFO] request-info - [工作进程30164] 访问路径/signin 响应耗时47ms
[2021-05-23T15:21:48.190] [INFO] request-info - [工作进程30164] 访问路径/queryUserName 响应耗时9ms
[2021-05-23T15:22:25.566] [INFO] request-info - [工作进程30164] 访问路径/signin 响应耗时22ms
[2021-05-23T17:11:44.493] [INFO] request-info - [工作进程31628] 访问路径/verifyCode 响应耗时7ms
[2021-05-23T17:12:03.475] [INFO] request-info - [工作进程31628] 访问路径/verifyCode 响应耗时1ms
[2021-05-23T17:12:09.906] [INFO] request-info - [工作进程31628] 访问路径/verifyCode 响应耗时20ms
[2021-05-23T17:12:20.130] [INFO] request-info - [工作进程31628] 访问路径/verifyCode 响应耗时20ms
[2021-05-23T17:14:20.726] [INFO] request-info - [工作进程24344] 访问路径/verifyCode 响应耗时8ms
[2021-05-23T17:14:26.675] [INFO] request-info - [工作进程24344] 访问路径/verifyCode 响应耗时27ms
[2021-05-23T17:19:12.823] [INFO] request-info - [工作进程24344] 访问路径/queryUserName 响应耗时35ms
[2021-05-23T17:19:13.180] [INFO] request-info - [工作进程24344] 访问路径/favicon.ico 响应耗时0ms
[2021-05-23T17:19:20.357] [INFO] request-info - [工作进程24344] 访问路径/favicon.ico 响应耗时0ms
[2021-05-23T17:19:22.671] [INFO] request-info - [工作进程24344] 访问路径/favicon.ico 响应耗时0ms
[2021-05-23T17:19:22.725] [INFO] request-info - [工作进程24344] 访问路径/favicon.ico 响应耗时1ms
[2021-05-23T17:19:22.765] [INFO] request-info - [工作进程24344] 访问路径/favicon.ico 响应耗时1ms
[2021-05-23T17:19:22.821] [INFO] request-info - [工作进程24344] 访问路径/favicon.ico 响应耗时1ms
[2021-05-23T17:19:22.854] [INFO] request-info - [工作进程24344] 访问路径/ 响应耗时11ms
[2021-05-23T17:19:22.880] [INFO] request-info - [工作进程24344] 访问路径/js/index.js 响应耗时0ms
[2021-05-23T17:19:23.168] [INFO] request-info - [工作进程24344] 访问路径/favicon.ico 响应耗时0ms
[2021-05-23T17:19:39.025] [INFO] request-info - [工作进程24344] 访问路径/favicon.ico 响应耗时0ms
[2021-05-23T17:19:41.693] [INFO] request-info - [工作进程24344] 访问路径/favicon.ico 响应耗时0ms
[2021-05-23T17:19:41.772] [INFO] request-info - [工作进程24344] 访问路径/favicon.ico 响应耗时0ms
[2021-05-23T17:19:41.823] [INFO] request-info - [工作进程24344] 访问路径/favicon.ico 响应耗时0ms
[2021-05-23T17:19:41.864] [INFO] request-info - [工作进程24344] 访问路径/favicon.ico 响应耗时0ms
[2021-05-23T17:19:42.278] [INFO] request-info - [工作进程24344] 访问路径/favicon.ico 响应耗时0ms
[2021-05-23T17:19:42.333] [INFO] request-info - [工作进程24344] 访问路径/favicon.ico 响应耗时1ms
[2021-05-23T17:19:42.378] [INFO] request-info - [工作进程24344] 访问路径/favicon.ico 响应耗时0ms
[2021-05-23T17:19:42.480] [INFO] request-info - [工作进程24344] 访问路径/favicon.ico 响应耗时0ms
[2021-05-23T17:19:42.547] [INFO] request-info - [工作进程24344] 访问路径/favicon.ico 响应耗时0ms
[2021-05-23T17:19:42.591] [INFO] request-info - [工作进程24344] 访问路径/favicon.ico 响应耗时1ms
[2021-05-23T17:19:42.643] [INFO] request-info - [工作进程24344] 访问路径/favicon.ico 响应耗时0ms
[2021-05-23T17:19:42.699] [INFO] request-info - [工作进程24344] 访问路径/favicon.ico 响应耗时0ms
[2021-05-23T17:19:42.894] [INFO] request-info - [工作进程24344] 访问路径/favicon.ico 响应耗时0ms
[2021-05-23T17:19:42.943] [INFO] request-info - [工作进程24344] 访问路径/favicon.ico 响应耗时0ms
[2021-05-23T17:19:44.547] [INFO] request-info - [工作进程24344] 访问路径/verifyCode 响应耗时10ms
[2021-05-23T17:19:46.872] [INFO] request-info - [工作进程24344] 访问路径/verifyCode 响应耗时8ms
[2021-05-23T17:19:47.686] [INFO] request-info - [工作进程24344] 访问路径/verifyCode 响应耗时5ms
[2021-05-23T17:19:48.648] [INFO] request-info - [工作进程24344] 访问路径/verifyCode 响应耗时48ms
[2021-05-23T17:23:13.043] [INFO] request-info - [工作进程24344] 访问路径/verifyCode 响应耗时3ms
[2021-05-23T17:23:34.433] [INFO] request-info - [工作进程24344] 访问路径/verifyCode 响应耗时9ms
[2021-05-23T17:23:35.205] [INFO] request-info - [工作进程24344] 访问路径/verifyCode 响应耗时7ms
[2021-05-23T17:23:36.282] [INFO] request-info - [工作进程24344] 访问路径/verifyCode 响应耗时13ms
[2021-05-23T17:23:36.762] [INFO] request-info - [工作进程24344] 访问路径/verifyCode 响应耗时4ms
[2021-05-23T17:23:37.864] [INFO] request-info - [工作进程24344] 访问路径/verifyCode 响应耗时4ms
[2021-05-23T17:23:38.758] [INFO] request-info - [工作进程24344] 访问路径/verifyCode 响应耗时3ms
[2021-05-23T17:23:39.898] [INFO] request-info - [工作进程24344] 访问路径/verifyCode 响应耗时7ms
[2021-05-23T18:28:09.058] [INFO] request-info - [工作进程24344] 访问路径/verifyCode 响应耗时14ms
[2021-05-23T18:28:11.170] [INFO] request-info - [工作进程24344] 访问路径/verifyCode 响应耗时10ms
[2021-05-23T18:28:20.140] [INFO] request-info - [工作进程24344] 访问路径/verifyCode 响应耗时10ms
[2021-05-23T18:28:22.466] [INFO] request-info - [工作进程24344] 访问路径/verifyCode 响应耗时6ms
[2021-05-23T18:28:26.222] [INFO] request-info - [工作进程24344] 访问路径/verifyCode 响应耗时9ms
[2021-05-23T18:28:28.099] [INFO] request-info - [工作进程24344] 访问路径/verifyCode 响应耗时8ms
[2021-05-23T18:28:30.771] [INFO] request-info - [工作进程24344] 访问路径/verifyCode 响应耗时9ms
[2021-05-23T18:35:43.447] [INFO] request-info - [工作进程24344] 访问路径/verifyCode 响应耗时5ms
[2021-05-23T18:35:43.689] [INFO] request-info - [工作进程24344] 访问路径/verifyCode 响应耗时8ms
[2021-05-23T18:35:46.119] [INFO] request-info - [工作进程24344] 访问路径/verifyCode 响应耗时8ms
[2021-05-23T18:36:09.233] [INFO] request-info - [工作进程24344] 访问路径/verifyCode 响应耗时4ms
[2021-05-23T18:36:17.093] [INFO] request-info - [工作进程24344] 访问路径/verifyCode 响应耗时14ms
[2021-05-23T18:36:48.443] [INFO] request-info - [工作进程24344] 访问路径/verifyCode 响应耗时5ms
[2021-05-23T18:36:48.716] [INFO] request-info - [工作进程24344] 访问路径/verifyCode 响应耗时21ms
[2021-05-23T18:36:59.218] [INFO] request-info - [工作进程24344] 访问路径/verifyCode 响应耗时15ms
[2021-05-23T19:04:27.615] [INFO] request-info - [工作进程24344] 访问路径/verifyCode 响应耗时8ms
[2021-05-23T19:04:30.064] [INFO] request-info - [工作进程24344] 访问路径/verifyCode 响应耗时7ms
[2021-05-23T19:04:32.193] [INFO] request-info - [工作进程24344] 访问路径/verifyCode 响应耗时17ms
[2021-05-23T19:04:33.399] [INFO] request-info - [工作进程24344] 访问路径/verifyCode 响应耗时4ms
[2021-05-23T19:04:38.529] [INFO] request-info - [工作进程24344] 访问路径/verifyCode 响应耗时13ms
[2021-05-23T19:04:40.855] [INFO] request-info - [工作进程24344] 访问路径/verifyCode 响应耗时5ms
[2021-05-23T19:06:01.287] [INFO] request-info - [工作进程24344] 访问路径/verifyCode 响应耗时3ms
[2021-05-23T19:06:03.479] [INFO] request-info - [工作进程24344] 访问路径/verifyCode 响应耗时5ms
[2021-05-23T19:06:08.411] [INFO] request-info - [工作进程24344] 访问路径/verifyCode 响应耗时2ms
[2021-05-23T19:06:09.653] [INFO] request-info - [工作进程24344] 访问路径/verifyCode 响应耗时7ms
[2021-05-23T19:06:11.221] [INFO] request-info - [工作进程24344] 访问路径/verifyCode 响应耗时18ms
[2021-05-23T19:06:12.444] [INFO] request-info - [工作进程24344] 访问路径/verifyCode 响应耗时13ms
[2021-05-23T19:06:57.154] [INFO] request-info - [工作进程24344] 访问路径/verifyCode 响应耗时6ms
[2021-05-23T19:06:58.878] [INFO] request-info - [工作进程24344] 访问路径/verifyCode 响应耗时4ms
[2021-05-23T19:07:10.590] [INFO] request-info - [工作进程24344] 访问路径/favicon.ico 响应耗时0ms
[2021-05-23T19:07:15.640] [INFO] request-info - [工作进程24344] 访问路径/verifyCode 响应耗时3ms
[2021-05-23T19:07:17.610] [INFO] request-info - [工作进程24344] 访问路径/verifyCode 响应耗时8ms
[2021-05-23T19:07:26.285] [INFO] request-info - [工作进程24344] 访问路径/verifyCode 响应耗时3ms
[2021-05-23T19:07:27.742] [INFO] request-info - [工作进程24344] 访问路径/verifyCode 响应耗时5ms
[2021-05-23T19:07:29.123] [INFO] request-info - [工作进程24344] 访问路径/verifyCode 响应耗时5ms
[2021-05-23T19:07:29.892] [INFO] request-info - [工作进程24344] 访问路径/verifyCode 响应耗时4ms
[2021-05-23T19:07:31.303] [INFO] request-info - [工作进程24344] 访问路径/verifyCode 响应耗时8ms
[2021-05-23T19:10:54.747] [INFO] request-info - [工作进程24344] 访问路径/verifyCode 响应耗时5ms
[2021-05-23T19:11:30.376] [INFO] request-info - [工作进程24344] 访问路径/verifyCode 响应耗时4ms
[2021-05-23T19:11:33.206] [INFO] request-info - [工作进程24344] 访问路径/verifyCode 响应耗时3ms
[2021-05-23T19:11:50.262] [INFO] request-info - [工作进程24344] 访问路径/verifyCode 响应耗时3ms
[2021-05-23T19:11:57.611] [INFO] request-info - [工作进程24344] 访问路径/verifyCode 响应耗时5ms
[2021-05-23T19:12:01.512] [INFO] request-info - [工作进程24344] 访问路径/verifyCode 响应耗时4ms
[2021-05-23T19:12:32.406] [INFO] request-info - [工作进程24344] 访问路径/verifyCode 响应耗时4ms
[2021-05-23T19:12:36.855] [INFO] request-info - [工作进程24344] 访问路径/verifyCode 响应耗时4ms
[2021-05-23T19:13:06.908] [INFO] request-info - [工作进程24344] 访问路径/verifyCode 响应耗时3ms
[2021-05-23T19:13:07.479] [INFO] request-info - [工作进程24344] 访问路径/verifyCode 响应耗时2ms
[2021-05-23T19:13:08.227] [INFO] request-info - [工作进程24344] 访问路径/verifyCode 响应耗时3ms
[2021-05-23T19:13:08.736] [INFO] request-info - [工作进程24344] 访问路径/verifyCode 响应耗时1ms
[2021-05-23T19:13:09.519] [INFO] request-info - [工作进程24344] 访问路径/verifyCode 响应耗时4ms
[2021-05-23T19:13:09.869] [INFO] request-info - [工作进程24344] 访问路径/verifyCode 响应耗时3ms
[2021-05-23T19:13:11.277] [INFO] request-info - [工作进程24344] 访问路径/verifyCode 响应耗时4ms
[2021-05-23T19:13:12.369] [INFO] request-info - [工作进程24344] 访问路径/verifyCode 响应耗时3ms
[2021-05-23T19:13:13.400] [INFO] request-info - [工作进程24344] 访问路径/verifyCode 响应耗时3ms
[2021-05-23T19:19:29.892] [INFO] request-info - [工作进程24344] 访问路径/verifyCode 响应耗时7ms
[2021-05-23T19:19:31.004] [INFO] request-info - [工作进程24344] 访问路径/verifyCode 响应耗时6ms
[2021-05-23T19:19:32.553] [INFO] request-info - [工作进程24344] 访问路径/verifyCode 响应耗时12ms
[2021-05-23T19:24:28.965] [INFO] request-info - [工作进程24344] 访问路径/verifyCode 响应耗时3ms
[2021-05-23T19:25:19.280] [INFO] request-info - [工作进程24344] 访问路径/verifyCode 响应耗时8ms
[2021-05-23T19:26:59.260] [INFO] request-info - [工作进程24344] 访问路径/verifyCode 响应耗时4ms
[2021-05-23T19:27:10.112] [INFO] request-info - [工作进程24344] 访问路径/verifyCode 响应耗时4ms
[2021-05-23T19:27:35.746] [INFO] request-info - [工作进程24344] 访问路径/verifyCode 响应耗时5ms
[2021-05-23T19:27:38.511] [INFO] request-info - [工作进程24344] 访问路径/verifyCode 响应耗时3ms
[2021-05-23T19:27:44.981] [INFO] request-info - [工作进程24344] 访问路径/verifyCode 响应耗时3ms
[2021-05-23T19:27:45.602] [INFO] request-info - [工作进程24344] 访问路径/verifyCode 响应耗时3ms
[2021-05-23T19:27:46.714] [INFO] request-info - [工作进程24344] 访问路径/verifyCode 响应耗时3ms
[2021-05-23T19:27:48.082] [INFO] request-info - [工作进程24344] 访问路径/verifyCode 响应耗时3ms
[2021-05-23T19:27:49.515] [INFO] request-info - [工作进程24344] 访问路径/verifyCode 响应耗时6ms
[2021-05-23T19:27:50.160] [INFO] request-info - [工作进程24344] 访问路径/verifyCode 响应耗时3ms
[2021-05-23T19:27:51.074] [INFO] request-info - [工作进程24344] 访问路径/verifyCode 响应耗时7ms
[2021-05-23T19:27:57.122] [INFO] request-info - [工作进程24344] 访问路径/verifyCode 响应耗时2ms
[2021-05-23T19:27:58.052] [INFO] request-info - [工作进程24344] 访问路径/verifyCode 响应耗时3ms
[2021-05-23T19:27:58.491] [INFO] request-info - [工作进程24344] 访问路径/verifyCode 响应耗时3ms
[2021-05-23T19:27:59.456] [INFO] request-info - [工作进程24344] 访问路径/verifyCode 响应耗时6ms
[2021-05-23T19:28:00.018] [INFO] request-info - [工作进程24344] 访问路径/verifyCode 响应耗时6ms
[2021-05-23T19:28:00.962] [INFO] request-info - [工作进程24344] 访问路径/verifyCode 响应耗时7ms
[2021-05-23T19:28:01.570] [INFO] request-info - [工作进程24344] 访问路径/verifyCode 响应耗时3ms
[2021-05-23T19:28:05.174] [INFO] request-info - [工作进程24344] 访问路径/verifyCode 响应耗时3ms
[2021-05-23T19:30:02.521] [INFO] request-info - [工作进程24344] 访问路径/verifyCode 响应耗时9ms
[2021-05-23T19:30:18.063] [INFO] request-info - [工作进程24344] 访问路径/verifyCode 响应耗时5ms
[2021-05-23T19:30:32.293] [INFO] request-info - [工作进程24344] 访问路径/verifyCode 响应耗时2ms
[2021-05-23T19:30:36.009] [INFO] request-info - [工作进程24344] 访问路径/verifyCode 响应耗时2ms
[2021-05-23T19:30:37.172] [INFO] request-info - [工作进程24344] 访问路径/verifyCode 响应耗时5ms
[2021-05-23T19:30:37.488] [INFO] request-info - [工作进程24344] 访问路径/verifyCode 响应耗时2ms
[2021-05-23T19:30:38.427] [INFO] request-info - [工作进程24344] 访问路径/verifyCode 响应耗时4ms
[2021-05-23T19:30:39.026] [INFO] request-info - [工作进程24344] 访问路径/verifyCode 响应耗时2ms
[2021-05-23T19:30:40.176] [INFO] request-info - [工作进程24344] 访问路径/verifyCode 响应耗时5ms
[2021-05-23T19:30:47.531] [INFO] request-info - [工作进程24344] 访问路径/verifyCode 响应耗时5ms
[2021-05-23T19:30:49.101] [INFO] request-info - [工作进程24344] 访问路径/verifyCode 响应耗时9ms
[2021-05-23T19:30:50.348] [INFO] request-info - [工作进程24344] 访问路径/verifyCode 响应耗时5ms
[2021-05-23T19:31:37.411] [INFO] request-info - [工作进程24344] 访问路径/verifyCode 响应耗时7ms
[2021-05-23T19:31:39.561] [INFO] request-info - [工作进程24344] 访问路径/verifyCode 响应耗时4ms
[2021-05-23T19:31:45.231] [INFO] request-info - [工作进程24344] 访问路径/verifyCode 响应耗时19ms
[2021-05-23T19:31:46.710] [INFO] request-info - [工作进程24344] 访问路径/verifyCode 响应耗时6ms
[2021-05-23T19:31:51.528] [INFO] request-info - [工作进程24344] 访问路径/verifyCode 响应耗时4ms
[2021-05-23T19:31:52.894] [INFO] request-info - [工作进程24344] 访问路径/verifyCode 响应耗时4ms
[2021-05-23T19:31:55.346] [INFO] request-info - [工作进程24344] 访问路径/verifyCode 响应耗时8ms
[2021-05-23T19:31:56.517] [INFO] request-info - [工作进程24344] 访问路径/verifyCode 响应耗时5ms
[2021-05-23T19:33:51.285] [INFO] request-info - [工作进程24344] 访问路径/verifyCode 响应耗时3ms
[2021-05-23T19:33:52.227] [INFO] request-info - [工作进程24344] 访问路径/verifyCode 响应耗时4ms
[2021-05-23T19:33:53.472] [INFO] request-info - [工作进程24344] 访问路径/verifyCode 响应耗时4ms
[2021-05-23T19:33:54.210] [INFO] request-info - [工作进程24344] 访问路径/verifyCode 响应耗时2ms
[2021-05-23T19:33:55.247] [INFO] request-info - [工作进程24344] 访问路径/verifyCode 响应耗时4ms
[2021-05-23T19:33:56.036] [INFO] request-info - [工作进程24344] 访问路径/verifyCode 响应耗时3ms
[2021-05-23T19:34:02.456] [INFO] request-info - [工作进程24344] 访问路径/verifyCode 响应耗时5ms
[2021-05-23T19:34:03.245] [INFO] request-info - [工作进程24344] 访问路径/verifyCode 响应耗时3ms
[2021-05-23T19:34:05.831] [INFO] request-info - [工作进程24344] 访问路径/verifyCode 响应耗时4ms
[2021-05-23T19:34:06.485] [INFO] request-info - [工作进程24344] 访问路径/verifyCode 响应耗时3ms
[2021-05-23T19:34:07.472] [INFO] request-info - [工作进程24344] 访问路径/verifyCode 响应耗时5ms
[2021-05-23T19:34:08.149] [INFO] request-info - [工作进程24344] 访问路径/verifyCode 响应耗时3ms
[2021-05-23T19:34:09.417] [INFO] request-info - [工作进程24344] 访问路径/verifyCode 响应耗时3ms
[2021-05-23T19:34:10.200] [INFO] request-info - [工作进程24344] 访问路径/verifyCode 响应耗时2ms
[2021-05-23T19:34:11.420] [INFO] request-info - [工作进程24344] 访问路径/verifyCode 响应耗时7ms
[2021-05-23T19:34:19.953] [INFO] request-info - [工作进程24344] 访问路径/verifyCode 响应耗时2ms
[2021-05-23T19:34:21.015] [INFO] request-info - [工作进程24344] 访问路径/verifyCode 响应耗时6ms
[2021-05-23T19:34:21.668] [INFO] request-info - [工作进程24344] 访问路径/verifyCode 响应耗时2ms
[2021-05-23T19:34:22.750] [INFO] request-info - [工作进程24344] 访问路径/verifyCode 响应耗时4ms
[2021-05-23T19:34:23.361] [INFO] request-info - [工作进程24344] 访问路径/verifyCode 响应耗时2ms
[2021-05-23T19:34:24.273] [INFO] request-info - [工作进程24344] 访问路径/verifyCode 响应耗时5ms
[2021-05-23T19:34:27.330] [INFO] request-info - [工作进程24344] 访问路径/verifyCode 响应耗时4ms
[2021-05-23T19:34:28.329] [INFO] request-info - [工作进程24344] 访问路径/verifyCode 响应耗时8ms
[2021-05-23T19:34:51.640] [INFO] request-info - [工作进程24344] 访问路径/verifyCode 响应耗时13ms
[2021-05-23T19:34:53.357] [INFO] request-info - [工作进程24344] 访问路径/verifyCode 响应耗时2ms
[2021-05-23T19:34:56.260] [INFO] request-info - [工作进程24344] 访问路径/verifyCode 响应耗时6ms
[2021-05-23T19:34:57.582] [INFO] request-info - [工作进程24344] 访问路径/verifyCode 响应耗时3ms
[2021-05-23T19:35:00.353] [INFO] request-info - [工作进程24344] 访问路径/verifyCode 响应耗时4ms
[2021-05-23T19:35:02.457] [INFO] request-info - [工作进程24344] 访问路径/verifyCode 响应耗时5ms
[2021-05-23T19:35:05.124] [INFO] request-info - [工作进程24344] 访问路径/verifyCode 响应耗时4ms
[2021-05-23T19:35:08.014] [INFO] request-info - [工作进程24344] 访问路径/verifyCode 响应耗时3ms
[2021-05-23T19:35:12.315] [INFO] request-info - [工作进程24344] 访问路径/verifyCode 响应耗时8ms
[2021-05-23T19:35:15.138] [INFO] request-info - [工作进程24344] 访问路径/verifyCode 响应耗时4ms
[2021-05-23T19:35:18.133] [INFO] request-info - [工作进程24344] 访问路径/verifyCode 响应耗时10ms
[2021-05-23T19:35:21.216] [INFO] request-info - [工作进程24344] 访问路径/verifyCode 响应耗时4ms
[2021-05-23T19:35:24.744] [INFO] request-info - [工作进程24344] 访问路径/verifyCode 响应耗时6ms
[2021-05-23T19:35:28.099] [INFO] request-info - [工作进程24344] 访问路径/verifyCode 响应耗时4ms
[2021-05-23T19:35:31.207] [INFO] request-info - [工作进程24344] 访问路径/verifyCode 响应耗时13ms
[2021-05-23T19:35:33.385] [INFO] request-info - [工作进程24344] 访问路径/verifyCode 响应耗时5ms
[2021-05-23T19:35:39.263] [INFO] request-info - [工作进程24344] 访问路径/verifyCode 响应耗时9ms
[2021-05-23T19:35:42.165] [INFO] request-info - [工作进程24344] 访问路径/verifyCode 响应耗时6ms
[2021-05-23T19:35:47.348] [INFO] request-info - [工作进程24344] 访问路径/verifyCode 响应耗时13ms
[2021-05-23T19:35:51.893] [INFO] request-info - [工作进程24344] 访问路径/verifyCode 响应耗时5ms
[2021-05-23T19:35:58.490] [INFO] request-info - [工作进程24344] 访问路径/verifyCode 响应耗时15ms
[2021-05-23T19:36:06.955] [INFO] request-info - [工作进程24344] 访问路径/verifyCode 响应耗时5ms
[2021-05-23T19:36:10.979] [INFO] request-info - [工作进程24344] 访问路径/verifyCode 响应耗时6ms
[2021-05-23T19:36:11.972] [INFO] request-info - [工作进程24344] 访问路径/verifyCode 响应耗时6ms
[2021-05-23T19:36:13.580] [INFO] request-info - [工作进程24344] 访问路径/verifyCode 响应耗时3ms
[2021-05-23T19:36:15.177] [INFO] request-info - [工作进程24344] 访问路径/verifyCode 响应耗时8ms
[2021-05-23T19:36:18.640] [INFO] request-info - [工作进程24344] 访问路径/verifyCode 响应耗时5ms
[2021-05-23T19:36:21.655] [INFO] request-info - [工作进程24344] 访问路径/verifyCode 响应耗时7ms
[2021-05-23T19:36:26.189] [INFO] request-info - [工作进程24344] 访问路径/verifyCode 响应耗时10ms
[2021-05-23T19:36:29.914] [INFO] request-info - [工作进程24344] 访问路径/verifyCode 响应耗时5ms
[2021-05-23T19:36:32.318] [INFO] request-info - [工作进程24344] 访问路径/verifyCode 响应耗时3ms
[2021-05-23T19:39:17.948] [INFO] request-info - [工作进程24344] 访问路径/verifyCode 响应耗时3ms
[2021-05-23T19:39:19.339] [INFO] request-info - [工作进程24344] 访问路径/verifyCode 响应耗时2ms
[2021-05-23T19:39:20.561] [INFO] request-info - [工作进程24344] 访问路径/verifyCode 响应耗时4ms
[2021-05-23T19:39:25.931] [INFO] request-info - [工作进程24344] 访问路径/verifyCode 响应耗时3ms
[2021-05-23T19:39:36.096] [INFO] request-info - [工作进程24344] 访问路径/verifyCode 响应耗时3ms
[2021-05-23T19:42:31.170] [INFO] request-info - [工作进程24344] 访问路径/verifyCode 响应耗时3ms
[2021-05-23T19:43:02.738] [INFO] request-info - [工作进程24344] 访问路径/verifyCode 响应耗时2ms
[2021-05-23T19:43:03.942] [INFO] request-info - [工作进程24344] 访问路径/verifyCode 响应耗时2ms
[2021-05-23T19:43:11.609] [INFO] request-info - [工作进程24344] 访问路径/verifyCode 响应耗时3ms
[2021-05-23T19:43:14.281] [INFO] request-info - [工作进程24344] 访问路径/verifyCode 响应耗时3ms
[2021-05-23T19:43:17.075] [INFO] request-info - [工作进程24344] 访问路径/verifyCode 响应耗时5ms
[2021-05-23T19:43:17.544] [INFO] request-info - [工作进程24344] 访问路径/verifyCode 响应耗时2ms
[2021-05-23T19:43:18.412] [INFO] request-info - [工作进程24344] 访问路径/verifyCode 响应耗时4ms
[2021-05-23T19:44:05.840] [INFO] request-info - [工作进程24344] 访问路径/verifyCode 响应耗时4ms
[2021-05-23T19:44:07.531] [INFO] request-info - [工作进程24344] 访问路径/verifyCode 响应耗时2ms
[2021-05-23T19:44:11.646] [INFO] request-info - [工作进程24344] 访问路径/verifyCode 响应耗时2ms
[2021-05-23T19:44:23.178] [INFO] request-info - [工作进程24344] 访问路径/verifyCode 响应耗时3ms
[2021-05-23T19:44:24.096] [INFO] request-info - [工作进程24344] 访问路径/verifyCode 响应耗时3ms
[2021-05-23T19:44:25.461] [INFO] request-info - [工作进程24344] 访问路径/verifyCode 响应耗时2ms
[2021-05-23T19:44:25.794] [INFO] request-info - [工作进程24344] 访问路径/verifyCode 响应耗时3ms
[2021-05-23T19:44:42.497] [INFO] request-info - [工作进程24344] 访问路径/verifyCode 响应耗时2ms
[2021-05-23T19:44:44.066] [INFO] request-info - [工作进程24344] 访问路径/verifyCode 响应耗时8ms
[2021-05-23T19:44:44.785] [INFO] request-info - [工作进程24344] 访问路径/verifyCode 响应耗时2ms
[2021-05-23T19:44:48.732] [INFO] request-info - [工作进程24344] 访问路径/verifyCode 响应耗时2ms
[2021-05-23T19:44:49.021] [INFO] request-info - [工作进程24344] 访问路径/verifyCode 响应耗时2ms
[2021-05-23T19:44:49.979] [INFO] request-info - [工作进程24344] 访问路径/verifyCode 响应耗时4ms
[2021-05-23T19:44:50.442] [INFO] request-info - [工作进程24344] 访问路径/verifyCode 响应耗时3ms
[2021-05-23T19:45:00.690] [INFO] request-info - [工作进程24344] 访问路径/verifyCode 响应耗时2ms
[2021-05-23T19:45:01.551] [INFO] request-info - [工作进程24344] 访问路径/verifyCode 响应耗时2ms
[2021-05-23T19:45:02.840] [INFO] request-info - [工作进程24344] 访问路径/verifyCode 响应耗时2ms
[2021-05-23T19:45:03.340] [INFO] request-info - [工作进程24344] 访问路径/verifyCode 响应耗时2ms
[2021-05-23T19:45:04.307] [INFO] request-info - [工作进程24344] 访问路径/verifyCode 响应耗时2ms
[2021-05-23T19:45:13.572] [INFO] request-info - [工作进程24344] 访问路径/verifyCode 响应耗时3ms
[2021-05-23T19:45:14.437] [INFO] request-info - [工作进程24344] 访问路径/verifyCode 响应耗时3ms
[2021-05-23T19:45:14.969] [INFO] request-info - [工作进程24344] 访问路径/verifyCode 响应耗时2ms
[2021-05-23T19:45:21.841] [INFO] request-info - [工作进程24344] 访问路径/verifyCode 响应耗时3ms
[2021-05-23T19:50:40.013] [INFO] request-info - [工作进程24344] 访问路径/verifyCode 响应耗时2ms
[2021-05-23T19:50:41.508] [INFO] request-info - [工作进程24344] 访问路径/verifyCode 响应耗时5ms
[2021-05-23T19:50:47.171] [INFO] request-info - [工作进程24344] 访问路径/verifyCode 响应耗时4ms
[2021-05-23T19:51:17.458] [INFO] request-info - [工作进程24344] 访问路径/verifyCode 响应耗时4ms
[2021-05-23T19:51:22.440] [INFO] request-info - [工作进程24344] 访问路径/verifyCode 响应耗时2ms
[2021-05-23T19:51:26.405] [INFO] request-info - [工作进程24344] 访问路径/verifyCode 响应耗时4ms
[2021-05-23T19:51:39.362] [INFO] request-info - [工作进程24344] 访问路径/verifyCode 响应耗时2ms
[2021-05-23T19:54:18.822] [INFO] request-info - [工作进程32784] 访问路径/verifyCode 响应耗时5ms
[2021-05-23T19:54:19.897] [INFO] request-info - [工作进程32784] 访问路径/verifyCode 响应耗时2ms
[2021-05-23T19:54:36.479] [INFO] request-info - [工作进程32784] 访问路径/verifyCode 响应耗时20ms
[2021-05-23T19:54:40.849] [INFO] request-info - [工作进程32784] 访问路径/verifyCode 响应耗时11ms
[2021-05-23T19:54:42.705] [INFO] request-info - [工作进程32784] 访问路径/verifyCode 响应耗时6ms
[2021-05-23T19:54:43.698] [INFO] request-info - [工作进程32784] 访问路径/verifyCode 响应耗时4ms
[2021-05-23T19:54:45.549] [INFO] request-info - [工作进程32784] 访问路径/verifyCode 响应耗时9ms
[2021-05-23T19:54:47.431] [INFO] request-info - [工作进程32784] 访问路径/verifyCode 响应耗时6ms
[2021-05-23T19:54:49.963] [INFO] request-info - [工作进程32784] 访问路径/verifyCode 响应耗时6ms
[2021-05-23T19:54:51.377] [INFO] request-info - [工作进程32784] 访问路径/verifyCode 响应耗时10ms
[2021-05-23T19:54:52.984] [INFO] request-info - [工作进程32784] 访问路径/verifyCode 响应耗时4ms
[2021-05-23T19:57:53.734] [INFO] request-info - [工作进程32784] 访问路径/verifyCode 响应耗时2ms
[2021-05-23T20:15:29.321] [INFO] request-info - [工作进程32784] 访问路径/verifyCode 响应耗时2ms
[2021-05-23T20:15:32.440] [INFO] request-info - [工作进程32784] 访问路径/verifyCode 响应耗时4ms
[2021-05-23T20:15:40.822] [INFO] request-info - [工作进程32784] 访问路径/verifyCode 响应耗时14ms
[2021-05-23T20:41:47.106] [INFO] request-info - [工作进程32784] 访问路径/verifyCode 响应耗时3ms
[2021-05-23T20:53:09.729] [INFO] request-info - [工作进程32784] 访问路径/verifyCode 响应耗时6ms
[2021-05-23T20:53:09.969] [INFO] request-info - [工作进程32784] 访问路径/verifyCode 响应耗时3ms
[2021-05-23T20:53:10.075] [INFO] request-info - [工作进程32784] 访问路径/verifyCode 响应耗时8ms
[2021-05-23T20:58:39.529] [INFO] request-info - [工作进程32784] 访问路径/verifyCode 响应耗时10ms
[2021-05-23T20:59:07.194] [INFO] request-info - [工作进程32784] 访问路径/verifyCode 响应耗时7ms
[2021-05-23T20:59:21.226] [INFO] request-info - [工作进程32784] 访问路径/verifyCode 响应耗时3ms
[2021-05-23T20:59:27.414] [INFO] request-info - [工作进程32784] 访问路径/verifyCode 响应耗时6ms
[2021-05-23T21:34:52.628] [INFO] request-info - [工作进程32784] 访问路径/verifyCode 响应耗时4ms
[2021-05-23T21:34:57.200] [INFO] request-info - [工作进程32784] 访问路径/verifyCode 响应耗时3ms
[2021-05-23T21:35:02.133] [INFO] request-info - [工作进程32784] 访问路径/verifyCode 响应耗时7ms
[2021-05-23T21:35:04.631] [INFO] request-info - [工作进程32784] 访问路径/verifyCode 响应耗时3ms
[2021-05-23T21:35:06.424] [INFO] request-info - [工作进程32784] 访问路径/verifyCode 响应耗时3ms
[2021-05-23T21:35:07.533] [INFO] request-info - [工作进程32784] 访问路径/verifyCode 响应耗时5ms
[2021-05-23T21:35:09.324] [INFO] request-info - [工作进程32784] 访问路径/verifyCode 响应耗时5ms
[2021-05-23T21:35:11.145] [INFO] request-info - [工作进程32784] 访问路径/verifyCode 响应耗时3ms
[2021-05-23T21:35:15.279] [INFO] request-info - [工作进程32784] 访问路径/verifyCode 响应耗时2ms
[2021-05-23T21:35:16.643] [INFO] request-info - [工作进程32784] 访问路径/verifyCode 响应耗时4ms
[2021-05-23T21:35:17.590] [INFO] request-info - [工作进程32784] 访问路径/verifyCode 响应耗时4ms
[2021-05-23T21:35:18.093] [INFO] request-info - [工作进程32784] 访问路径/verifyCode 响应耗时3ms
[2021-05-23T21:35:18.972] [INFO] request-info - [工作进程32784] 访问路径/verifyCode 响应耗时3ms
[2021-05-23T21:35:19.418] [INFO] request-info - [工作进程32784] 访问路径/verifyCode 响应耗时3ms
[2021-05-23T21:35:20.292] [INFO] request-info - [工作进程32784] 访问路径/verifyCode 响应耗时3ms
[2021-05-23T21:35:20.607] [INFO] request-info - [工作进程32784] 访问路径/verifyCode 响应耗时1ms
[2021-05-23T21:35:21.471] [INFO] request-info - [工作进程32784] 访问路径/verifyCode 响应耗时7ms
[2021-05-23T21:35:21.866] [INFO] request-info - [工作进程32784] 访问路径/verifyCode 响应耗时2ms
[2021-05-23T21:35:26.050] [INFO] request-info - [工作进程32784] 访问路径/verifyCode 响应耗时8ms
[2021-05-23T21:35:26.595] [INFO] request-info - [工作进程32784] 访问路径/verifyCode 响应耗时2ms
[2021-05-23T21:35:27.603] [INFO] request-info - [工作进程32784] 访问路径/verifyCode 响应耗时3ms
[2021-05-23T21:35:28.215] [INFO] request-info - [工作进程32784] 访问路径/verifyCode 响应耗时2ms
[2021-05-23T21:35:29.284] [INFO] request-info - [工作进程32784] 访问路径/verifyCode 响应耗时2ms
[2021-05-23T22:42:47.867] [INFO] request-info - [工作进程32784] 访问路径/verifyCode 响应耗时5ms
[2021-05-23T22:43:19.650] [INFO] request-info - [工作进程32784] 访问路径/verifyCode 响应耗时2ms
[2021-05-23T22:43:35.298] [INFO] request-info - [工作进程32784] 访问路径/verifyCode 响应耗时3ms
[2021-05-23T22:43:45.707] [INFO] request-info - [工作进程32784] 访问路径/verifyCode 响应耗时2ms
[2021-05-23T22:45:41.993] [INFO] request-info - [工作进程32784] 访问路径/verifyCode 响应耗时4ms
[2021-05-23T22:47:50.451] [INFO] request-info - [工作进程32784] 访问路径/verifyCode 响应耗时2ms
[2021-05-23T22:47:50.694] [INFO] request-info - [工作进程32784] 访问路径/verifyCode 响应耗时3ms
[2021-05-23T22:48:02.739] [INFO] request-info - [工作进程32784] 访问路径/favicon.ico 响应耗时1ms
[2021-05-23T22:48:32.454] [INFO] request-info - [工作进程32784] 访问路径/verifyCode 响应耗时2ms
[2021-05-23T22:51:56.363] [INFO] request-info - [工作进程32784] 访问路径/verifyCode 响应耗时4ms
[2021-05-23T22:53:14.889] [INFO] request-info - [工作进程32784] 访问路径/verifyCode 响应耗时7ms
[2021-05-23T22:53:39.839] [INFO] request-info - [工作进程32784] 访问路径/verifyCode 响应耗时3ms
[2021-05-23T22:54:34.264] [INFO] request-info - [工作进程32784] 访问路径/verifyCode 响应耗时8ms
[2021-05-23T22:55:41.275] [INFO] request-info - [工作进程32784] 访问路径/verifyCode 响应耗时3ms
[2021-05-23T22:59:04.075] [INFO] request-info - [工作进程32784] 访问路径/verifyCode 响应耗时4ms
[2021-05-23T22:59:26.840] [INFO] request-info - [工作进程32784] 访问路径/verifyCode 响应耗时4ms
[2021-05-23T23:02:02.602] [INFO] request-info - [工作进程32784] 访问路径/verifyCode 响应耗时4ms
[2021-05-23T23:02:30.789] [INFO] request-info - [工作进程32784] 访问路径/verifyCode 响应耗时2ms
[2021-05-23T23:05:56.558] [INFO] request-info - [工作进程32784] 访问路径/verifyCode 响应耗时4ms
[2021-05-23T23:08:28.197] [INFO] request-info - [工作进程32784] 访问路径/verifyCode 响应耗时4ms
[2021-05-23T23:11:35.914] [INFO] request-info - [工作进程32784] 访问路径/verifyCode 响应耗时1ms
[2021-05-23T23:11:36.565] [INFO] request-info - [工作进程32784] 访问路径/verifyCode 响应耗时2ms
[2021-05-23T23:11:37.407] [INFO] request-info - [工作进程32784] 访问路径/verifyCode 响应耗时2ms
[2021-05-23T23:11:37.661] [INFO] request-info - [工作进程32784] 访问路径/verifyCode 响应耗时3ms
[2021-05-23T23:12:37.411] [INFO] request-info - [工作进程32784] 访问路径/verifyCode 响应耗时2ms
[2021-05-23T23:12:38.068] [INFO] request-info - [工作进程32784] 访问路径/verifyCode 响应耗时2ms
[2021-05-23T23:12:48.537] [INFO] request-info - [工作进程32784] 访问路径/verifyCode 响应耗时2ms
[2021-05-23T23:12:48.952] [INFO] request-info - [工作进程32784] 访问路径/verifyCode 响应耗时2ms
[2021-05-23T23:12:49.796] [INFO] request-info - [工作进程32784] 访问路径/verifyCode 响应耗时3ms
[2021-05-23T23:13:17.007] [INFO] request-info - [工作进程32784] 访问路径/verifyCode 响应耗时2ms
[2021-05-23T23:13:49.989] [INFO] request-info - [工作进程32784] 访问路径/verifyCode 响应耗时2ms
[2021-05-23T23:13:50.205] [INFO] request-info - [工作进程32784] 访问路径/verifyCode 响应耗时4ms
[2021-05-23T23:13:51.720] [INFO] request-info - [工作进程32784] 访问路径/verifyCode 响应耗时2ms
[2021-05-23T23:13:52.566] [INFO] request-info - [工作进程32784] 访问路径/verifyCode 响应耗时1ms
[2021-05-23T23:13:53.513] [INFO] request-info - [工作进程32784] 访问路径/verifyCode 响应耗时2ms
[2021-05-23T23:13:54.029] [INFO] request-info - [工作进程32784] 访问路径/verifyCode 响应耗时2ms
[2021-05-23T23:17:01.377] [INFO] request-info - [工作进程32784] 访问路径/verifyCode 响应耗时2ms
[2021-05-23T23:17:02.212] [INFO] request-info - [工作进程32784] 访问路径/verifyCode 响应耗时2ms
[2021-05-23T23:17:02.783] [INFO] request-info - [工作进程32784] 访问路径/verifyCode 响应耗时2ms
[2021-05-23T23:17:16.588] [INFO] request-info - [工作进程32784] 访问路径/verifyCode 响应耗时3ms
[2021-05-23T23:17:17.025] [INFO] request-info - [工作进程32784] 访问路径/verifyCode 响应耗时1ms
[2021-05-23T23:17:33.147] [INFO] request-info - [工作进程32784] 访问路径/verifyCode 响应耗时2ms
[2021-05-23T23:17:34.238] [INFO] request-info - [工作进程32784] 访问路径/verifyCode 响应耗时3ms
[2021-05-23T23:17:34.894] [INFO] request-info - [工作进程32784] 访问路径/verifyCode 响应耗时2ms
[2021-05-23T23:17:35.945] [INFO] request-info - [工作进程32784] 访问路径/verifyCode 响应耗时3ms
[2021-05-23T23:17:37.375] [INFO] request-info - [工作进程32784] 访问路径/verifyCode 响应耗时2ms
[2021-05-23T23:19:02.325] [INFO] request-info - [工作进程32784] 访问路径/verifyCode 响应耗时3ms
[2021-05-23T23:20:37.046] [INFO] request-info - [工作进程32784] 访问路径/verifyCode 响应耗时3ms
[2021-05-23T23:20:37.937] [INFO] request-info - [工作进程32784] 访问路径/verifyCode 响应耗时2ms
[2021-05-23T23:20:38.189] [INFO] request-info - [工作进程32784] 访问路径/verifyCode 响应耗时1ms
[2021-05-23T23:20:38.541] [INFO] request-info - [工作进程32784] 访问路径/verifyCode 响应耗时3ms
[2021-05-23T23:20:39.438] [INFO] request-info - [工作进程32784] 访问路径/verifyCode 响应耗时2ms
[2021-05-23T23:20:39.765] [INFO] request-info - [工作进程32784] 访问路径/verifyCode 响应耗时3ms
[2021-05-23T23:20:40.725] [INFO] request-info - [工作进程32784] 访问路径/verifyCode 响应耗时1ms
[2021-05-23T23:20:41.268] [INFO] request-info - [工作进程32784] 访问路径/verifyCode 响应耗时2ms
[2021-05-23T23:21:20.897] [INFO] request-info - [工作进程32784] 访问路径/verifyCode 响应耗时3ms
[2021-05-23T23:21:21.417] [INFO] request-info - [工作进程32784] 访问路径/verifyCode 响应耗时2ms
[2021-05-23T23:21:22.119] [INFO] request-info - [工作进程32784] 访问路径/verifyCode 响应耗时2ms
[2021-05-23T23:21:28.028] [INFO] request-info - [工作进程32784] 访问路径/verifyCode 响应耗时2ms
[2021-05-23T23:21:28.720] [INFO] request-info - [工作进程32784] 访问路径/verifyCode 响应耗时2ms
[2021-05-23T23:21:29.500] [INFO] request-info - [工作进程32784] 访问路径/verifyCode 响应耗时2ms
[2021-05-23T23:21:29.781] [INFO] request-info - [工作进程32784] 访问路径/verifyCode 响应耗时2ms
[2021-05-23T23:21:30.915] [INFO] request-info - [工作进程32784] 访问路径/verifyCode 响应耗时3ms
[2021-05-23T23:21:31.229] [INFO] request-info - [工作进程32784] 访问路径/verifyCode 响应耗时2ms
[2021-05-23T23:21:32.205] [INFO] request-info - [工作进程32784] 访问路径/verifyCode 响应耗时1ms
[2021-05-23T23:21:48.397] [INFO] request-info - [工作进程32784] 访问路径/verifyCode 响应耗时4ms
[2021-05-23T23:21:49.326] [INFO] request-info - [工作进程32784] 访问路径/verifyCode 响应耗时2ms
[2021-05-23T23:21:50.459] [INFO] request-info - [工作进程32784] 访问路径/verifyCode 响应耗时2ms
[2021-05-23T23:21:54.464] [INFO] request-info - [工作进程32784] 访问路径/verifyCode 响应耗时3ms
[2021-05-23T23:23:06.207] [INFO] request-info - [工作进程32784] 访问路径/verifyCode 响应耗时2ms
[2021-05-23T23:23:30.692] [INFO] request-info - [工作进程32784] 访问路径/verifyCode 响应耗时1ms
[2021-05-23T23:23:32.025] [INFO] request-info - [工作进程32784] 访问路径/verifyCode 响应耗时2ms
[2021-05-23T23:23:32.276] [INFO] request-info - [工作进程32784] 访问路径/verifyCode 响应耗时2ms
[2021-05-23T23:23:34.734] [INFO] request-info - [工作进程32784] 访问路径/verifyCode 响应耗时3ms
[2021-05-23T23:23:35.655] [INFO] request-info - [工作进程32784] 访问路径/verifyCode 响应耗时2ms
[2021-05-23T23:23:51.463] [INFO] request-info - [工作进程32784] 访问路径/verifyCode 响应耗时4ms
[2021-05-23T23:23:51.858] [INFO] request-info - [工作进程32784] 访问路径/verifyCode 响应耗时3ms
[2021-05-23T23:23:52.817] [INFO] request-info - [工作进程32784] 访问路径/verifyCode 响应耗时1ms
[2021-05-23T23:23:59.779] [INFO] request-info - [工作进程32784] 访问路径/verifyCode 响应耗时2ms
[2021-05-23T23:24:00.782] [INFO] request-info - [工作进程32784] 访问路径/verifyCode 响应耗时3ms
[2021-05-23T23:24:01.271] [INFO] request-info - [工作进程32784] 访问路径/verifyCode 响应耗时1ms
[2021-05-23T23:24:02.145] [INFO] request-info - [工作进程32784] 访问路径/verifyCode 响应耗时2ms
[2021-05-23T23:24:02.597] [INFO] request-info - [工作进程32784] 访问路径/verifyCode 响应耗时2ms
[2021-05-23T23:24:15.674] [INFO] request-info - [工作进程32784] 访问路径/verifyCode 响应耗时6ms
[2021-05-23T23:24:30.552] [INFO] request-info - [工作进程32784] 访问路径/verifyCode 响应耗时9ms
[2021-05-23T23:24:57.299] [INFO] request-info - [工作进程32784] 访问路径/verifyCode 响应耗时4ms
[2021-05-23T23:24:59.909] [INFO] request-info - [工作进程32784] 访问路径/verifyCode 响应耗时6ms
[2021-05-23T23:25:00.329] [INFO] request-info - [工作进程32784] 访问路径/verifyCode 响应耗时3ms
[2021-05-23T23:25:10.548] [INFO] request-info - [工作进程32784] 访问路径/verifyCode 响应耗时2ms
[2021-05-23T23:25:11.145] [INFO] request-info - [工作进程32784] 访问路径/verifyCode 响应耗时1ms
[2021-05-23T23:25:11.987] [INFO] request-info - [工作进程32784] 访问路径/verifyCode 响应耗时2ms
[2021-05-23T23:25:12.305] [INFO] request-info - [工作进程32784] 访问路径/verifyCode 响应耗时2ms
[2021-05-23T23:25:13.143] [INFO] request-info - [工作进程32784] 访问路径/verifyCode 响应耗时4ms
[2021-05-23T23:25:13.639] [INFO] request-info - [工作进程32784] 访问路径/verifyCode 响应耗时1ms
[2021-05-23T23:25:38.868] [INFO] request-info - [工作进程32784] 访问路径/verifyCode 响应耗时4ms
[2021-05-23T23:26:03.950] [INFO] request-info - [工作进程32784] 访问路径/verifyCode 响应耗时2ms
[2021-05-23T23:26:04.377] [INFO] request-info - [工作进程32784] 访问路径/verifyCode 响应耗时1ms
[2021-05-23T23:26:05.170] [INFO] request-info - [工作进程32784] 访问路径/verifyCode 响应耗时3ms
[2021-05-23T23:26:05.593] [INFO] request-info - [工作进程32784] 访问路径/verifyCode 响应耗时2ms
[2021-05-23T23:26:07.175] [INFO] request-info - [工作进程32784] 访问路径/verifyCode 响应耗时3ms
[2021-05-23T23:26:07.560] [INFO] request-info - [工作进程32784] 访问路径/verifyCode 响应耗时2ms
[2021-05-23T23:26:08.420] [INFO] request-info - [工作进程32784] 访问路径/verifyCode 响应耗时2ms
[2021-05-23T23:28:48.078] [INFO] request-info - [工作进程32784] 访问路径/verifyCode 响应耗时4ms
[2021-05-23T23:33:29.293] [INFO] request-info - [工作进程32784] 访问路径/verifyCode 响应耗时3ms
[2021-05-23T23:34:05.013] [INFO] request-info - [工作进程32784] 访问路径/verifyCode 响应耗时5ms
[2021-05-23T23:36:44.721] [INFO] request-info - [工作进程32784] 访问路径/verifyCode 响应耗时3ms
[2021-05-23T23:38:39.938] [INFO] request-info - [工作进程32784] 访问路径/verifyCode 响应耗时7ms
[2021-05-23T23:38:40.561] [INFO] request-info - [工作进程32784] 访问路径/verifyCode 响应耗时2ms
[2021-05-23T23:38:41.722] [INFO] request-info - [工作进程32784] 访问路径/verifyCode 响应耗时3ms
[2021-05-23T23:39:05.739] [INFO] request-info - [工作进程32784] 访问路径/verifyCode 响应耗时2ms
[2021-05-23T23:39:06.761] [INFO] request-info - [工作进程32784] 访问路径/verifyCode 响应耗时3ms
[2021-05-23T23:39:21.424] [INFO] request-info - [工作进程32784] 访问路径/verifyCode 响应耗时7ms
[2021-05-23T23:40:12.972] [INFO] request-info - [工作进程32784] 访问路径/verifyCode 响应耗时1ms
[2021-05-23T23:40:13.509] [INFO] request-info - [工作进程32784] 访问路径/verifyCode 响应耗时2ms
[2021-05-23T23:40:14.434] [INFO] request-info - [工作进程32784] 访问路径/verifyCode 响应耗时2ms
[2021-05-23T23:40:15.787] [INFO] request-info - [工作进程32784] 访问路径/verifyCode 响应耗时3ms
[2021-05-23T23:40:16.691] [INFO] request-info - [工作进程32784] 访问路径/verifyCode 响应耗时4ms
[2021-05-23T23:40:17.128] [INFO] request-info - [工作进程32784] 访问路径/verifyCode 响应耗时2ms
[2021-05-23T23:40:18.005] [INFO] request-info - [工作进程32784] 访问路径/verifyCode 响应耗时2ms
[2021-05-23T23:40:18.436] [INFO] request-info - [工作进程32784] 访问路径/verifyCode 响应耗时2ms
[2021-05-23T23:40:19.293] [INFO] request-info - [工作进程32784] 访问路径/verifyCode 响应耗时2ms
[2021-05-23T23:40:19.708] [INFO] request-info - [工作进程32784] 访问路径/verifyCode 响应耗时2ms
[2021-05-23T23:40:20.641] [INFO] request-info - [工作进程32784] 访问路径/verifyCode 响应耗时6ms
[2021-05-23T23:40:21.187] [INFO] request-info - [工作进程32784] 访问路径/verifyCode 响应耗时2ms
[2021-05-23T23:40:22.153] [INFO] request-info - [工作进程32784] 访问路径/verifyCode 响应耗时2ms
[2021-05-23T23:40:22.568] [INFO] request-info - [工作进程32784] 访问路径/verifyCode 响应耗时3ms
[2021-05-23T23:40:26.530] [INFO] request-info - [工作进程32784] 访问路径/verifyCode 响应耗时2ms
[2021-05-23T23:40:26.905] [INFO] request-info - [工作进程32784] 访问路径/verifyCode 响应耗时2ms
[2021-05-23T23:40:27.783] [INFO] request-info - [工作进程32784] 访问路径/verifyCode 响应耗时2ms
[2021-05-23T23:41:26.649] [INFO] request-info - [工作进程32784] 访问路径/verifyCode 响应耗时3ms
[2021-05-23T23:41:30.803] [INFO] request-info - [工作进程32784] 访问路径/verifyCode 响应耗时3ms
[2021-05-23T23:41:39.853] [INFO] request-info - [工作进程32784] 访问路径/verifyCode 响应耗时2ms
[2021-05-23T23:41:48.335] [INFO] request-info - [工作进程32784] 访问路径/verifyCode 响应耗时8ms
[2021-05-23T23:45:00.277] [INFO] request-info - [工作进程32784] 访问路径/verifyCode 响应耗时3ms
[2021-05-23T23:45:28.791] [INFO] request-info - [工作进程32784] 访问路径/verifyCode 响应耗时2ms
[2021-05-23T23:45:29.286] [INFO] request-info - [工作进程32784] 访问路径/verifyCode 响应耗时2ms
[2021-05-23T23:45:30.301] [INFO] request-info - [工作进程32784] 访问路径/verifyCode 响应耗时7ms
[2021-05-23T23:45:30.700] [INFO] request-info - [工作进程32784] 访问路径/verifyCode 响应耗时2ms
[2021-05-23T23:45:51.528] [INFO] request-info - [工作进程32784] 访问路径/verifyCode 响应耗时3ms
[2021-05-23T23:45:51.983] [INFO] request-info - [工作进程32784] 访问路径/verifyCode 响应耗时1ms
[2021-05-23T23:49:28.866] [INFO] request-info - [工作进程32784] 访问路径/verifyCode 响应耗时3ms
[2021-05-23T23:49:32.772] [INFO] request-info - [工作进程32784] 访问路径/verifyCode 响应耗时5ms
[2021-05-23T23:49:50.448] [INFO] request-info - [工作进程32784] 访问路径/verifyCode 响应耗时5ms
[2021-05-23T23:50:08.377] [INFO] request-info - [工作进程32784] 访问路径/verifyCode 响应耗时50ms
[2021-05-23T23:50:16.124] [INFO] request-info - [工作进程32784] 访问路径/queryUserName 响应耗时43ms
[2021-05-23T23:50:36.432] [INFO] request-info - [工作进程32784] 访问路径/verifyCode 响应耗时3ms
[2021-05-23T23:51:35.697] [INFO] request-info - [工作进程32784] 访问路径/verifyCode 响应耗时3ms
[2021-05-23T23:51:45.054] [INFO] request-info - [工作进程32784] 访问路径/verifyCode 响应耗时3ms
[2021-05-23T23:52:15.351] [INFO] request-info - [工作进程32784] 访问路径/verifyCode 响应耗时5ms
[2021-05-23T23:52:20.006] [INFO] request-info - [工作进程32784] 访问路径/queryUserName 响应耗时6ms
[2021-05-23T23:52:33.033] [INFO] request-info - [工作进程32784] 访问路径/queryUserName 响应耗时8ms
[2021-05-23T23:52:58.057] [INFO] request-info - [工作进程32784] 访问路径/verifyCode 响应耗时2ms
[2021-05-23T23:55:45.876] [INFO] request-info - [工作进程32784] 访问路径/verifyCode 响应耗时3ms
[2021-05-23T23:57:38.321] [INFO] request-info - [工作进程32784] 访问路径/verifyCode 响应耗时4ms
[2021-05-23T23:58:50.246] [INFO] request-info - [工作进程32784] 访问路径/verifyCode 响应耗时2ms
[2021-05-23T23:59:12.243] [INFO] request-info - [工作进程32784] 访问路径/queryUserName 响应耗时2ms
[2021-05-24T00:00:36.636] [INFO] request-info - [工作进程32784] 访问路径/verifyCode 响应耗时4ms
[2021-05-24T00:05:00.465] [INFO] request-info - [工作进程32784] 访问路径/verifyCode 响应耗时3ms
[2021-05-24T00:06:13.107] [INFO] request-info - [工作进程32784] 访问路径/verifyCode 响应耗时3ms
[2021-05-24T00:06:17.096] [INFO] request-info - [工作进程32784] 访问路径/verifyCode 响应耗时2ms
[2021-05-24T00:06:23.559] [INFO] request-info - [工作进程32784] 访问路径/queryUserName 响应耗时5ms
[2021-05-24T00:06:51.743] [INFO] request-info - [工作进程32784] 访问路径/verifyCode 响应耗时3ms
[2021-05-24T00:06:56.510] [INFO] request-info - [工作进程32784] 访问路径/verifyCode 响应耗时2ms
[2021-05-24T00:08:35.114] [INFO] request-info - [工作进程32784] 访问路径/queryUserName 响应耗时3ms
[2021-05-24T00:10:26.867] [INFO] request-info - [工作进程32784] 访问路径/verifyCode 响应耗时9ms
[2021-05-24T00:10:27.975] [INFO] request-info - [工作进程32784] 访问路径/verifyCode 响应耗时4ms
[2021-05-24T00:10:30.501] [INFO] request-info - [工作进程32784] 访问路径/verifyCode 响应耗时2ms
[2021-05-24T00:10:44.076] [INFO] request-info - [工作进程32784] 访问路径/verifyCode 响应耗时2ms
[2021-05-24T00:11:13.870] [INFO] request-info - [工作进程32784] 访问路径/verifyCode 响应耗时2ms
[2021-05-24T00:11:15.110] [INFO] request-info - [工作进程32784] 访问路径/verifyCode 响应耗时3ms
[2021-05-24T00:11:16.720] [INFO] request-info - [工作进程32784] 访问路径/verifyCode 响应耗时4ms
[2021-05-24T00:11:17.537] [INFO] request-info - [工作进程32784] 访问路径/verifyCode 响应耗时2ms
[2021-05-24T00:11:18.966] [INFO] request-info - [工作进程32784] 访问路径/verifyCode 响应耗时6ms
[2021-05-24T00:11:19.742] [INFO] request-info - [工作进程32784] 访问路径/verifyCode 响应耗时2ms
[2021-05-24T00:11:21.107] [INFO] request-info - [工作进程32784] 访问路径/verifyCode 响应耗时6ms
[2021-05-24T00:11:21.922] [INFO] request-info - [工作进程32784] 访问路径/verifyCode 响应耗时1ms
[2021-05-24T00:11:23.199] [INFO] request-info - [工作进程32784] 访问路径/verifyCode 响应耗时1ms
[2021-05-24T00:11:23.867] [INFO] request-info - [工作进程32784] 访问路径/verifyCode 响应耗时2ms
[2021-05-24T00:11:25.285] [INFO] request-info - [工作进程32784] 访问路径/verifyCode 响应耗时4ms
[2021-05-24T00:11:35.267] [INFO] request-info - [工作进程32784] 访问路径/verifyCode 响应耗时3ms
[2021-05-24T00:11:37.646] [INFO] request-info - [工作进程32784] 访问路径/verifyCode 响应耗时3ms
[2021-05-24T00:11:38.570] [INFO] request-info - [工作进程32784] 访问路径/verifyCode 响应耗时1ms
[2021-05-24T00:11:39.901] [INFO] request-info - [工作进程32784] 访问路径/verifyCode 响应耗时12ms
[2021-05-24T00:11:40.644] [INFO] request-info - [工作进程32784] 访问路径/verifyCode 响应耗时2ms
[2021-05-24T00:11:43.659] [INFO] request-info - [工作进程32784] 访问路径/verifyCode 响应耗时1ms
[2021-05-24T00:11:46.497] [INFO] request-info - [工作进程32784] 访问路径/verifyCode 响应耗时2ms
[2021-05-24T00:11:48.530] [INFO] request-info - [工作进程32784] 访问路径/verifyCode 响应耗时2ms
[2021-05-24T00:11:51.776] [INFO] request-info - [工作进程32784] 访问路径/verifyCode 响应耗时2ms
[2021-05-24T00:11:53.855] [INFO] request-info - [工作进程32784] 访问路径/verifyCode 响应耗时3ms
[2021-05-24T00:11:54.855] [INFO] request-info - [工作进程32784] 访问路径/verifyCode 响应耗时2ms
[2021-05-24T00:11:58.052] [INFO] request-info - [工作进程32784] 访问路径/verifyCode 响应耗时2ms
[2021-05-24T00:11:59.220] [INFO] request-info - [工作进程32784] 访问路径/verifyCode 响应耗时3ms
[2021-05-24T00:12:00.615] [INFO] request-info - [工作进程32784] 访问路径/verifyCode 响应耗时1ms
[2021-05-24T00:12:02.664] [INFO] request-info - [工作进程32784] 访问路径/verifyCode 响应耗时2ms
[2021-05-24T00:12:04.124] [INFO] request-info - [工作进程32784] 访问路径/verifyCode 响应耗时2ms
[2021-05-24T00:12:04.680] [INFO] request-info - [工作进程32784] 访问路径/verifyCode 响应耗时2ms
[2021-05-24T00:12:07.476] [INFO] request-info - [工作进程32784] 访问路径/verifyCode 响应耗时5ms
[2021-05-24T00:12:08.230] [INFO] request-info - [工作进程32784] 访问路径/verifyCode 响应耗时2ms
[2021-05-24T00:12:09.520] [INFO] request-info - [工作进程32784] 访问路径/verifyCode 响应耗时3ms
[2021-05-24T00:12:11.677] [INFO] request-info - [工作进程32784] 访问路径/verifyCode 响应耗时3ms
[2021-05-24T00:12:12.859] [INFO] request-info - [工作进程32784] 访问路径/verifyCode 响应耗时2ms
[2021-05-24T00:12:13.208] [INFO] request-info - [工作进程32784] 访问路径/verifyCode 响应耗时3ms
[2021-05-24T00:12:37.208] [INFO] request-info - [工作进程32784] 访问路径/verifyCode 响应耗时3ms
[2021-05-24T00:12:38.092] [INFO] request-info - [工作进程32784] 访问路径/verifyCode 响应耗时1ms
[2021-05-24T00:12:39.350] [INFO] request-info - [工作进程32784] 访问路径/verifyCode 响应耗时2ms
[2021-05-24T00:12:39.975] [INFO] request-info - [工作进程32784] 访问路径/verifyCode 响应耗时3ms
[2021-05-24T00:12:41.189] [INFO] request-info - [工作进程32784] 访问路径/verifyCode 响应耗时2ms
[2021-05-24T00:12:41.815] [INFO] request-info - [工作进程32784] 访问路径/verifyCode 响应耗时3ms
[2021-05-24T00:12:42.931] [INFO] request-info - [工作进程32784] 访问路径/verifyCode 响应耗时2ms
[2021-05-24T00:15:03.455] [INFO] request-info - [工作进程32784] 访问路径/verifyCode 响应耗时5ms
[2021-05-24T00:15:06.930] [INFO] request-info - [工作进程32784] 访问路径/verifyCode 响应耗时3ms
[2021-05-24T00:15:17.673] [INFO] request-info - [工作进程32784] 访问路径/queryUserName 响应耗时10ms
[2021-05-24T00:49:06.702] [INFO] request-info - [工作进程32784] 访问路径/login 响应耗时34ms
[2021-05-24T00:50:19.202] [INFO] request-info - [工作进程32784] 访问路径/login 响应耗时2ms
[2021-05-24T00:50:20.067] [INFO] request-info - [工作进程32784] 访问路径/login 响应耗时1ms
[2021-05-24T00:52:20.099] [INFO] request-info - [工作进程32784] 访问路径/verifyCode 响应耗时3ms
[2021-05-24T00:53:12.376] [INFO] request-info - [工作进程32784] 访问路径/verifyCode 响应耗时4ms
[2021-05-24T00:53:24.351] [INFO] request-info - [工作进程32784] 访问路径/verifyCode 响应耗时2ms
[2021-05-24T00:53:25.869] [INFO] request-info - [工作进程32784] 访问路径/verifyCode 响应耗时4ms
[2021-05-24T00:53:27.308] [INFO] request-info - [工作进程32784] 访问路径/verifyCode 响应耗时8ms
[2021-05-24T00:53:28.008] [INFO] request-info - [工作进程32784] 访问路径/verifyCode 响应耗时4ms
[2021-05-24T00:53:29.651] [INFO] request-info - [工作进程32784] 访问路径/verifyCode 响应耗时11ms
[2021-05-24T00:53:30.563] [INFO] request-info - [工作进程32784] 访问路径/verifyCode 响应耗时4ms
[2021-05-24T00:53:32.100] [INFO] request-info - [工作进程32784] 访问路径/verifyCode 响应耗时5ms
[2021-05-24T00:53:35.344] [INFO] request-info - [工作进程32784] 访问路径/verifyCode 响应耗时5ms
[2021-05-24T00:54:19.689] [INFO] request-info - [工作进程32784] 访问路径/verifyCode 响应耗时3ms
[2021-05-24T00:55:26.181] [INFO] request-info - [工作进程32784] 访问路径/verifyCode 响应耗时3ms
[2021-05-24T00:55:26.730] [INFO] request-info - [工作进程32784] 访问路径/verifyCode 响应耗时2ms
[2021-05-24T00:55:27.669] [INFO] request-info - [工作进程32784] 访问路径/verifyCode 响应耗时3ms
[2021-05-24T00:55:28.114] [INFO] request-info - [工作进程32784] 访问路径/verifyCode 响应耗时2ms
[2021-05-24T00:55:28.937] [INFO] request-info - [工作进程32784] 访问路径/verifyCode 响应耗时4ms
[2021-05-24T00:55:29.392] [INFO] request-info - [工作进程32784] 访问路径/verifyCode 响应耗时3ms
[2021-05-24T00:55:30.453] [INFO] request-info - [工作进程32784] 访问路径/verifyCode 响应耗时3ms
[2021-05-24T00:55:30.847] [INFO] request-info - [工作进程32784] 访问路径/verifyCode 响应耗时2ms
[2021-05-24T00:56:50.932] [INFO] request-info - [工作进程32784] 访问路径/verifyCode 响应耗时2ms
[2021-05-24T00:56:52.408] [INFO] request-info - [工作进程32784] 访问路径/verifyCode 响应耗时3ms
[2021-05-24T00:56:53.877] [INFO] request-info - [工作进程32784] 访问路径/verifyCode 响应耗时3ms
[2021-05-24T00:56:55.404] [INFO] request-info - [工作进程32784] 访问路径/verifyCode 响应耗时3ms
[2021-05-24T00:56:57.305] [INFO] request-info - [工作进程32784] 访问路径/verifyCode 响应耗时3ms
[2021-05-24T00:56:58.100] [INFO] request-info - [工作进程32784] 访问路径/verifyCode 响应耗时3ms
[2021-05-24T00:56:59.384] [INFO] request-info - [工作进程32784] 访问路径/verifyCode 响应耗时1ms
[2021-05-24T00:57:01.022] [INFO] request-info - [工作进程32784] 访问路径/verifyCode 响应耗时4ms
[2021-05-24T00:57:03.699] [INFO] request-info - [工作进程32784] 访问路径/verifyCode 响应耗时3ms
[2021-05-24T00:57:04.485] [INFO] request-info - [工作进程32784] 访问路径/verifyCode 响应耗时5ms
[2021-05-24T00:57:05.774] [INFO] request-info - [工作进程32784] 访问路径/verifyCode 响应耗时3ms
[2021-05-24T00:57:06.474] [INFO] request-info - [工作进程32784] 访问路径/verifyCode 响应耗时3ms
[2021-05-24T00:57:13.233] [INFO] request-info - [工作进程32784] 访问路径/verifyCode 响应耗时2ms
[2021-05-24T00:57:13.996] [INFO] request-info - [工作进程32784] 访问路径/verifyCode 响应耗时4ms
[2021-05-24T00:57:16.159] [INFO] request-info - [工作进程32784] 访问路径/verifyCode 响应耗时6ms
[2021-05-24T00:57:23.096] [INFO] request-info - [工作进程32784] 访问路径/verifyCode 响应耗时3ms
[2021-05-24T00:57:28.027] [INFO] request-info - [工作进程32784] 访问路径/verifyCode 响应耗时4ms
[2021-05-24T00:57:28.916] [INFO] request-info - [工作进程32784] 访问路径/verifyCode 响应耗时3ms
[2021-05-24T00:57:31.524] [INFO] request-info - [工作进程32784] 访问路径/verifyCode 响应耗时3ms
[2021-05-24T00:57:35.462] [INFO] request-info - [工作进程32784] 访问路径/verifyCode 响应耗时3ms
[2021-05-24T01:08:10.902] [INFO] request-info - [工作进程32784] 访问路径/favicon.ico 响应耗时0ms
[2021-05-24T01:10:09.889] [INFO] request-info - [工作进程32784] 访问路径/favicon.ico 响应耗时1ms
[2021-05-24T01:13:11.666] [INFO] request-info - [工作进程32784] 访问路径/favicon.ico 响应耗时0ms
[2021-05-24T01:13:13.813] [INFO] request-info - [工作进程32784] 访问路径/favicon.ico 响应耗时1ms
[2021-05-24T01:13:13.872] [INFO] request-info - [工作进程32784] 访问路径/favicon.ico 响应耗时1ms
[2021-05-24T01:13:13.930] [INFO] request-info - [工作进程32784] 访问路径/favicon.ico 响应耗时1ms
[2021-05-24T01:13:13.967] [INFO] request-info - [工作进程32784] 访问路径/favicon.ico 响应耗时0ms
[2021-05-24T01:13:31.239] [INFO] request-info - [工作进程32784] 访问路径/favicon.ico 响应耗时0ms
[2021-05-24T01:13:33.119] [INFO] request-info - [工作进程32784] 访问路径/favicon.ico 响应耗时0ms
[2021-05-24T01:13:33.189] [INFO] request-info - [工作进程32784] 访问路径/favicon.ico 响应耗时0ms
[2021-05-24T01:13:33.231] [INFO] request-info - [工作进程32784] 访问路径/favicon.ico 响应耗时1ms
[2021-05-24T01:13:33.270] [INFO] request-info - [工作进程32784] 访问路径/favicon.ico 响应耗时1ms
[2021-05-24T01:14:08.651] [INFO] request-info - [工作进程32784] 访问路径/favicon.ico 响应耗时0ms
[2021-05-24T01:14:29.563] [INFO] request-info - [工作进程32784] 访问路径/favicon.ico 响应耗时0ms
[2021-05-24T01:24:13.568] [INFO] request-info - [工作进程32784] 访问路径/verifyCode 响应耗时5ms
[2021-05-24T01:24:30.753] [INFO] request-info - [工作进程32784] 访问路径/verifyCode 响应耗时3ms
[2021-05-24T01:24:32.263] [INFO] request-info - [工作进程32784] 访问路径/verifyCode 响应耗时3ms
[2021-05-24T01:24:33.259] [INFO] request-info - [工作进程32784] 访问路径/verifyCode 响应耗时3ms
[2021-05-24T01:24:38.014] [INFO] request-info - [工作进程32784] 访问路径/verifyCode 响应耗时3ms
[2021-05-24T01:24:38.771] [INFO] request-info - [工作进程32784] 访问路径/verifyCode 响应耗时4ms
[2021-05-24T01:24:40.398] [INFO] request-info - [工作进程32784] 访问路径/verifyCode 响应耗时4ms
[2021-05-24T01:24:41.498] [INFO] request-info - [工作进程32784] 访问路径/verifyCode 响应耗时4ms
[2021-05-24T01:24:43.764] [INFO] request-info - [工作进程32784] 访问路径/verifyCode 响应耗时4ms
[2021-05-24T01:24:46.147] [INFO] request-info - [工作进程32784] 访问路径/verifyCode 响应耗时3ms
[2021-05-24T01:24:47.364] [INFO] request-info - [工作进程32784] 访问路径/verifyCode 响应耗时2ms
[2021-05-24T01:24:48.170] [INFO] request-info - [工作进程32784] 访问路径/verifyCode 响应耗时6ms
[2021-05-24T01:24:50.285] [INFO] request-info - [工作进程32784] 访问路径/verifyCode 响应耗时2ms
[2021-05-24T01:24:54.959] [INFO] request-info - [工作进程32784] 访问路径/verifyCode 响应耗时3ms
[2021-05-24T01:24:56.842] [INFO] request-info - [工作进程32784] 访问路径/verifyCode 响应耗时2ms
[2021-05-24T01:24:57.686] [INFO] request-info - [工作进程32784] 访问路径/verifyCode 响应耗时3ms
[2021-05-24T01:25:00.423] [INFO] request-info - [工作进程32784] 访问路径/verifyCode 响应耗时2ms
[2021-05-24T01:25:02.130] [INFO] request-info - [工作进程32784] 访问路径/verifyCode 响应耗时4ms
[2021-05-24T01:25:04.125] [INFO] request-info - [工作进程32784] 访问路径/verifyCode 响应耗时2ms
[2021-05-24T01:25:07.652] [INFO] request-info - [工作进程32784] 访问路径/verifyCode 响应耗时4ms
[2021-05-24T01:25:09.950] [INFO] request-info - [工作进程32784] 访问路径/verifyCode 响应耗时2ms
[2021-05-24T01:25:11.588] [INFO] request-info - [工作进程32784] 访问路径/verifyCode 响应耗时3ms
[2021-05-24T01:25:16.442] [INFO] request-info - [工作进程32784] 访问路径/verifyCode 响应耗时2ms
[2021-05-24T01:25:17.300] [INFO] request-info - [工作进程32784] 访问路径/verifyCode 响应耗时4ms
[2021-05-24T01:25:19.286] [INFO] request-info - [工作进程32784] 访问路径/verifyCode 响应耗时1ms
[2021-05-24T01:25:21.801] [INFO] request-info - [工作进程32784] 访问路径/verifyCode 响应耗时3ms
[2021-05-24T01:25:34.494] [INFO] request-info - [工作进程32784] 访问路径/verifyCode 响应耗时2ms
[2021-05-24T01:25:35.838] [INFO] request-info - [工作进程32784] 访问路径/verifyCode 响应耗时4ms
[2021-05-24T01:28:43.305] [INFO] request-info - [工作进程32784] 访问路径/verifyCode 响应耗时3ms
[2021-05-24T01:28:44.950] [INFO] request-info - [工作进程32784] 访问路径/verifyCode 响应耗时2ms
[2021-05-24T01:28:48.172] [INFO] request-info - [工作进程32784] 访问路径/verifyCode 响应耗时3ms
[2021-05-24T01:28:49.875] [INFO] request-info - [工作进程32784] 访问路径/verifyCode 响应耗时2ms
[2021-05-24T01:28:51.201] [INFO] request-info - [工作进程32784] 访问路径/verifyCode 响应耗时5ms
[2021-05-24T01:28:53.899] [INFO] request-info - [工作进程32784] 访问路径/verifyCode 响应耗时3ms
[2021-05-24T01:28:56.926] [INFO] request-info - [工作进程32784] 访问路径/verifyCode 响应耗时2ms
[2021-05-24T01:28:58.724] [INFO] request-info - [工作进程32784] 访问路径/verifyCode 响应耗时3ms
[2021-05-24T01:32:13.662] [INFO] request-info - [工作进程32784] 访问路径/verifyCode 响应耗时3ms
[2021-05-24T01:32:15.495] [INFO] request-info - [工作进程32784] 访问路径/verifyCode 响应耗时3ms
[2021-05-24T01:32:16.767] [INFO] request-info - [工作进程32784] 访问路径/verifyCode 响应耗时3ms
[2021-05-24T01:32:17.417] [INFO] request-info - [工作进程32784] 访问路径/verifyCode 响应耗时4ms
[2021-05-24T01:32:18.610] [INFO] request-info - [工作进程32784] 访问路径/verifyCode 响应耗时2ms
[2021-05-24T01:32:19.299] [INFO] request-info - [工作进程32784] 访问路径/verifyCode 响应耗时3ms
[2021-05-24T01:32:20.573] [INFO] request-info - [工作进程32784] 访问路径/verifyCode 响应耗时1ms
[2021-05-24T01:32:21.231] [INFO] request-info - [工作进程32784] 访问路径/verifyCode 响应耗时2ms
[2021-05-24T01:32:22.989] [INFO] request-info - [工作进程32784] 访问路径/verifyCode 响应耗时3ms
[2021-05-24T01:32:25.428] [INFO] request-info - [工作进程32784] 访问路径/verifyCode 响应耗时2ms
[2021-05-24T01:32:26.839] [INFO] request-info - [工作进程32784] 访问路径/verifyCode 响应耗时2ms
[2021-05-24T01:32:27.771] [INFO] request-info - [工作进程32784] 访问路径/verifyCode 响应耗时14ms
[2021-05-24T01:42:23.957] [INFO] request-info - [工作进程32784] 访问路径/verifyCode 响应耗时3ms
[2021-05-24T01:42:25.293] [INFO] request-info - [工作进程32784] 访问路径/verifyCode 响应耗时2ms
[2021-05-24T01:42:28.646] [INFO] request-info - [工作进程32784] 访问路径/verifyCode 响应耗时3ms
[2021-05-24T01:42:34.989] [INFO] request-info - [工作进程32784] 访问路径/verifyCode 响应耗时2ms
[2021-05-24T01:42:35.752] [INFO] request-info - [工作进程32784] 访问路径/verifyCode 响应耗时4ms
[2021-05-24T01:43:19.718] [INFO] request-info - [工作进程32784] 访问路径/verifyCode 响应耗时2ms
[2021-05-24T01:43:20.686] [INFO] request-info - [工作进程32784] 访问路径/verifyCode 响应耗时4ms
[2021-05-24T01:43:22.187] [INFO] request-info - [工作进程32784] 访问路径/verifyCode 响应耗时3ms
[2021-05-24T01:43:23.475] [INFO] request-info - [工作进程32784] 访问路径/verifyCode 响应耗时3ms
[2021-05-24T01:43:27.816] [INFO] request-info - [工作进程32784] 访问路径/verifyCode 响应耗时3ms
[2021-05-24T01:43:29.219] [INFO] request-info - [工作进程32784] 访问路径/verifyCode 响应耗时6ms
[2021-05-24T01:43:31.086] [INFO] request-info - [工作进程32784] 访问路径/verifyCode 响应耗时2ms
[2021-05-24T01:43:32.295] [INFO] request-info - [工作进程32784] 访问路径/verifyCode 响应耗时3ms
[2021-05-24T01:43:53.733] [INFO] request-info - [工作进程32784] 访问路径/verifyCode 响应耗时3ms
[2021-05-24T01:43:55.313] [INFO] request-info - [工作进程32784] 访问路径/verifyCode 响应耗时3ms
[2021-05-24T01:43:57.057] [INFO] request-info - [工作进程32784] 访问路径/verifyCode 响应耗时2ms
[2021-05-24T01:43:58.066] [INFO] request-info - [工作进程32784] 访问路径/verifyCode 响应耗时3ms
[2021-05-24T01:44:01.522] [INFO] request-info - [工作进程32784] 访问路径/verifyCode 响应耗时3ms
[2021-05-24T01:44:02.377] [INFO] request-info - [工作进程32784] 访问路径/verifyCode 响应耗时6ms
[2021-05-24T01:47:43.642] [INFO] request-info - [工作进程32784] 访问路径/verifyCode 响应耗时5ms
[2021-05-24T01:47:44.490] [INFO] request-info - [工作进程32784] 访问路径/verifyCode 响应耗时4ms
[2021-05-24T01:51:02.253] [INFO] request-info - [工作进程32784] 访问路径/verifyCode 响应耗时2ms
[2021-05-24T01:51:03.381] [INFO] request-info - [工作进程32784] 访问路径/verifyCode 响应耗时3ms
[2021-05-24T01:51:04.892] [INFO] request-info - [工作进程32784] 访问路径/verifyCode 响应耗时11ms
[2021-05-24T01:51:05.534] [INFO] request-info - [工作进程32784] 访问路径/verifyCode 响应耗时5ms
[2021-05-24T01:51:07.398] [INFO] request-info - [工作进程32784] 访问路径/verifyCode 响应耗时2ms
[2021-05-24T01:51:14.482] [INFO] request-info - [工作进程32784] 访问路径/verifyCode 响应耗时4ms
[2021-05-24T01:51:17.061] [INFO] request-info - [工作进程32784] 访问路径/verifyCode 响应耗时2ms
[2021-05-24T01:51:51.364] [INFO] request-info - [工作进程32784] 访问路径/favicon.ico 响应耗时1ms
[2021-05-24T01:51:57.694] [INFO] request-info - [工作进程32784] 访问路径/favicon.ico 响应耗时0ms
[2021-05-24T01:51:57.714] [INFO] request-info - [工作进程32784] 访问路径/favicon.ico 响应耗时0ms
[2021-05-24T01:51:58.508] [INFO] request-info - [工作进程32784] 访问路径/favicon.ico 响应耗时0ms
[2021-05-24T01:51:58.529] [INFO] request-info - [工作进程32784] 访问路径/favicon.ico 响应耗时1ms
[2021-05-24T01:51:59.644] [INFO] request-info - [工作进程32784] 访问路径/favicon.ico 响应耗时0ms
[2021-05-24T01:51:59.904] [INFO] request-info - [工作进程32784] 访问路径/favicon.ico 响应耗时1ms
[2021-05-24T01:51:59.962] [INFO] request-info - [工作进程32784] 访问路径/favicon.ico 响应耗时0ms
[2021-05-24T01:52:00.437] [INFO] request-info - [工作进程32784] 访问路径/favicon.ico 响应耗时0ms
[2021-05-24T01:52:00.514] [INFO] request-info - [工作进程32784] 访问路径/favicon.ico 响应耗时0ms
[2021-05-24T01:52:00.592] [INFO] request-info - [工作进程32784] 访问路径/favicon.ico 响应耗时0ms
[2021-05-24T01:52:00.653] [INFO] request-info - [工作进程32784] 访问路径/favicon.ico 响应耗时1ms
[2021-05-24T01:52:00.992] [INFO] request-info - [工作进程32784] 访问路径/favicon.ico 响应耗时0ms
[2021-05-24T01:52:01.053] [INFO] request-info - [工作进程32784] 访问路径/favicon.ico 响应耗时0ms
[2021-05-24T01:52:01.093] [INFO] request-info - [工作进程32784] 访问路径/favicon.ico 响应耗时0ms
[2021-05-24T01:52:01.141] [INFO] request-info - [工作进程32784] 访问路径/favicon.ico 响应耗时0ms
[2021-05-24T01:52:04.740] [INFO] request-info - [工作进程32784] 访问路径/favicon.ico 响应耗时1ms
[2021-05-24T01:52:04.761] [INFO] request-info - [工作进程32784] 访问路径/favicon.ico 响应耗时0ms
[2021-05-24T01:52:06.034] [INFO] request-info - [工作进程32784] 访问路径/favicon.ico 响应耗时0ms
[2021-05-24T01:52:06.085] [INFO] request-info - [工作进程32784] 访问路径/favicon.ico 响应耗时0ms
[2021-05-24T01:52:06.160] [INFO] request-info - [工作进程32784] 访问路径/favicon.ico 响应耗时0ms
[2021-05-24T01:52:06.193] [INFO] request-info - [工作进程32784] 访问路径/favicon.ico 响应耗时0ms
[2021-05-24T01:52:06.817] [INFO] request-info - [工作进程32784] 访问路径/favicon.ico 响应耗时0ms
[2021-05-24T01:52:06.837] [INFO] request-info - [工作进程32784] 访问路径/favicon.ico 响应耗时0ms
[2021-05-24T01:52:09.460] [INFO] request-info - [工作进程32784] 访问路径/verifyCode 响应耗时3ms
[2021-05-24T01:52:10.439] [INFO] request-info - [工作进程32784] 访问路径/verifyCode 响应耗时3ms
[2021-05-24T01:52:11.663] [INFO] request-info - [工作进程32784] 访问路径/verifyCode 响应耗时3ms
[2021-05-24T01:52:12.205] [INFO] request-info - [工作进程32784] 访问路径/verifyCode 响应耗时4ms
[2021-05-24T01:52:15.389] [INFO] request-info - [工作进程32784] 访问路径/verifyCode 响应耗时2ms
[2021-05-24T01:52:16.133] [INFO] request-info - [工作进程32784] 访问路径/verifyCode 响应耗时3ms
[2021-05-24T01:52:17.392] [INFO] request-info - [工作进程32784] 访问路径/verifyCode 响应耗时5ms
[2021-05-24T01:57:44.500] [INFO] request-info - [工作进程32784] 访问路径/verifyCode 响应耗时3ms
[2021-05-24T01:57:45.562] [INFO] request-info - [工作进程32784] 访问路径/verifyCode 响应耗时4ms
[2021-05-24T01:57:46.898] [INFO] request-info - [工作进程32784] 访问路径/verifyCode 响应耗时1ms
[2021-05-24T01:57:47.538] [INFO] request-info - [工作进程32784] 访问路径/verifyCode 响应耗时4ms
[2021-05-24T01:57:48.815] [INFO] request-info - [工作进程32784] 访问路径/verifyCode 响应耗时3ms
[2021-05-24T01:57:49.702] [INFO] request-info - [工作进程32784] 访问路径/verifyCode 响应耗时3ms
[2021-05-24T01:58:11.418] [INFO] request-info - [工作进程32784] 访问路径/favicon.ico 响应耗时0ms
[2021-05-24T01:58:15.196] [INFO] request-info - [工作进程32784] 访问路径/favicon.ico 响应耗时0ms
[2021-05-24T01:58:15.219] [INFO] request-info - [工作进程32784] 访问路径/favicon.ico 响应耗时1ms
[2021-05-24T01:58:15.931] [INFO] request-info - [工作进程32784] 访问路径/favicon.ico 响应耗时0ms
[2021-05-24T01:58:15.955] [INFO] request-info - [工作进程32784] 访问路径/favicon.ico 响应耗时0ms
[2021-05-24T01:58:17.013] [INFO] request-info - [工作进程32784] 访问路径/favicon.ico 响应耗时0ms
[2021-05-24T01:58:17.063] [INFO] request-info - [工作进程32784] 访问路径/favicon.ico 响应耗时0ms
[2021-05-24T01:58:17.282] [INFO] request-info - [工作进程32784] 访问路径/favicon.ico 响应耗时1ms
[2021-05-24T01:58:20.017] [INFO] request-info - [工作进程32784] 访问路径/verifyCode 响应耗时2ms
[2021-05-24T01:58:21.746] [INFO] request-info - [工作进程32784] 访问路径/verifyCode 响应耗时3ms
[2021-05-24T01:58:23.159] [INFO] request-info - [工作进程32784] 访问路径/verifyCode 响应耗时3ms
[2021-05-24T01:58:23.878] [INFO] request-info - [工作进程32784] 访问路径/verifyCode 响应耗时4ms
[2021-05-24T01:58:25.261] [INFO] request-info - [工作进程32784] 访问路径/verifyCode 响应耗时2ms
[2021-05-24T01:58:25.893] [INFO] request-info - [工作进程32784] 访问路径/verifyCode 响应耗时3ms
[2021-05-24T01:58:27.234] [INFO] request-info - [工作进程32784] 访问路径/verifyCode 响应耗时4ms
[2021-05-24T01:58:48.459] [INFO] request-info - [工作进程32784] 访问路径/verifyCode 响应耗时2ms
[2021-05-24T01:58:48.910] [INFO] request-info - [工作进程32784] 访问路径/favicon.ico 响应耗时0ms
[2021-05-24T01:58:48.941] [INFO] request-info - [工作进程32784] 访问路径/favicon.ico 响应耗时1ms
[2021-05-24T01:58:50.122] [INFO] request-info - [工作进程32784] 访问路径/favicon.ico 响应耗时1ms
[2021-05-24T01:58:50.172] [INFO] request-info - [工作进程32784] 访问路径/favicon.ico 响应耗时0ms
[2021-05-24T01:58:50.214] [INFO] request-info - [工作进程32784] 访问路径/favicon.ico 响应耗时0ms
[2021-05-24T01:58:50.262] [INFO] request-info - [工作进程32784] 访问路径/favicon.ico 响应耗时0ms
[2021-05-24T01:58:50.328] [INFO] request-info - [工作进程32784] 访问路径/favicon.ico 响应耗时0ms
[2021-05-24T01:58:51.928] [INFO] request-info - [工作进程32784] 访问路径/favicon.ico 响应耗时0ms
[2021-05-24T01:58:51.976] [INFO] request-info - [工作进程32784] 访问路径/favicon.ico 响应耗时1ms
[2021-05-24T01:58:52.014] [INFO] request-info - [工作进程32784] 访问路径/favicon.ico 响应耗时0ms
[2021-05-24T01:58:53.741] [INFO] request-info - [工作进程32784] 访问路径/favicon.ico 响应耗时0ms
[2021-05-24T01:58:53.759] [INFO] request-info - [工作进程32784] 访问路径/favicon.ico 响应耗时0ms
[2021-05-24T01:58:54.605] [INFO] request-info - [工作进程32784] 访问路径/favicon.ico 响应耗时0ms
[2021-05-24T01:58:54.628] [INFO] request-info - [工作进程32784] 访问路径/favicon.ico 响应耗时0ms
[2021-05-24T01:58:55.622] [INFO] request-info - [工作进程32784] 访问路径/favicon.ico 响应耗时0ms
[2021-05-24T01:58:55.664] [INFO] request-info - [工作进程32784] 访问路径/favicon.ico 响应耗时1ms
[2021-05-24T01:58:55.749] [INFO] request-info - [工作进程32784] 访问路径/favicon.ico 响应耗时0ms
[2021-05-24T01:58:55.790] [INFO] request-info - [工作进程32784] 访问路径/favicon.ico 响应耗时0ms
[2021-05-24T01:58:56.062] [INFO] request-info - [工作进程32784] 访问路径/favicon.ico 响应耗时0ms
[2021-05-24T01:58:56.101] [INFO] request-info - [工作进程32784] 访问路径/favicon.ico 响应耗时1ms
[2021-05-24T01:58:56.161] [INFO] request-info - [工作进程32784] 访问路径/favicon.ico 响应耗时0ms
[2021-05-24T01:58:56.193] [INFO] request-info - [工作进程32784] 访问路径/favicon.ico 响应耗时0ms
[2021-05-24T01:58:56.342] [INFO] request-info - [工作进程32784] 访问路径/favicon.ico 响应耗时0ms
[2021-05-24T01:58:56.374] [INFO] request-info - [工作进程32784] 访问路径/favicon.ico 响应耗时0ms
[2021-05-24T01:58:56.539] [INFO] request-info - [工作进程32784] 访问路径/favicon.ico 响应耗时1ms
[2021-05-24T01:58:56.576] [INFO] request-info - [工作进程32784] 访问路径/favicon.ico 响应耗时0ms
[2021-05-24T01:58:56.614] [INFO] request-info - [工作进程32784] 访问路径/favicon.ico 响应耗时0ms
[2021-05-24T01:58:56.694] [INFO] request-info - [工作进程32784] 访问路径/favicon.ico 响应耗时0ms
[2021-05-24T01:58:57.692] [INFO] request-info - [工作进程32784] 访问路径/favicon.ico 响应耗时0ms
[2021-05-24T01:58:57.734] [INFO] request-info - [工作进程32784] 访问路径/favicon.ico 响应耗时0ms
[2021-05-24T01:58:57.773] [INFO] request-info - [工作进程32784] 访问路径/favicon.ico 响应耗时0ms
[2021-05-24T01:58:57.842] [INFO] request-info - [工作进程32784] 访问路径/favicon.ico 响应耗时0ms
[2021-05-24T01:58:59.998] [INFO] request-info - [工作进程32784] 访问路径/verifyCode 响应耗时6ms
[2021-05-24T01:59:01.051] [INFO] request-info - [工作进程32784] 访问路径/verifyCode 响应耗时6ms
[2021-05-24T01:59:02.232] [INFO] request-info - [工作进程32784] 访问路径/verifyCode 响应耗时3ms
[2021-05-24T01:59:02.784] [INFO] request-info - [工作进程32784] 访问路径/verifyCode 响应耗时3ms
[2021-05-24T01:59:03.934] [INFO] request-info - [工作进程32784] 访问路径/verifyCode 响应耗时1ms
[2021-05-24T01:59:04.493] [INFO] request-info - [工作进程32784] 访问路径/verifyCode 响应耗时2ms
[2021-05-24T01:59:06.228] [INFO] request-info - [工作进程32784] 访问路径/verifyCode 响应耗时4ms
[2021-05-24T01:59:06.947] [INFO] request-info - [工作进程32784] 访问路径/verifyCode 响应耗时2ms
[2021-05-24T01:59:08.507] [INFO] request-info - [工作进程32784] 访问路径/verifyCode 响应耗时2ms
[2021-05-24T01:59:09.117] [INFO] request-info - [工作进程32784] 访问路径/verifyCode 响应耗时4ms
[2021-05-24T01:59:10.553] [INFO] request-info - [工作进程32784] 访问路径/verifyCode 响应耗时2ms
[2021-05-24T01:59:11.390] [INFO] request-info - [工作进程32784] 访问路径/verifyCode 响应耗时4ms
[2021-05-24T01:59:12.799] [INFO] request-info - [工作进程32784] 访问路径/verifyCode 响应耗时4ms
[2021-05-24T01:59:13.578] [INFO] request-info - [工作进程32784] 访问路径/verifyCode 响应耗时14ms
[2021-05-24T01:59:15.845] [INFO] request-info - [工作进程32784] 访问路径/verifyCode 响应耗时4ms
[2021-05-24T01:59:17.544] [INFO] request-info - [工作进程32784] 访问路径/verifyCode 响应耗时4ms
[2021-05-24T01:59:20.928] [INFO] request-info - [工作进程32784] 访问路径/verifyCode 响应耗时2ms
[2021-05-24T01:59:22.788] [INFO] request-info - [工作进程32784] 访问路径/verifyCode 响应耗时4ms
[2021-05-24T01:59:24.097] [INFO] request-info - [工作进程32784] 访问路径/verifyCode 响应耗时2ms
[2021-05-24T01:59:24.803] [INFO] request-info - [工作进程32784] 访问路径/verifyCode 响应耗时4ms
[2021-05-24T01:59:28.116] [INFO] request-info - [工作进程32784] 访问路径/verifyCode 响应耗时3ms
[2021-05-24T01:59:30.507] [INFO] request-info - [工作进程32784] 访问路径/verifyCode 响应耗时2ms
[2021-05-24T01:59:31.457] [INFO] request-info - [工作进程32784] 访问路径/verifyCode 响应耗时3ms
[2021-05-24T01:59:32.074] [INFO] request-info - [工作进程32784] 访问路径/verifyCode 响应耗时2ms
[2021-05-24T01:59:36.305] [INFO] request-info - [工作进程32784] 访问路径/verifyCode 响应耗时2ms
[2021-05-24T01:59:37.300] [INFO] request-info - [工作进程32784] 访问路径/verifyCode 响应耗时3ms
[2021-05-24T02:00:51.680] [INFO] request-info - [工作进程32784] 访问路径/verifyCode 响应耗时2ms
[2021-05-24T02:00:52.826] [INFO] request-info - [工作进程32784] 访问路径/verifyCode 响应耗时3ms
[2021-05-24T02:00:55.421] [INFO] request-info - [工作进程32784] 访问路径/verifyCode 响应耗时5ms
[2021-05-24T02:00:59.385] [INFO] request-info - [工作进程32784] 访问路径/verifyCode 响应耗时3ms
[2021-05-24T02:01:00.787] [INFO] request-info - [工作进程32784] 访问路径/verifyCode 响应耗时2ms
[2021-05-24T02:01:01.676] [INFO] request-info - [工作进程32784] 访问路径/verifyCode 响应耗时4ms
[2021-05-24T02:01:04.533] [INFO] request-info - [工作进程32784] 访问路径/verifyCode 响应耗时2ms
[2021-05-24T02:01:05.354] [INFO] request-info - [工作进程32784] 访问路径/verifyCode 响应耗时4ms
[2021-05-24T02:01:09.091] [INFO] request-info - [工作进程32784] 访问路径/verifyCode 响应耗时3ms
[2021-05-24T02:01:12.445] [INFO] request-info - [工作进程32784] 访问路径/verifyCode 响应耗时3ms
[2021-05-24T02:01:26.906] [INFO] request-info - [工作进程32784] 访问路径/verifyCode 响应耗时3ms
[2021-05-24T02:01:27.801] [INFO] request-info - [工作进程32784] 访问路径/verifyCode 响应耗时3ms
[2021-05-24T02:01:34.869] [INFO] request-info - [工作进程32784] 访问路径/verifyCode 响应耗时3ms
[2021-05-24T02:01:40.519] [INFO] request-info - [工作进程32784] 访问路径/verifyCode 响应耗时5ms
[2021-05-24T02:01:41.772] [INFO] request-info - [工作进程32784] 访问路径/verifyCode 响应耗时4ms
[2021-05-24T02:01:45.333] [INFO] request-info - [工作进程32784] 访问路径/verifyCode 响应耗时4ms
[2021-05-24T02:01:46.466] [INFO] request-info - [工作进程32784] 访问路径/verifyCode 响应耗时3ms
[2021-05-24T02:01:47.650] [INFO] request-info - [工作进程32784] 访问路径/verifyCode 响应耗时4ms
[2021-05-24T02:01:49.123] [INFO] request-info - [工作进程32784] 访问路径/verifyCode 响应耗时3ms
[2021-05-24T02:01:54.513] [INFO] request-info - [工作进程32784] 访问路径/verifyCode 响应耗时2ms
[2021-05-24T02:01:59.903] [INFO] request-info - [工作进程32784] 访问路径/verifyCode 响应耗时3ms
[2021-05-24T02:02:03.729] [INFO] request-info - [工作进程32784] 访问路径/verifyCode 响应耗时2ms
[2021-05-24T02:02:04.945] [INFO] request-info - [工作进程32784] 访问路径/verifyCode 响应耗时2ms
[2021-05-24T02:02:05.454] [INFO] request-info - [工作进程32784] 访问路径/verifyCode 响应耗时3ms
[2021-05-24T02:02:06.343] [INFO] request-info - [工作进程32784] 访问路径/verifyCode 响应耗时4ms
[2021-05-24T02:02:06.766] [INFO] request-info - [工作进程32784] 访问路径/verifyCode 响应耗时1ms
[2021-05-24T02:02:07.764] [INFO] request-info - [工作进程32784] 访问路径/verifyCode 响应耗时3ms
[2021-05-24T02:02:11.264] [INFO] request-info - [工作进程32784] 访问路径/verifyCode 响应耗时3ms
[2021-05-24T02:02:16.667] [INFO] request-info - [工作进程32784] 访问路径/verifyCode 响应耗时4ms
[2021-05-24T02:02:21.422] [INFO] request-info - [工作进程32784] 访问路径/verifyCode 响应耗时3ms
[2021-05-24T02:03:08.563] [INFO] request-info - [工作进程32784] 访问路径/verifyCode 响应耗时3ms
[2021-05-24T02:03:13.940] [INFO] request-info - [工作进程32784] 访问路径/verifyCode 响应耗时4ms
[2021-05-24T02:03:18.588] [INFO] request-info - [工作进程32784] 访问路径/verifyCode 响应耗时2ms
[2021-05-24T02:03:19.461] [INFO] request-info - [工作进程32784] 访问路径/verifyCode 响应耗时6ms
[2021-05-24T02:03:23.321] [INFO] request-info - [工作进程32784] 访问路径/verifyCode 响应耗时3ms
[2021-05-24T02:03:23.989] [INFO] request-info - [工作进程32784] 访问路径/verifyCode 响应耗时3ms
[2021-05-24T02:03:25.242] [INFO] request-info - [工作进程32784] 访问路径/verifyCode 响应耗时2ms
[2021-05-24T02:03:28.840] [INFO] request-info - [工作进程32784] 访问路径/verifyCode 响应耗时3ms
[2021-05-24T02:03:33.186] [INFO] request-info - [工作进程32784] 访问路径/verifyCode 响应耗时2ms
[2021-05-24T02:03:38.604] [INFO] request-info - [工作进程32784] 访问路径/verifyCode 响应耗时3ms
[2021-05-24T02:03:42.419] [INFO] request-info - [工作进程32784] 访问路径/verifyCode 响应耗时2ms
[2021-05-24T02:03:45.168] [INFO] request-info - [工作进程32784] 访问路径/verifyCode 响应耗时1ms
[2021-05-24T02:03:46.389] [INFO] request-info - [工作进程32784] 访问路径/verifyCode 响应耗时2ms
[2021-05-24T02:03:46.861] [INFO] request-info - [工作进程32784] 访问路径/verifyCode 响应耗时2ms
[2021-05-24T02:03:47.802] [INFO] request-info - [工作进程32784] 访问路径/verifyCode 响应耗时1ms
[2021-05-24T02:03:48.208] [INFO] request-info - [工作进程32784] 访问路径/verifyCode 响应耗时2ms
[2021-05-24T02:03:49.098] [INFO] request-info - [工作进程32784] 访问路径/verifyCode 响应耗时3ms
[2021-05-24T02:03:52.553] [INFO] request-info - [工作进程32784] 访问路径/verifyCode 响应耗时3ms
[2021-05-24T02:03:54.481] [INFO] request-info - [工作进程32784] 访问路径/verifyCode 响应耗时3ms
[2021-05-24T02:03:55.369] [INFO] request-info - [工作进程32784] 访问路径/verifyCode 响应耗时5ms
[2021-05-24T02:03:57.144] [INFO] request-info - [工作进程32784] 访问路径/verifyCode 响应耗时2ms
[2021-05-24T02:03:57.989] [INFO] request-info - [工作进程32784] 访问路径/verifyCode 响应耗时3ms
[2021-05-24T02:03:59.335] [INFO] request-info - [工作进程32784] 访问路径/verifyCode 响应耗时3ms
[2021-05-24T02:04:00.129] [INFO] request-info - [工作进程32784] 访问路径/verifyCode 响应耗时4ms
[2021-05-24T02:04:02.843] [INFO] request-info - [工作进程32784] 访问路径/verifyCode 响应耗时3ms
[2021-05-24T02:04:03.645] [INFO] request-info - [工作进程32784] 访问路径/verifyCode 响应耗时3ms
[2021-05-24T02:04:04.969] [INFO] request-info - [工作进程32784] 访问路径/verifyCode 响应耗时3ms
[2021-05-24T02:04:07.709] [INFO] request-info - [工作进程32784] 访问路径/verifyCode 响应耗时4ms
[2021-05-24T02:04:08.972] [INFO] request-info - [工作进程32784] 访问路径/verifyCode 响应耗时2ms
[2021-05-24T02:04:09.699] [INFO] request-info - [工作进程32784] 访问路径/verifyCode 响应耗时4ms
[2021-05-24T02:04:11.267] [INFO] request-info - [工作进程32784] 访问路径/verifyCode 响应耗时3ms
[2021-05-24T02:04:12.547] [INFO] request-info - [工作进程32784] 访问路径/verifyCode 响应耗时2ms
[2021-05-24T02:04:16.512] [INFO] request-info - [工作进程32784] 访问路径/verifyCode 响应耗时2ms
[2021-05-24T02:04:17.256] [INFO] request-info - [工作进程32784] 访问路径/verifyCode 响应耗时4ms
[2021-05-24T02:04:18.509] [INFO] request-info - [工作进程32784] 访问路径/verifyCode 响应耗时3ms
[2021-05-24T02:04:19.767] [INFO] request-info - [工作进程32784] 访问路径/verifyCode 响应耗时6ms
[2021-05-24T02:04:22.799] [INFO] request-info - [工作进程32784] 访问路径/verifyCode 响应耗时2ms
[2021-05-24T02:04:24.086] [INFO] request-info - [工作进程32784] 访问路径/verifyCode 响应耗时2ms
[2021-05-24T02:04:27.198] [INFO] request-info - [工作进程32784] 访问路径/verifyCode 响应耗时3ms
[2021-05-24T02:04:28.053] [INFO] request-info - [工作进程32784] 访问路径/verifyCode 响应耗时4ms
[2021-05-24T02:04:29.406] [INFO] request-info - [工作进程32784] 访问路径/verifyCode 响应耗时1ms
[2021-05-24T02:04:36.789] [INFO] request-info - [工作进程32784] 访问路径/verifyCode 响应耗时2ms
[2021-05-24T02:04:38.052] [INFO] request-info - [工作进程32784] 访问路径/verifyCode 响应耗时3ms
[2021-05-24T02:04:39.383] [INFO] request-info - [工作进程32784] 访问路径/verifyCode 响应耗时3ms
[2021-05-24T02:04:40.930] [INFO] request-info - [工作进程32784] 访问路径/verifyCode 响应耗时2ms
[2021-05-24T02:04:42.191] [INFO] request-info - [工作进程32784] 访问路径/verifyCode 响应耗时4ms
[2021-05-24T02:04:43.493] [INFO] request-info - [工作进程32784] 访问路径/verifyCode 响应耗时8ms
[2021-05-24T02:04:44.629] [INFO] request-info - [工作进程32784] 访问路径/verifyCode 响应耗时3ms
[2021-05-24T02:04:45.995] [INFO] request-info - [工作进程32784] 访问路径/verifyCode 响应耗时2ms
[2021-05-24T02:04:46.762] [INFO] request-info - [工作进程32784] 访问路径/verifyCode 响应耗时2ms
[2021-05-24T02:04:48.536] [INFO] request-info - [工作进程32784] 访问路径/verifyCode 响应耗时4ms
[2021-05-24T02:04:51.879] [INFO] request-info - [工作进程32784] 访问路径/verifyCode 响应耗时3ms
[2021-05-24T02:04:55.454] [INFO] request-info - [工作进程32784] 访问路径/verifyCode 响应耗时3ms
[2021-05-24T02:05:04.384] [INFO] request-info - [工作进程32784] 访问路径/verifyCode 响应耗时4ms
[2021-05-24T02:05:06.621] [INFO] request-info - [工作进程32784] 访问路径/verifyCode 响应耗时3ms
[2021-05-24T02:05:08.033] [INFO] request-info - [工作进程32784] 访问路径/verifyCode 响应耗时3ms
[2021-05-24T02:05:14.125] [INFO] request-info - [工作进程32784] 访问路径/verifyCode 响应耗时2ms
[2021-05-24T02:05:19.664] [INFO] request-info - [工作进程32784] 访问路径/verifyCode 响应耗时3ms
[2021-05-24T02:05:24.448] [INFO] request-info - [工作进程32784] 访问路径/verifyCode 响应耗时1ms
[2021-05-24T02:05:27.915] [INFO] request-info - [工作进程32784] 访问路径/verifyCode 响应耗时4ms
[2021-05-24T02:05:29.334] [INFO] request-info - [工作进程32784] 访问路径/verifyCode 响应耗时2ms
[2021-05-24T02:06:57.645] [INFO] request-info - [工作进程32784] 访问路径/verifyCode 响应耗时2ms
[2021-05-24T02:07:01.137] [INFO] request-info - [工作进程32784] 访问路径/verifyCode 响应耗时2ms
[2021-05-24T02:07:02.267] [INFO] request-info - [工作进程32784] 访问路径/verifyCode 响应耗时2ms
[2021-05-24T02:07:02.771] [INFO] request-info - [工作进程32784] 访问路径/verifyCode 响应耗时2ms
[2021-05-24T02:07:06.430] [INFO] request-info - [工作进程32784] 访问路径/verifyCode 响应耗时1ms
[2021-05-24T02:07:07.610] [INFO] request-info - [工作进程32784] 访问路径/verifyCode 响应耗时2ms
[2021-05-24T02:07:08.677] [INFO] request-info - [工作进程32784] 访问路径/verifyCode 响应耗时4ms
[2021-05-24T02:07:09.144] [INFO] request-info - [工作进程32784] 访问路径/verifyCode 响应耗时3ms
[2021-05-24T02:07:13.192] [INFO] request-info - [工作进程32784] 访问路径/verifyCode 响应耗时2ms
[2021-05-24T02:07:23.871] [INFO] request-info - [工作进程32784] 访问路径/verifyCode 响应耗时3ms
[2021-05-24T02:07:25.236] [INFO] request-info - [工作进程32784] 访问路径/verifyCode 响应耗时2ms
[2021-05-24T02:07:25.919] [INFO] request-info - [工作进程32784] 访问路径/verifyCode 响应耗时2ms
[2021-05-24T02:07:27.237] [INFO] request-info - [工作进程32784] 访问路径/verifyCode 响应耗时3ms
[2021-05-24T02:10:18.881] [INFO] request-info - [工作进程32784] 访问路径/verifyCode 响应耗时3ms
[2021-05-24T02:10:19.310] [INFO] request-info - [工作进程32784] 访问路径/verifyCode 响应耗时1ms
[2021-05-24T02:10:20.207] [INFO] request-info - [工作进程32784] 访问路径/verifyCode 响应耗时2ms
[2021-05-24T02:10:27.696] [INFO] request-info - [工作进程32784] 访问路径/verifyCode 响应耗时3ms
[2021-05-24T02:10:30.494] [INFO] request-info - [工作进程32784] 访问路径/verifyCode 响应耗时6ms
[2021-05-24T02:10:31.103] [INFO] request-info - [工作进程32784] 访问路径/verifyCode 响应耗时2ms
[2021-05-24T02:10:32.046] [INFO] request-info - [工作进程32784] 访问路径/verifyCode 响应耗时5ms
[2021-05-24T02:10:34.498] [INFO] request-info - [工作进程32784] 访问路径/verifyCode 响应耗时3ms
[2021-05-24T02:10:36.728] [INFO] request-info - [工作进程32784] 访问路径/verifyCode 响应耗时2ms
[2021-05-24T02:10:37.496] [INFO] request-info - [工作进程32784] 访问路径/verifyCode 响应耗时4ms
[2021-05-24T02:10:39.501] [INFO] request-info - [工作进程32784] 访问路径/verifyCode 响应耗时3ms
[2021-05-24T02:10:46.124] [INFO] request-info - [工作进程32784] 访问路径/verifyCode 响应耗时1ms
[2021-05-24T02:10:48.765] [INFO] request-info - [工作进程32784] 访问路径/verifyCode 响应耗时4ms
[2021-05-24T02:10:52.904] [INFO] request-info - [工作进程32784] 访问路径/verifyCode 响应耗时3ms
[2021-05-24T02:10:54.380] [INFO] request-info - [工作进程32784] 访问路径/verifyCode 响应耗时2ms
[2021-05-24T02:10:59.305] [INFO] request-info - [工作进程32784] 访问路径/verifyCode 响应耗时4ms
[2021-05-24T02:11:01.408] [INFO] request-info - [工作进程32784] 访问路径/verifyCode 响应耗时1ms
[2021-05-24T02:11:02.919] [INFO] request-info - [工作进程32784] 访问路径/verifyCode 响应耗时4ms
[2021-05-24T02:11:14.875] [INFO] request-info - [工作进程32784] 访问路径/verifyCode 响应耗时3ms
[2021-05-24T02:11:15.940] [INFO] request-info - [工作进程32784] 访问路径/verifyCode 响应耗时2ms
[2021-05-24T02:11:17.757] [INFO] request-info - [工作进程32784] 访问路径/verifyCode 响应耗时2ms
[2021-05-24T02:11:19.766] [INFO] request-info - [工作进程32784] 访问路径/verifyCode 响应耗时4ms
[2021-05-24T02:11:22.157] [INFO] request-info - [工作进程32784] 访问路径/verifyCode 响应耗时2ms
[2021-05-24T02:11:23.398] [INFO] request-info - [工作进程32784] 访问路径/verifyCode 响应耗时4ms
[2021-05-24T02:11:25.481] [INFO] request-info - [工作进程32784] 访问路径/verifyCode 响应耗时1ms
[2021-05-24T02:11:29.873] [INFO] request-info - [工作进程32784] 访问路径/verifyCode 响应耗时3ms
[2021-05-24T02:11:32.244] [INFO] request-info - [工作进程32784] 访问路径/verifyCode 响应耗时2ms
[2021-05-24T02:11:33.099] [INFO] request-info - [工作进程32784] 访问路径/verifyCode 响应耗时4ms
[2021-05-24T02:11:34.306] [INFO] request-info - [工作进程32784] 访问路径/verifyCode 响应耗时3ms
[2021-05-24T02:11:34.939] [INFO] request-info - [工作进程32784] 访问路径/verifyCode 响应耗时4ms
[2021-05-24T02:11:51.665] [INFO] request-info - [工作进程32784] 访问路径/verifyCode 响应耗时3ms
[2021-05-24T02:11:52.801] [INFO] request-info - [工作进程32784] 访问路径/verifyCode 响应耗时2ms
[2021-05-24T02:11:54.063] [INFO] request-info - [工作进程32784] 访问路径/verifyCode 响应耗时2ms
[2021-05-24T02:12:10.231] [INFO] request-info - [工作进程32784] 访问路径/verifyCode 响应耗时2ms
[2021-05-24T02:12:11.535] [INFO] request-info - [工作进程32784] 访问路径/verifyCode 响应耗时4ms
[2021-05-24T02:12:15.132] [INFO] request-info - [工作进程32784] 访问路径/verifyCode 响应耗时2ms
[2021-05-24T02:12:17.471] [INFO] request-info - [工作进程32784] 访问路径/verifyCode 响应耗时5ms
[2021-05-24T02:12:19.108] [INFO] request-info - [工作进程32784] 访问路径/verifyCode 响应耗时4ms
[2021-05-24T02:12:20.025] [INFO] request-info - [工作进程32784] 访问路径/verifyCode 响应耗时2ms
[2021-05-24T02:12:21.463] [INFO] request-info - [工作进程32784] 访问路径/verifyCode 响应耗时5ms
[2021-05-24T02:12:22.896] [INFO] request-info - [工作进程32784] 访问路径/verifyCode 响应耗时2ms
[2021-05-24T02:12:25.484] [INFO] request-info - [工作进程32784] 访问路径/verifyCode 响应耗时2ms
[2021-05-24T02:13:04.361] [INFO] request-info - [工作进程32784] 访问路径/verifyCode 响应耗时2ms
[2021-05-24T02:13:05.624] [INFO] request-info - [工作进程32784] 访问路径/verifyCode 响应耗时3ms
[2021-05-24T02:13:07.071] [INFO] request-info - [工作进程32784] 访问路径/verifyCode 响应耗时1ms
[2021-05-24T02:13:08.404] [INFO] request-info - [工作进程32784] 访问路径/verifyCode 响应耗时2ms
[2021-05-24T02:13:09.767] [INFO] request-info - [工作进程32784] 访问路径/verifyCode 响应耗时3ms
[2021-05-24T02:13:10.623] [INFO] request-info - [工作进程32784] 访问路径/verifyCode 响应耗时3ms
[2021-05-24T12:28:12.192] [INFO] request-info - [工作进程32784] 访问路径/verifyCode 响应耗时3ms
[2021-05-24T12:28:14.461] [INFO] request-info - [工作进程32784] 访问路径/verifyCode 响应耗时3ms
[2021-05-24T12:28:17.184] [INFO] request-info - [工作进程32784] 访问路径/verifyCode 响应耗时9ms
[2021-05-24T12:28:18.098] [INFO] request-info - [工作进程32784] 访问路径/verifyCode 响应耗时3ms
[2021-05-24T12:28:19.461] [INFO] request-info - [工作进程32784] 访问路径/verifyCode 响应耗时3ms
[2021-05-24T12:28:24.440] [INFO] request-info - [工作进程32784] 访问路径/verifyCode 响应耗时3ms
[2021-05-24T12:28:25.967] [INFO] request-info - [工作进程32784] 访问路径/verifyCode 响应耗时5ms
[2021-05-24T12:28:28.269] [INFO] request-info - [工作进程32784] 访问路径/verifyCode 响应耗时4ms
[2021-05-24T12:28:29.344] [INFO] request-info - [工作进程32784] 访问路径/verifyCode 响应耗时6ms
[2021-05-24T12:28:29.903] [INFO] request-info - [工作进程32784] 访问路径/verifyCode 响应耗时3ms
[2021-05-24T12:28:30.949] [INFO] request-info - [工作进程32784] 访问路径/verifyCode 响应耗时3ms
[2021-05-24T12:28:31.212] [INFO] request-info - [工作进程32784] 访问路径/verifyCode 响应耗时10ms
[2021-05-24T12:28:32.625] [INFO] request-info - [工作进程32784] 访问路径/verifyCode 响应耗时2ms
[2021-05-24T12:28:33.674] [INFO] request-info - [工作进程32784] 访问路径/verifyCode 响应耗时6ms
[2021-05-24T12:28:34.312] [INFO] request-info - [工作进程32784] 访问路径/verifyCode 响应耗时2ms
[2021-05-24T12:28:35.297] [INFO] request-info - [工作进程32784] 访问路径/verifyCode 响应耗时8ms
[2021-05-24T12:28:35.822] [INFO] request-info - [工作进程32784] 访问路径/verifyCode 响应耗时2ms
[2021-05-24T12:28:36.777] [INFO] request-info - [工作进程32784] 访问路径/verifyCode 响应耗时8ms
[2021-05-24T12:28:37.329] [INFO] request-info - [工作进程32784] 访问路径/verifyCode 响应耗时6ms
[2021-05-24T12:38:33.183] [INFO] request-info - [工作进程32784] 访问路径/verifyCode 响应耗时3ms
