[2021-05-30T17:22:05.828] [INFO] request-info - [工作进程23300] 访问路径/favicon.ico 响应耗时8ms
[2021-05-30T17:22:07.754] [INFO] request-info - [工作进程23300] 访问路径/favicon.ico 响应耗时1ms
[2021-05-30T17:22:09.933] [INFO] request-info - [工作进程23300] 访问路径/ 响应耗时25ms
[2021-05-30T17:22:10.209] [INFO] request-info - [工作进程23300] 访问路径/css/app.ab6ee0a6.css 响应耗时19ms
[2021-05-30T17:22:10.210] [INFO] request-info - [工作进程23300] 访问路径/css/chunk-vendors.c470e980.css 响应耗时14ms
[2021-05-30T17:22:10.211] [INFO] request-info - [工作进程23300] 访问路径/js/app.d4896f68.js 响应耗时12ms
[2021-05-30T17:22:10.211] [INFO] request-info - [工作进程23300] 访问路径/js/chunk-vendors.84d4daaa.js 响应耗时10ms
[2021-05-30T17:22:10.212] [INFO] request-info - [工作进程23300] 访问路径/index.css 响应耗时7ms
[2021-05-30T17:22:10.420] [INFO] request-info - [工作进程23300] 访问路径/css/chunk-1ee418d2.57826dda.css 响应耗时13ms
[2021-05-30T17:22:10.421] [INFO] request-info - [工作进程23300] 访问路径/css/chunk-55eab4f6.5fe1af66.css 响应耗时12ms
[2021-05-30T17:22:10.422] [INFO] request-info - [工作进程23300] 访问路径/css/chunk-59512244.1af1836c.css 响应耗时9ms
[2021-05-30T17:22:10.423] [INFO] request-info - [工作进程23300] 访问路径/js/chunk-1ee418d2.2b8ad55a.js 响应耗时5ms
[2021-05-30T17:22:10.424] [INFO] request-info - [工作进程23300] 访问路径/css/chunk-602866dd.c05f8b0c.css 响应耗时8ms
[2021-05-30T17:22:10.444] [INFO] request-info - [工作进程23300] 访问路径/js/chunk-55eab4f6.75505316.js 响应耗时9ms
[2021-05-30T17:22:10.445] [INFO] request-info - [工作进程23300] 访问路径/js/chunk-59512244.5708bd77.js 响应耗时6ms
[2021-05-30T17:22:10.446] [INFO] request-info - [工作进程23300] 访问路径/js/chunk-602866dd.fb81359c.js 响应耗时4ms
[2021-05-30T17:22:10.773] [INFO] request-info - [工作进程23300] 访问路径/hasToken 响应耗时4ms
[2021-05-30T17:22:10.783] [INFO] request-info - [工作进程23300] 访问路径/fonts/element-icons.535877f5.woff 响应耗时3ms
[2021-05-30T17:22:10.969] [INFO] request-info - [工作进程23300] 访问路径/hasToken 响应耗时2ms
[2021-05-30T17:23:34.732] [INFO] request-info - [工作进程40632] 访问路径/ 响应耗时16ms
[2021-05-30T17:23:34.759] [INFO] request-info - [工作进程40632] 访问路径/css/app.ab6ee0a6.css 响应耗时2ms
[2021-05-30T17:23:34.761] [INFO] request-info - [工作进程40632] 访问路径/css/chunk-vendors.c470e980.css 响应耗时1ms
[2021-05-30T17:23:34.764] [INFO] request-info - [工作进程40632] 访问路径/index.css 响应耗时1ms
[2021-05-30T17:23:34.767] [INFO] request-info - [工作进程40632] 访问路径/js/app.d4896f68.js 响应耗时3ms
[2021-05-30T17:23:34.771] [INFO] request-info - [工作进程40632] 访问路径/js/chunk-vendors.84d4daaa.js 响应耗时3ms
[2021-05-30T17:23:34.827] [INFO] request-info - [工作进程40632] 访问路径/css/chunk-1ee418d2.57826dda.css 响应耗时1ms
[2021-05-30T17:23:34.829] [INFO] request-info - [工作进程40632] 访问路径/css/chunk-55eab4f6.5fe1af66.css 响应耗时1ms
[2021-05-30T17:23:34.833] [INFO] request-info - [工作进程40632] 访问路径/js/chunk-1ee418d2.2b8ad55a.js 响应耗时0ms
[2021-05-30T17:23:34.835] [INFO] request-info - [工作进程40632] 访问路径/js/chunk-55eab4f6.75505316.js 响应耗时1ms
[2021-05-30T17:23:34.836] [INFO] request-info - [工作进程40632] 访问路径/css/chunk-59512244.1af1836c.css 响应耗时1ms
[2021-05-30T17:23:34.839] [INFO] request-info - [工作进程40632] 访问路径/css/chunk-602866dd.c05f8b0c.css 响应耗时1ms
[2021-05-30T17:23:34.841] [INFO] request-info - [工作进程40632] 访问路径/js/chunk-59512244.5708bd77.js 响应耗时1ms
[2021-05-30T17:23:34.842] [INFO] request-info - [工作进程40632] 访问路径/js/chunk-602866dd.fb81359c.js 响应耗时1ms
[2021-05-30T17:23:34.965] [INFO] request-info - [工作进程40632] 访问路径/fonts/element-icons.535877f5.woff 响应耗时0ms
[2021-05-30T17:23:35.024] [INFO] request-info - [工作进程40632] 访问路径/hasToken 响应耗时3ms
[2021-05-30T17:23:35.038] [INFO] request-info - [工作进程40632] 访问路径/favicon.ico 响应耗时0ms
[2021-05-30T17:23:37.478] [INFO] request-info - [工作进程40632] 访问路径/ 响应耗时3ms
[2021-05-30T17:23:37.504] [INFO] request-info - [工作进程40632] 访问路径/css/app.ab6ee0a6.css 响应耗时1ms
[2021-05-30T17:23:37.507] [INFO] request-info - [工作进程40632] 访问路径/css/chunk-vendors.c470e980.css 响应耗时1ms
[2021-05-30T17:23:37.508] [INFO] request-info - [工作进程40632] 访问路径/js/app.d4896f68.js 响应耗时1ms
[2021-05-30T17:23:37.511] [INFO] request-info - [工作进程40632] 访问路径/js/chunk-vendors.84d4daaa.js 响应耗时1ms
[2021-05-30T17:23:37.512] [INFO] request-info - [工作进程40632] 访问路径/index.css 响应耗时1ms
[2021-05-30T17:23:37.562] [INFO] request-info - [工作进程40632] 访问路径/css/chunk-1ee418d2.57826dda.css 响应耗时1ms
[2021-05-30T17:23:37.564] [INFO] request-info - [工作进程40632] 访问路径/css/chunk-55eab4f6.5fe1af66.css 响应耗时0ms
[2021-05-30T17:23:37.571] [INFO] request-info - [工作进程40632] 访问路径/js/chunk-1ee418d2.2b8ad55a.js 响应耗时1ms
[2021-05-30T17:23:37.573] [INFO] request-info - [工作进程40632] 访问路径/js/chunk-55eab4f6.75505316.js 响应耗时0ms
[2021-05-30T17:23:37.575] [INFO] request-info - [工作进程40632] 访问路径/css/chunk-59512244.1af1836c.css 响应耗时1ms
[2021-05-30T17:23:37.576] [INFO] request-info - [工作进程40632] 访问路径/css/chunk-602866dd.c05f8b0c.css 响应耗时1ms
[2021-05-30T17:23:37.577] [INFO] request-info - [工作进程40632] 访问路径/js/chunk-59512244.5708bd77.js 响应耗时0ms
[2021-05-30T17:23:37.579] [INFO] request-info - [工作进程40632] 访问路径/js/chunk-602866dd.fb81359c.js 响应耗时1ms
[2021-05-30T17:23:37.642] [INFO] request-info - [工作进程40632] 访问路径/hasToken 响应耗时1ms
[2021-05-30T17:23:37.649] [INFO] request-info - [工作进程40632] 访问路径/fonts/element-icons.535877f5.woff 响应耗时1ms
[2021-05-30T17:23:37.756] [INFO] request-info - [工作进程40632] 访问路径/hasToken 响应耗时3ms
[2021-05-30T17:26:16.787] [INFO] request-info - [工作进程37300] 访问路径/favicon.ico 响应耗时5ms
[2021-05-30T17:26:35.915] [INFO] request-info - [工作进程37300] 访问路径/ 响应耗时20ms
[2021-05-30T17:26:35.962] [INFO] request-info - [工作进程37300] 访问路径/css/app.ab6ee0a6.css 响应耗时16ms
[2021-05-30T17:26:35.964] [INFO] request-info - [工作进程37300] 访问路径/css/chunk-vendors.c470e980.css 响应耗时1ms
[2021-05-30T17:26:35.983] [INFO] request-info - [工作进程37300] 访问路径/js/app.d4896f68.js 响应耗时18ms
[2021-05-30T17:26:35.985] [INFO] request-info - [工作进程37300] 访问路径/js/chunk-vendors.84d4daaa.js 响应耗时1ms
[2021-05-30T17:26:35.991] [INFO] request-info - [工作进程37300] 访问路径/index.css 响应耗时3ms
[2021-05-30T17:26:36.129] [INFO] request-info - [工作进程37300] 访问路径/css/chunk-1ee418d2.57826dda.css 响应耗时2ms
[2021-05-30T17:26:36.131] [INFO] request-info - [工作进程37300] 访问路径/css/chunk-55eab4f6.5fe1af66.css 响应耗时1ms
[2021-05-30T17:26:36.139] [INFO] request-info - [工作进程37300] 访问路径/js/chunk-1ee418d2.2b8ad55a.js 响应耗时7ms
[2021-05-30T17:26:36.142] [INFO] request-info - [工作进程37300] 访问路径/js/chunk-55eab4f6.75505316.js 响应耗时2ms
[2021-05-30T17:26:36.145] [INFO] request-info - [工作进程37300] 访问路径/css/chunk-59512244.1af1836c.css 响应耗时2ms
[2021-05-30T17:26:36.148] [INFO] request-info - [工作进程37300] 访问路径/js/chunk-59512244.5708bd77.js 响应耗时2ms
[2021-05-30T17:26:36.151] [INFO] request-info - [工作进程37300] 访问路径/js/chunk-602866dd.fb81359c.js 响应耗时2ms
[2021-05-30T17:26:36.154] [INFO] request-info - [工作进程37300] 访问路径/css/chunk-602866dd.c05f8b0c.css 响应耗时2ms
[2021-05-30T17:26:36.357] [INFO] request-info - [工作进程37300] 访问路径/fonts/element-icons.535877f5.woff 响应耗时1ms
[2021-05-30T17:26:36.467] [INFO] request-info - [工作进程37300] 访问路径/hasToken 响应耗时4ms
[2021-05-30T17:26:52.659] [INFO] request-info - [工作进程37300] 访问路径/index.css 响应耗时2ms
[2021-05-30T17:26:52.662] [INFO] request-info - [工作进程37300] 访问路径/css/chunk-vendors.c470e980.css 响应耗时3ms
[2021-05-30T17:26:52.666] [INFO] request-info - [工作进程37300] 访问路径/css/app.ab6ee0a6.css 响应耗时3ms
[2021-05-30T17:26:52.670] [INFO] request-info - [工作进程37300] 访问路径/css/chunk-59512244.1af1836c.css 响应耗时4ms
[2021-05-30T17:26:52.672] [INFO] request-info - [工作进程37300] 访问路径/css/chunk-602866dd.c05f8b0c.css 响应耗时2ms
[2021-05-30T17:26:56.090] [INFO] request-info - [工作进程37300] 访问路径/ 响应耗时26ms
[2021-05-30T17:26:56.149] [INFO] request-info - [工作进程37300] 访问路径/css/app.ab6ee0a6.css 响应耗时32ms
[2021-05-30T17:26:56.151] [INFO] request-info - [工作进程37300] 访问路径/css/chunk-vendors.c470e980.css 响应耗时1ms
[2021-05-30T17:26:56.153] [INFO] request-info - [工作进程37300] 访问路径/js/app.d4896f68.js 响应耗时1ms
[2021-05-30T17:26:56.155] [INFO] request-info - [工作进程37300] 访问路径/js/chunk-vendors.84d4daaa.js 响应耗时1ms
[2021-05-30T17:26:56.156] [INFO] request-info - [工作进程37300] 访问路径/index.css 响应耗时1ms
[2021-05-30T17:26:56.406] [INFO] request-info - [工作进程37300] 访问路径/css/chunk-1ee418d2.57826dda.css 响应耗时2ms
[2021-05-30T17:26:56.409] [INFO] request-info - [工作进程37300] 访问路径/css/chunk-55eab4f6.5fe1af66.css 响应耗时2ms
[2021-05-30T17:26:56.412] [INFO] request-info - [工作进程37300] 访问路径/css/chunk-602866dd.c05f8b0c.css 响应耗时2ms
[2021-05-30T17:26:56.414] [INFO] request-info - [工作进程37300] 访问路径/js/chunk-1ee418d2.2b8ad55a.js 响应耗时1ms
[2021-05-30T17:26:56.416] [INFO] request-info - [工作进程37300] 访问路径/js/chunk-55eab4f6.75505316.js 响应耗时1ms
[2021-05-30T17:26:56.418] [INFO] request-info - [工作进程37300] 访问路径/css/chunk-59512244.1af1836c.css 响应耗时1ms
[2021-05-30T17:26:56.420] [INFO] request-info - [工作进程37300] 访问路径/js/chunk-59512244.5708bd77.js 响应耗时1ms
[2021-05-30T17:26:56.423] [INFO] request-info - [工作进程37300] 访问路径/js/chunk-602866dd.fb81359c.js 响应耗时2ms
[2021-05-30T17:26:56.729] [INFO] request-info - [工作进程37300] 访问路径/fonts/element-icons.535877f5.woff 响应耗时1ms
[2021-05-30T17:26:56.853] [INFO] request-info - [工作进程37300] 访问路径/hasToken 响应耗时3ms
[2021-05-30T17:30:34.366] [INFO] request-info - [工作进程15280] 访问路径/favicon.ico 响应耗时4ms
[2021-05-30T17:30:50.305] [INFO] request-info - [工作进程15280] 访问路径/hasToken 响应耗时11ms
[2021-05-30T17:30:50.516] [INFO] request-info - [工作进程15280] 访问路径/hasToken 响应耗时5ms
[2021-05-30T17:30:52.619] [INFO] request-info - [工作进程15280] 访问路径/hasToken 响应耗时1ms
[2021-05-30T17:31:21.627] [INFO] request-info - [工作进程36916] 访问路径/hasToken 响应耗时18ms
[2021-05-30T17:31:21.794] [INFO] request-info - [工作进程36916] 访问路径/hasToken 响应耗时16ms
[2021-05-30T17:31:51.532] [INFO] request-info - [工作进程36916] 访问路径/hasToken 响应耗时3ms
[2021-05-30T17:31:51.711] [INFO] request-info - [工作进程36916] 访问路径/hasToken 响应耗时13ms
[2021-05-30T17:50:41.265] [INFO] request-info - [工作进程36916] 访问路径/ 响应耗时29ms
[2021-05-30T17:50:41.620] [INFO] request-info - [工作进程36916] 访问路径/css/app.ab6ee0a6.css 响应耗时8ms
[2021-05-30T17:50:41.629] [INFO] request-info - [工作进程36916] 访问路径/css/chunk-vendors.c470e980.css 响应耗时7ms
[2021-05-30T17:50:41.633] [INFO] request-info - [工作进程36916] 访问路径/js/app.d4896f68.js 响应耗时2ms
[2021-05-30T17:50:41.635] [INFO] request-info - [工作进程36916] 访问路径/js/chunk-vendors.84d4daaa.js 响应耗时1ms
[2021-05-30T17:50:41.637] [INFO] request-info - [工作进程36916] 访问路径/index.css 响应耗时1ms
[2021-05-30T17:50:41.760] [INFO] request-info - [工作进程36916] 访问路径/css/chunk-1ee418d2.57826dda.css 响应耗时3ms
[2021-05-30T17:50:41.762] [INFO] request-info - [工作进程36916] 访问路径/css/chunk-55eab4f6.5fe1af66.css 响应耗时1ms
[2021-05-30T17:50:41.768] [INFO] request-info - [工作进程36916] 访问路径/js/chunk-1ee418d2.2b8ad55a.js 响应耗时1ms
[2021-05-30T17:50:41.771] [INFO] request-info - [工作进程36916] 访问路径/css/chunk-59512244.1af1836c.css 响应耗时1ms
[2021-05-30T17:50:41.773] [INFO] request-info - [工作进程36916] 访问路径/js/chunk-55eab4f6.75505316.js 响应耗时2ms
[2021-05-30T17:50:41.776] [INFO] request-info - [工作进程36916] 访问路径/css/chunk-602866dd.c05f8b0c.css 响应耗时2ms
[2021-05-30T17:50:41.779] [INFO] request-info - [工作进程36916] 访问路径/js/chunk-59512244.5708bd77.js 响应耗时3ms
[2021-05-30T17:50:41.782] [INFO] request-info - [工作进程36916] 访问路径/js/chunk-602866dd.fb81359c.js 响应耗时2ms
[2021-05-30T17:50:42.039] [INFO] request-info - [工作进程36916] 访问路径/fonts/element-icons.535877f5.woff 响应耗时1ms
[2021-05-30T17:50:42.039] [INFO] request-info - [工作进程36916] 访问路径/hasToken 响应耗时3ms
[2021-05-30T17:50:42.197] [INFO] request-info - [工作进程36916] 访问路径/hasToken 响应耗时3ms
[2021-05-30T17:52:14.987] [INFO] request-info - [工作进程36916] 访问路径/ 响应耗时21ms
[2021-05-30T17:52:15.264] [INFO] request-info - [工作进程36916] 访问路径/css/app.ab6ee0a6.css 响应耗时15ms
[2021-05-30T17:52:15.267] [INFO] request-info - [工作进程36916] 访问路径/css/chunk-vendors.c470e980.css 响应耗时2ms
[2021-05-30T17:52:15.273] [INFO] request-info - [工作进程36916] 访问路径/js/app.d4896f68.js 响应耗时5ms
[2021-05-30T17:52:15.274] [INFO] request-info - [工作进程36916] 访问路径/js/chunk-vendors.84d4daaa.js 响应耗时1ms
[2021-05-30T17:52:15.278] [INFO] request-info - [工作进程36916] 访问路径/index.css 响应耗时3ms
[2021-05-30T17:52:15.395] [INFO] request-info - [工作进程36916] 访问路径/css/chunk-1ee418d2.57826dda.css 响应耗时1ms
[2021-05-30T17:52:15.397] [INFO] request-info - [工作进程36916] 访问路径/css/chunk-55eab4f6.5fe1af66.css 响应耗时1ms
[2021-05-30T17:52:15.403] [INFO] request-info - [工作进程36916] 访问路径/js/chunk-1ee418d2.2b8ad55a.js 响应耗时1ms
[2021-05-30T17:52:15.405] [INFO] request-info - [工作进程36916] 访问路径/js/chunk-55eab4f6.75505316.js 响应耗时1ms
[2021-05-30T17:52:15.407] [INFO] request-info - [工作进程36916] 访问路径/css/chunk-59512244.1af1836c.css 响应耗时1ms
[2021-05-30T17:52:15.408] [INFO] request-info - [工作进程36916] 访问路径/css/chunk-602866dd.c05f8b0c.css 响应耗时1ms
[2021-05-30T17:52:15.410] [INFO] request-info - [工作进程36916] 访问路径/js/chunk-59512244.5708bd77.js 响应耗时1ms
[2021-05-30T17:52:15.413] [INFO] request-info - [工作进程36916] 访问路径/js/chunk-602866dd.fb81359c.js 响应耗时2ms
[2021-05-30T17:52:15.620] [INFO] request-info - [工作进程36916] 访问路径/hasToken 响应耗时5ms
[2021-05-30T17:52:15.629] [INFO] request-info - [工作进程36916] 访问路径/fonts/element-icons.535877f5.woff 响应耗时3ms
[2021-05-30T17:52:15.821] [INFO] request-info - [工作进程36916] 访问路径/hasToken 响应耗时4ms
[2021-05-30T17:57:24.046] [INFO] request-info - [工作进程27784] 访问路径/ 响应耗时18ms
[2021-05-30T18:01:03.227] [INFO] request-info - [工作进程27784] 访问路径/ 响应耗时25911ms
[2021-05-30T18:32:03.408] [INFO] request-info - [工作进程32076] 访问路径/favicon.ico 响应耗时5ms
[2021-05-30T18:32:03.541] [INFO] request-info - [工作进程32076] 访问路径/ 响应耗时20ms
[2021-05-30T18:32:03.577] [INFO] request-info - [工作进程32076] 访问路径/css/app.ab6ee0a6.css 响应耗时3ms
[2021-05-30T18:32:03.579] [INFO] request-info - [工作进程32076] 访问路径/css/chunk-vendors.c470e980.css 响应耗时1ms
[2021-05-30T18:32:03.581] [INFO] request-info - [工作进程32076] 访问路径/js/app.d4896f68.js 响应耗时1ms
[2021-05-30T18:32:03.583] [INFO] request-info - [工作进程32076] 访问路径/js/chunk-vendors.84d4daaa.js 响应耗时1ms
[2021-05-30T18:32:03.591] [INFO] request-info - [工作进程32076] 访问路径/index.css 响应耗时1ms
[2021-05-30T18:32:03.787] [INFO] request-info - [工作进程32076] 访问路径/css/chunk-1ee418d2.57826dda.css 响应耗时1ms
[2021-05-30T18:32:03.791] [INFO] request-info - [工作进程32076] 访问路径/css/chunk-55eab4f6.5fe1af66.css 响应耗时1ms
[2021-05-30T18:32:03.797] [INFO] request-info - [工作进程32076] 访问路径/css/chunk-59512244.1af1836c.css 响应耗时1ms
[2021-05-30T18:32:03.799] [INFO] request-info - [工作进程32076] 访问路径/js/chunk-1ee418d2.2b8ad55a.js 响应耗时1ms
[2021-05-30T18:32:03.800] [INFO] request-info - [工作进程32076] 访问路径/js/chunk-55eab4f6.75505316.js 响应耗时1ms
[2021-05-30T18:32:03.802] [INFO] request-info - [工作进程32076] 访问路径/css/chunk-602866dd.c05f8b0c.css 响应耗时1ms
[2021-05-30T18:32:03.804] [INFO] request-info - [工作进程32076] 访问路径/js/chunk-602866dd.fb81359c.js 响应耗时1ms
[2021-05-30T18:32:03.805] [INFO] request-info - [工作进程32076] 访问路径/js/chunk-59512244.5708bd77.js 响应耗时1ms
[2021-05-30T18:32:04.062] [INFO] request-info - [工作进程32076] 访问路径/hasToken 响应耗时3ms
[2021-05-30T18:32:04.072] [INFO] request-info - [工作进程32076] 访问路径/fonts/element-icons.535877f5.woff 响应耗时1ms
[2021-05-30T18:32:04.203] [INFO] request-info - [工作进程32076] 访问路径/hasToken 响应耗时1ms
[2021-05-30T18:37:37.095] [INFO] request-info - [工作进程7332] 访问路径/favicon.ico 响应耗时3ms
[2021-05-30T18:37:37.440] [INFO] request-info - [工作进程7332] 访问路径/ 响应耗时17ms
[2021-05-30T18:37:37.466] [INFO] request-info - [工作进程7332] 访问路径/css/app.ab6ee0a6.css 响应耗时1ms
[2021-05-30T18:37:37.467] [INFO] request-info - [工作进程7332] 访问路径/css/chunk-vendors.c470e980.css 响应耗时0ms
[2021-05-30T18:37:37.469] [INFO] request-info - [工作进程7332] 访问路径/js/app.d4896f68.js 响应耗时0ms
[2021-05-30T18:37:37.471] [INFO] request-info - [工作进程7332] 访问路径/js/chunk-vendors.84d4daaa.js 响应耗时1ms
[2021-05-30T18:37:37.479] [INFO] request-info - [工作进程7332] 访问路径/index.css 响应耗时1ms
[2021-05-30T18:37:37.705] [INFO] request-info - [工作进程7332] 访问路径/css/chunk-1ee418d2.57826dda.css 响应耗时1ms
[2021-05-30T18:37:37.706] [INFO] request-info - [工作进程7332] 访问路径/css/chunk-55eab4f6.5fe1af66.css 响应耗时0ms
[2021-05-30T18:37:37.713] [INFO] request-info - [工作进程7332] 访问路径/css/chunk-59512244.1af1836c.css 响应耗时1ms
[2021-05-30T18:37:37.715] [INFO] request-info - [工作进程7332] 访问路径/js/chunk-1ee418d2.2b8ad55a.js 响应耗时1ms
[2021-05-30T18:37:37.717] [INFO] request-info - [工作进程7332] 访问路径/js/chunk-55eab4f6.75505316.js 响应耗时1ms
[2021-05-30T18:37:37.718] [INFO] request-info - [工作进程7332] 访问路径/css/chunk-602866dd.c05f8b0c.css 响应耗时1ms
[2021-05-30T18:37:37.719] [INFO] request-info - [工作进程7332] 访问路径/js/chunk-59512244.5708bd77.js 响应耗时0ms
[2021-05-30T18:37:37.721] [INFO] request-info - [工作进程7332] 访问路径/js/chunk-602866dd.fb81359c.js 响应耗时1ms
[2021-05-30T18:37:37.936] [INFO] request-info - [工作进程7332] 访问路径/hasToken 响应耗时2ms
[2021-05-30T18:37:37.944] [INFO] request-info - [工作进程7332] 访问路径/fonts/element-icons.535877f5.woff 响应耗时0ms
[2021-05-30T18:37:38.091] [INFO] request-info - [工作进程7332] 访问路径/hasToken 响应耗时1ms
[2021-05-30T19:06:17.888] [INFO] request-info - [工作进程32060] 访问路径/favicon.ico 响应耗时6ms
[2021-05-30T19:06:18.027] [INFO] request-info - [工作进程32060] 访问路径/ 响应耗时26ms
[2021-05-30T19:06:18.085] [INFO] request-info - [工作进程32060] 访问路径/css/app.ab6ee0a6.css 响应耗时32ms
[2021-05-30T19:06:18.104] [INFO] request-info - [工作进程32060] 访问路径/css/chunk-vendors.c470e980.css 响应耗时18ms
[2021-05-30T19:06:18.117] [INFO] request-info - [工作进程32060] 访问路径/js/app.d4896f68.js 响应耗时11ms
[2021-05-30T19:06:18.121] [INFO] request-info - [工作进程32060] 访问路径/js/chunk-vendors.84d4daaa.js 响应耗时1ms
[2021-05-30T19:06:18.125] [INFO] request-info - [工作进程32060] 访问路径/index.css 响应耗时3ms
[2021-05-30T19:06:18.297] [INFO] request-info - [工作进程32060] 访问路径/css/chunk-1ee418d2.57826dda.css 响应耗时3ms
[2021-05-30T19:06:18.303] [INFO] request-info - [工作进程32060] 访问路径/css/chunk-55eab4f6.5fe1af66.css 响应耗时5ms
[2021-05-30T19:06:18.307] [INFO] request-info - [工作进程32060] 访问路径/css/chunk-59512244.1af1836c.css 响应耗时2ms
[2021-05-30T19:06:18.311] [INFO] request-info - [工作进程32060] 访问路径/js/chunk-1ee418d2.2b8ad55a.js 响应耗时4ms
[2021-05-30T19:06:18.318] [INFO] request-info - [工作进程32060] 访问路径/js/chunk-55eab4f6.75505316.js 响应耗时6ms
[2021-05-30T19:06:18.322] [INFO] request-info - [工作进程32060] 访问路径/css/chunk-602866dd.c05f8b0c.css 响应耗时3ms
[2021-05-30T19:06:18.327] [INFO] request-info - [工作进程32060] 访问路径/js/chunk-59512244.5708bd77.js 响应耗时4ms
[2021-05-30T19:06:18.330] [INFO] request-info - [工作进程32060] 访问路径/js/chunk-602866dd.fb81359c.js 响应耗时2ms
[2021-05-30T19:06:18.562] [INFO] request-info - [工作进程32060] 访问路径/hasToken 响应耗时3ms
[2021-05-30T19:06:18.576] [INFO] request-info - [工作进程32060] 访问路径/fonts/element-icons.535877f5.woff 响应耗时1ms
[2021-05-30T19:06:18.723] [INFO] request-info - [工作进程32060] 访问路径/hasToken 响应耗时1ms
[2021-05-30T19:06:39.487] [INFO] request-info - [工作进程19164] 访问路径/ 响应耗时35ms
[2021-05-30T19:06:39.582] [INFO] request-info - [工作进程19164] 访问路径/css/app.ab6ee0a6.css 响应耗时71ms
[2021-05-30T19:06:39.609] [INFO] request-info - [工作进程19164] 访问路径/css/chunk-vendors.c470e980.css 响应耗时26ms
[2021-05-30T19:06:39.628] [INFO] request-info - [工作进程19164] 访问路径/js/app.d4896f68.js 响应耗时16ms
[2021-05-30T19:06:39.651] [INFO] request-info - [工作进程19164] 访问路径/js/chunk-vendors.84d4daaa.js 响应耗时22ms
[2021-05-30T19:06:39.664] [INFO] request-info - [工作进程19164] 访问路径/index.css 响应耗时9ms
[2021-05-30T19:06:39.758] [INFO] request-info - [工作进程19164] 访问路径/css/chunk-1ee418d2.57826dda.css 响应耗时19ms
[2021-05-30T19:06:39.777] [INFO] request-info - [工作进程19164] 访问路径/css/chunk-55eab4f6.5fe1af66.css 响应耗时19ms
[2021-05-30T19:06:39.791] [INFO] request-info - [工作进程19164] 访问路径/js/chunk-1ee418d2.2b8ad55a.js 响应耗时14ms
[2021-05-30T19:06:39.804] [INFO] request-info - [工作进程19164] 访问路径/js/chunk-55eab4f6.75505316.js 响应耗时12ms
[2021-05-30T19:06:39.814] [INFO] request-info - [工作进程19164] 访问路径/css/chunk-59512244.1af1836c.css 响应耗时9ms
[2021-05-30T19:06:39.824] [INFO] request-info - [工作进程19164] 访问路径/css/chunk-602866dd.c05f8b0c.css 响应耗时9ms
[2021-05-30T19:06:39.837] [INFO] request-info - [工作进程19164] 访问路径/js/chunk-59512244.5708bd77.js 响应耗时12ms
[2021-05-30T19:06:39.851] [INFO] request-info - [工作进程19164] 访问路径/js/chunk-602866dd.fb81359c.js 响应耗时14ms
[2021-05-30T19:06:40.030] [INFO] request-info - [工作进程19164] 访问路径/fonts/element-icons.535877f5.woff 响应耗时12ms
[2021-05-30T19:06:40.033] [INFO] request-info - [工作进程19164] 访问路径/hasToken 响应耗时28ms
[2021-05-30T19:06:40.216] [INFO] request-info - [工作进程19164] 访问路径/hasToken 响应耗时46ms
[2021-05-30T19:09:29.706] [INFO] request-info - [工作进程12676] 访问路径/ 响应耗时30ms
[2021-05-30T19:09:29.759] [INFO] request-info - [工作进程12676] 访问路径/css/app.ab6ee0a6.css 响应耗时5ms
[2021-05-30T19:09:29.763] [INFO] request-info - [工作进程12676] 访问路径/css/chunk-vendors.c470e980.css 响应耗时3ms
[2021-05-30T19:09:29.772] [INFO] request-info - [工作进程12676] 访问路径/js/app.d4896f68.js 响应耗时6ms
[2021-05-30T19:09:29.777] [INFO] request-info - [工作进程12676] 访问路径/index.css 响应耗时4ms
[2021-05-30T19:09:29.787] [INFO] request-info - [工作进程12676] 访问路径/js/chunk-vendors.84d4daaa.js 响应耗时9ms
[2021-05-30T19:09:29.992] [INFO] request-info - [工作进程12676] 访问路径/css/chunk-1ee418d2.57826dda.css 响应耗时1ms
[2021-05-30T19:09:29.999] [INFO] request-info - [工作进程12676] 访问路径/css/chunk-55eab4f6.5fe1af66.css 响应耗时2ms
[2021-05-30T19:09:30.005] [INFO] request-info - [工作进程12676] 访问路径/css/chunk-59512244.1af1836c.css 响应耗时1ms
[2021-05-30T19:09:30.011] [INFO] request-info - [工作进程12676] 访问路径/css/chunk-602866dd.c05f8b0c.css 响应耗时4ms
[2021-05-30T19:09:30.015] [INFO] request-info - [工作进程12676] 访问路径/js/chunk-1ee418d2.2b8ad55a.js 响应耗时3ms
[2021-05-30T19:09:30.036] [INFO] request-info - [工作进程12676] 访问路径/js/chunk-55eab4f6.75505316.js 响应耗时19ms
[2021-05-30T19:09:30.043] [INFO] request-info - [工作进程12676] 访问路径/js/chunk-59512244.5708bd77.js 响应耗时6ms
[2021-05-30T19:09:30.045] [INFO] request-info - [工作进程12676] 访问路径/js/chunk-602866dd.fb81359c.js 响应耗时1ms
[2021-05-30T19:09:30.309] [INFO] request-info - [工作进程12676] 访问路径/hasToken 响应耗时4ms
[2021-05-30T19:09:30.323] [INFO] request-info - [工作进程12676] 访问路径/fonts/element-icons.535877f5.woff 响应耗时1ms
[2021-05-30T19:09:30.508] [INFO] request-info - [工作进程12676] 访问路径/hasToken 响应耗时2ms
[2021-05-30T19:10:56.860] [INFO] request-info - [工作进程42128] 访问路径/ 响应耗时27ms
[2021-05-30T19:10:56.903] [INFO] request-info - [工作进程42128] 访问路径/css/app.ab6ee0a6.css 响应耗时22ms
[2021-05-30T19:10:56.907] [INFO] request-info - [工作进程42128] 访问路径/css/chunk-vendors.c470e980.css 响应耗时2ms
[2021-05-30T19:10:56.913] [INFO] request-info - [工作进程42128] 访问路径/js/app.d4896f68.js 响应耗时4ms
[2021-05-30T19:10:56.916] [INFO] request-info - [工作进程42128] 访问路径/js/chunk-vendors.84d4daaa.js 响应耗时2ms
[2021-05-30T19:10:56.919] [INFO] request-info - [工作进程42128] 访问路径/index.css 响应耗时2ms
[2021-05-30T19:10:57.186] [INFO] request-info - [工作进程42128] 访问路径/css/chunk-1ee418d2.57826dda.css 响应耗时1ms
[2021-05-30T19:10:57.191] [INFO] request-info - [工作进程42128] 访问路径/css/chunk-55eab4f6.5fe1af66.css 响应耗时1ms
[2021-05-30T19:10:57.198] [INFO] request-info - [工作进程42128] 访问路径/js/chunk-1ee418d2.2b8ad55a.js 响应耗时1ms
[2021-05-30T19:10:57.203] [INFO] request-info - [工作进程42128] 访问路径/js/chunk-55eab4f6.75505316.js 响应耗时4ms
[2021-05-30T19:10:57.207] [INFO] request-info - [工作进程42128] 访问路径/css/chunk-59512244.1af1836c.css 响应耗时3ms
[2021-05-30T19:10:57.209] [INFO] request-info - [工作进程42128] 访问路径/css/chunk-602866dd.c05f8b0c.css 响应耗时2ms
[2021-05-30T19:10:57.212] [INFO] request-info - [工作进程42128] 访问路径/js/chunk-59512244.5708bd77.js 响应耗时1ms
[2021-05-30T19:10:57.214] [INFO] request-info - [工作进程42128] 访问路径/js/chunk-602866dd.fb81359c.js 响应耗时2ms
[2021-05-30T19:10:57.483] [INFO] request-info - [工作进程42128] 访问路径/hasToken 响应耗时4ms
[2021-05-30T19:10:57.495] [INFO] request-info - [工作进程42128] 访问路径/fonts/element-icons.535877f5.woff 响应耗时0ms
[2021-05-30T19:10:57.677] [INFO] request-info - [工作进程42128] 访问路径/hasToken 响应耗时5ms
[2021-05-30T19:11:18.166] [INFO] request-info - [工作进程35688] 访问路径/ 响应耗时26ms
[2021-05-30T19:11:18.219] [INFO] request-info - [工作进程35688] 访问路径/css/app.ab6ee0a6.css 响应耗时31ms
[2021-05-30T19:11:18.227] [INFO] request-info - [工作进程35688] 访问路径/css/chunk-vendors.c470e980.css 响应耗时7ms
[2021-05-30T19:11:18.233] [INFO] request-info - [工作进程35688] 访问路径/js/app.d4896f68.js 响应耗时5ms
[2021-05-30T19:11:18.239] [INFO] request-info - [工作进程35688] 访问路径/js/chunk-vendors.84d4daaa.js 响应耗时3ms
[2021-05-30T19:11:18.242] [INFO] request-info - [工作进程35688] 访问路径/index.css 响应耗时2ms
[2021-05-30T19:11:18.448] [INFO] request-info - [工作进程35688] 访问路径/css/chunk-1ee418d2.57826dda.css 响应耗时3ms
[2021-05-30T19:11:18.456] [INFO] request-info - [工作进程35688] 访问路径/css/chunk-55eab4f6.5fe1af66.css 响应耗时7ms
[2021-05-30T19:11:18.459] [INFO] request-info - [工作进程35688] 访问路径/css/chunk-59512244.1af1836c.css 响应耗时2ms
[2021-05-30T19:11:18.465] [INFO] request-info - [工作进程35688] 访问路径/js/chunk-1ee418d2.2b8ad55a.js 响应耗时5ms
[2021-05-30T19:11:18.469] [INFO] request-info - [工作进程35688] 访问路径/js/chunk-55eab4f6.75505316.js 响应耗时1ms
[2021-05-30T19:11:18.471] [INFO] request-info - [工作进程35688] 访问路径/css/chunk-602866dd.c05f8b0c.css 响应耗时1ms
[2021-05-30T19:11:18.475] [INFO] request-info - [工作进程35688] 访问路径/js/chunk-59512244.5708bd77.js 响应耗时3ms
[2021-05-30T19:11:18.482] [INFO] request-info - [工作进程35688] 访问路径/js/chunk-602866dd.fb81359c.js 响应耗时6ms
[2021-05-30T19:11:18.765] [INFO] request-info - [工作进程35688] 访问路径/hasToken 响应耗时4ms
[2021-05-30T19:11:18.776] [INFO] request-info - [工作进程35688] 访问路径/fonts/element-icons.535877f5.woff 响应耗时1ms
[2021-05-30T19:11:18.934] [INFO] request-info - [工作进程35688] 访问路径/hasToken 响应耗时2ms
[2021-05-30T19:12:13.998] [INFO] request-info - [工作进程35972] 访问路径/ 响应耗时32ms
[2021-05-30T19:12:14.041] [INFO] request-info - [工作进程35972] 访问路径/css/app.ab6ee0a6.css 响应耗时18ms
[2021-05-30T19:12:14.053] [INFO] request-info - [工作进程35972] 访问路径/css/chunk-vendors.c470e980.css 响应耗时11ms
[2021-05-30T19:12:14.058] [INFO] request-info - [工作进程35972] 访问路径/js/app.d4896f68.js 响应耗时4ms
[2021-05-30T19:12:14.070] [INFO] request-info - [工作进程35972] 访问路径/js/chunk-vendors.84d4daaa.js 响应耗时11ms
[2021-05-30T19:12:14.078] [INFO] request-info - [工作进程35972] 访问路径/index.css 响应耗时6ms
[2021-05-30T19:12:14.241] [INFO] request-info - [工作进程35972] 访问路径/css/chunk-1ee418d2.57826dda.css 响应耗时2ms
[2021-05-30T19:12:14.250] [INFO] request-info - [工作进程35972] 访问路径/css/chunk-55eab4f6.5fe1af66.css 响应耗时7ms
[2021-05-30T19:12:14.265] [INFO] request-info - [工作进程35972] 访问路径/js/chunk-59512244.5708bd77.js 响应耗时8ms
[2021-05-30T19:12:14.280] [INFO] request-info - [工作进程35972] 访问路径/css/chunk-59512244.1af1836c.css 响应耗时13ms
[2021-05-30T19:12:14.288] [INFO] request-info - [工作进程35972] 访问路径/js/chunk-1ee418d2.2b8ad55a.js 响应耗时4ms
[2021-05-30T19:12:14.291] [INFO] request-info - [工作进程35972] 访问路径/js/chunk-55eab4f6.75505316.js 响应耗时2ms
[2021-05-30T19:12:14.305] [INFO] request-info - [工作进程35972] 访问路径/css/chunk-602866dd.c05f8b0c.css 响应耗时8ms
[2021-05-30T19:12:14.314] [INFO] request-info - [工作进程35972] 访问路径/js/chunk-602866dd.fb81359c.js 响应耗时7ms
[2021-05-30T19:12:14.535] [INFO] request-info - [工作进程35972] 访问路径/hasToken 响应耗时7ms
[2021-05-30T19:12:14.566] [INFO] request-info - [工作进程35972] 访问路径/fonts/element-icons.535877f5.woff 响应耗时3ms
[2021-05-30T19:12:14.756] [INFO] request-info - [工作进程35972] 访问路径/hasToken 响应耗时4ms
[2021-05-30T19:12:22.671] [INFO] request-info - [工作进程35972] 访问路径/ 响应耗时18ms
[2021-05-30T19:12:22.725] [INFO] request-info - [工作进程35972] 访问路径/css/app.ab6ee0a6.css 响应耗时35ms
[2021-05-30T19:12:22.737] [INFO] request-info - [工作进程35972] 访问路径/css/chunk-vendors.c470e980.css 响应耗时12ms
[2021-05-30T19:12:22.745] [INFO] request-info - [工作进程35972] 访问路径/js/app.d4896f68.js 响应耗时6ms
[2021-05-30T19:12:22.750] [INFO] request-info - [工作进程35972] 访问路径/js/chunk-vendors.84d4daaa.js 响应耗时3ms
[2021-05-30T19:12:22.752] [INFO] request-info - [工作进程35972] 访问路径/index.css 响应耗时2ms
[2021-05-30T19:12:22.934] [INFO] request-info - [工作进程35972] 访问路径/css/chunk-1ee418d2.57826dda.css 响应耗时2ms
[2021-05-30T19:12:22.938] [INFO] request-info - [工作进程35972] 访问路径/css/chunk-55eab4f6.5fe1af66.css 响应耗时2ms
[2021-05-30T19:12:22.946] [INFO] request-info - [工作进程35972] 访问路径/js/chunk-1ee418d2.2b8ad55a.js 响应耗时3ms
[2021-05-30T19:12:22.956] [INFO] request-info - [工作进程35972] 访问路径/js/chunk-55eab4f6.75505316.js 响应耗时8ms
[2021-05-30T19:12:22.959] [INFO] request-info - [工作进程35972] 访问路径/css/chunk-59512244.1af1836c.css 响应耗时3ms
[2021-05-30T19:12:22.964] [INFO] request-info - [工作进程35972] 访问路径/css/chunk-602866dd.c05f8b0c.css 响应耗时4ms
[2021-05-30T19:12:22.966] [INFO] request-info - [工作进程35972] 访问路径/js/chunk-59512244.5708bd77.js 响应耗时2ms
[2021-05-30T19:12:22.969] [INFO] request-info - [工作进程35972] 访问路径/js/chunk-602866dd.fb81359c.js 响应耗时2ms
[2021-05-30T19:12:23.238] [INFO] request-info - [工作进程35972] 访问路径/hasToken 响应耗时1ms
[2021-05-30T19:12:23.249] [INFO] request-info - [工作进程35972] 访问路径/fonts/element-icons.535877f5.woff 响应耗时1ms
[2021-05-30T19:12:23.388] [INFO] request-info - [工作进程35972] 访问路径/hasToken 响应耗时2ms
[2021-05-30T19:12:48.532] [INFO] request-info - [工作进程9544] 访问路径/ 响应耗时23ms
[2021-05-30T19:12:48.579] [INFO] request-info - [工作进程9544] 访问路径/css/app.ab6ee0a6.css 响应耗时23ms
[2021-05-30T19:12:48.583] [INFO] request-info - [工作进程9544] 访问路径/css/chunk-vendors.c470e980.css 响应耗时3ms
[2021-05-30T19:12:48.589] [INFO] request-info - [工作进程9544] 访问路径/js/app.d4896f68.js 响应耗时4ms
[2021-05-30T19:12:48.595] [INFO] request-info - [工作进程9544] 访问路径/js/chunk-vendors.84d4daaa.js 响应耗时6ms
[2021-05-30T19:12:48.599] [INFO] request-info - [工作进程9544] 访问路径/index.css 响应耗时2ms
[2021-05-30T19:12:48.773] [INFO] request-info - [工作进程9544] 访问路径/css/chunk-1ee418d2.57826dda.css 响应耗时2ms
[2021-05-30T19:12:48.775] [INFO] request-info - [工作进程9544] 访问路径/css/chunk-55eab4f6.5fe1af66.css 响应耗时2ms
[2021-05-30T19:12:48.780] [INFO] request-info - [工作进程9544] 访问路径/css/chunk-59512244.1af1836c.css 响应耗时1ms
[2021-05-30T19:12:48.784] [INFO] request-info - [工作进程9544] 访问路径/js/chunk-1ee418d2.2b8ad55a.js 响应耗时2ms
[2021-05-30T19:12:48.786] [INFO] request-info - [工作进程9544] 访问路径/css/chunk-602866dd.c05f8b0c.css 响应耗时2ms
[2021-05-30T19:12:48.789] [INFO] request-info - [工作进程9544] 访问路径/js/chunk-55eab4f6.75505316.js 响应耗时2ms
[2021-05-30T19:12:48.791] [INFO] request-info - [工作进程9544] 访问路径/js/chunk-59512244.5708bd77.js 响应耗时1ms
[2021-05-30T19:12:48.793] [INFO] request-info - [工作进程9544] 访问路径/js/chunk-602866dd.fb81359c.js 响应耗时1ms
[2021-05-30T19:12:48.960] [INFO] request-info - [工作进程9544] 访问路径/hasToken 响应耗时4ms
[2021-05-30T19:12:48.970] [INFO] request-info - [工作进程9544] 访问路径/fonts/element-icons.535877f5.woff 响应耗时1ms
[2021-05-30T19:12:49.122] [INFO] request-info - [工作进程9544] 访问路径/hasToken 响应耗时3ms
[2021-05-30T19:19:25.287] [INFO] request-info - [工作进程30364] 访问路径/favicon.ico 响应耗时4ms
[2021-05-30T19:19:25.449] [INFO] request-info - [工作进程30364] 访问路径/ 响应耗时26ms
[2021-05-30T19:19:25.517] [INFO] request-info - [工作进程30364] 访问路径/css/app.ab6ee0a6.css 响应耗时43ms
[2021-05-30T19:19:25.533] [INFO] request-info - [工作进程30364] 访问路径/css/chunk-vendors.c470e980.css 响应耗时16ms
[2021-05-30T19:19:25.547] [INFO] request-info - [工作进程30364] 访问路径/js/app.d4896f68.js 响应耗时6ms
[2021-05-30T19:19:25.550] [INFO] request-info - [工作进程30364] 访问路径/js/chunk-vendors.84d4daaa.js 响应耗时3ms
[2021-05-30T19:19:25.557] [INFO] request-info - [工作进程30364] 访问路径/index.css 响应耗时6ms
[2021-05-30T19:19:25.748] [INFO] request-info - [工作进程30364] 访问路径/css/chunk-1ee418d2.57826dda.css 响应耗时2ms
[2021-05-30T19:19:25.751] [INFO] request-info - [工作进程30364] 访问路径/css/chunk-55eab4f6.5fe1af66.css 响应耗时2ms
[2021-05-30T19:19:25.762] [INFO] request-info - [工作进程30364] 访问路径/js/chunk-1ee418d2.2b8ad55a.js 响应耗时3ms
[2021-05-30T19:19:25.765] [INFO] request-info - [工作进程30364] 访问路径/js/chunk-55eab4f6.75505316.js 响应耗时2ms
[2021-05-30T19:19:25.769] [INFO] request-info - [工作进程30364] 访问路径/css/chunk-59512244.1af1836c.css 响应耗时2ms
[2021-05-30T19:19:25.773] [INFO] request-info - [工作进程30364] 访问路径/css/chunk-602866dd.c05f8b0c.css 响应耗时3ms
[2021-05-30T19:19:25.776] [INFO] request-info - [工作进程30364] 访问路径/js/chunk-59512244.5708bd77.js 响应耗时2ms
[2021-05-30T19:19:25.779] [INFO] request-info - [工作进程30364] 访问路径/js/chunk-602866dd.fb81359c.js 响应耗时2ms
[2021-05-30T19:19:26.019] [INFO] request-info - [工作进程30364] 访问路径/hasToken 响应耗时4ms
[2021-05-30T19:19:26.029] [INFO] request-info - [工作进程30364] 访问路径/fonts/element-icons.535877f5.woff 响应耗时1ms
[2021-05-30T19:19:26.176] [INFO] request-info - [工作进程30364] 访问路径/hasToken 响应耗时2ms
[2021-05-30T19:20:00.966] [INFO] request-info - [工作进程14376] 访问路径/ 响应耗时24ms
[2021-05-30T19:20:01.014] [INFO] request-info - [工作进程14376] 访问路径/css/app.ab6ee0a6.css 响应耗时25ms
[2021-05-30T19:20:01.019] [INFO] request-info - [工作进程14376] 访问路径/css/chunk-vendors.c470e980.css 响应耗时3ms
[2021-05-30T19:20:01.039] [INFO] request-info - [工作进程14376] 访问路径/js/app.d4896f68.js 响应耗时16ms
[2021-05-30T19:20:01.042] [INFO] request-info - [工作进程14376] 访问路径/js/chunk-vendors.84d4daaa.js 响应耗时2ms
[2021-05-30T19:20:01.045] [INFO] request-info - [工作进程14376] 访问路径/index.css 响应耗时2ms
[2021-05-30T19:20:01.234] [INFO] request-info - [工作进程14376] 访问路径/css/chunk-1ee418d2.57826dda.css 响应耗时2ms
[2021-05-30T19:20:01.238] [INFO] request-info - [工作进程14376] 访问路径/css/chunk-55eab4f6.5fe1af66.css 响应耗时3ms
[2021-05-30T19:20:01.243] [INFO] request-info - [工作进程14376] 访问路径/css/chunk-59512244.1af1836c.css 响应耗时2ms
[2021-05-30T19:20:01.246] [INFO] request-info - [工作进程14376] 访问路径/css/chunk-602866dd.c05f8b0c.css 响应耗时2ms
[2021-05-30T19:20:01.250] [INFO] request-info - [工作进程14376] 访问路径/js/chunk-1ee418d2.2b8ad55a.js 响应耗时3ms
[2021-05-30T19:20:01.255] [INFO] request-info - [工作进程14376] 访问路径/js/chunk-55eab4f6.75505316.js 响应耗时4ms
[2021-05-30T19:20:01.258] [INFO] request-info - [工作进程14376] 访问路径/js/chunk-59512244.5708bd77.js 响应耗时2ms
[2021-05-30T19:20:01.260] [INFO] request-info - [工作进程14376] 访问路径/js/chunk-602866dd.fb81359c.js 响应耗时1ms
[2021-05-30T19:20:01.553] [INFO] request-info - [工作进程14376] 访问路径/hasToken 响应耗时3ms
[2021-05-30T19:20:01.564] [INFO] request-info - [工作进程14376] 访问路径/fonts/element-icons.535877f5.woff 响应耗时1ms
[2021-05-30T19:20:01.751] [INFO] request-info - [工作进程14376] 访问路径/hasToken 响应耗时2ms
[2021-05-30T19:20:13.835] [INFO] request-info - [工作进程14376] 访问路径/ 响应耗时5ms
[2021-05-30T19:20:13.886] [INFO] request-info - [工作进程14376] 访问路径/css/app.ab6ee0a6.css 响应耗时21ms
[2021-05-30T19:20:13.892] [INFO] request-info - [工作进程14376] 访问路径/css/chunk-vendors.c470e980.css 响应耗时5ms
[2021-05-30T19:20:13.899] [INFO] request-info - [工作进程14376] 访问路径/js/app.d4896f68.js 响应耗时6ms
[2021-05-30T19:20:13.903] [INFO] request-info - [工作进程14376] 访问路径/js/chunk-vendors.84d4daaa.js 响应耗时2ms
[2021-05-30T19:20:13.905] [INFO] request-info - [工作进程14376] 访问路径/index.css 响应耗时2ms
[2021-05-30T19:20:14.109] [INFO] request-info - [工作进程14376] 访问路径/css/chunk-1ee418d2.57826dda.css 响应耗时2ms
[2021-05-30T19:20:14.111] [INFO] request-info - [工作进程14376] 访问路径/css/chunk-55eab4f6.5fe1af66.css 响应耗时2ms
[2021-05-30T19:20:14.121] [INFO] request-info - [工作进程14376] 访问路径/js/chunk-1ee418d2.2b8ad55a.js 响应耗时3ms
[2021-05-30T19:20:14.127] [INFO] request-info - [工作进程14376] 访问路径/js/chunk-55eab4f6.75505316.js 响应耗时5ms
[2021-05-30T19:20:14.133] [INFO] request-info - [工作进程14376] 访问路径/css/chunk-59512244.1af1836c.css 响应耗时5ms
[2021-05-30T19:20:14.137] [INFO] request-info - [工作进程14376] 访问路径/css/chunk-602866dd.c05f8b0c.css 响应耗时3ms
[2021-05-30T19:20:14.142] [INFO] request-info - [工作进程14376] 访问路径/js/chunk-59512244.5708bd77.js 响应耗时5ms
[2021-05-30T19:20:14.147] [INFO] request-info - [工作进程14376] 访问路径/js/chunk-602866dd.fb81359c.js 响应耗时4ms
[2021-05-30T19:20:14.458] [INFO] request-info - [工作进程14376] 访问路径/hasToken 响应耗时3ms
[2021-05-30T19:20:14.479] [INFO] request-info - [工作进程14376] 访问路径/fonts/element-icons.535877f5.woff 响应耗时1ms
[2021-05-30T19:20:14.631] [INFO] request-info - [工作进程14376] 访问路径/hasToken 响应耗时1ms
[2021-05-30T19:20:48.220] [INFO] request-info - [工作进程27300] 访问路径/ 响应耗时21ms
[2021-05-30T19:20:48.274] [INFO] request-info - [工作进程27300] 访问路径/css/app.ab6ee0a6.css 响应耗时32ms
[2021-05-30T19:20:48.277] [INFO] request-info - [工作进程27300] 访问路径/css/chunk-vendors.c470e980.css 响应耗时2ms
[2021-05-30T19:20:48.287] [INFO] request-info - [工作进程27300] 访问路径/js/app.d4896f68.js 响应耗时7ms
[2021-05-30T19:20:48.290] [INFO] request-info - [工作进程27300] 访问路径/js/chunk-vendors.84d4daaa.js 响应耗时3ms
[2021-05-30T19:20:48.295] [INFO] request-info - [工作进程27300] 访问路径/index.css 响应耗时4ms
[2021-05-30T19:20:48.462] [INFO] request-info - [工作进程27300] 访问路径/css/chunk-1ee418d2.57826dda.css 响应耗时2ms
[2021-05-30T19:20:48.464] [INFO] request-info - [工作进程27300] 访问路径/css/chunk-55eab4f6.5fe1af66.css 响应耗时2ms
[2021-05-30T19:20:48.467] [INFO] request-info - [工作进程27300] 访问路径/css/chunk-59512244.1af1836c.css 响应耗时2ms
[2021-05-30T19:20:48.469] [INFO] request-info - [工作进程27300] 访问路径/js/chunk-1ee418d2.2b8ad55a.js 响应耗时2ms
[2021-05-30T19:20:48.471] [INFO] request-info - [工作进程27300] 访问路径/js/chunk-55eab4f6.75505316.js 响应耗时1ms
[2021-05-30T19:20:48.473] [INFO] request-info - [工作进程27300] 访问路径/css/chunk-602866dd.c05f8b0c.css 响应耗时1ms
[2021-05-30T19:20:48.476] [INFO] request-info - [工作进程27300] 访问路径/js/chunk-59512244.5708bd77.js 响应耗时2ms
[2021-05-30T19:20:48.478] [INFO] request-info - [工作进程27300] 访问路径/js/chunk-602866dd.fb81359c.js 响应耗时1ms
[2021-05-30T19:20:48.645] [INFO] request-info - [工作进程27300] 访问路径/fonts/element-icons.535877f5.woff 响应耗时1ms
[2021-05-30T19:20:48.730] [INFO] request-info - [工作进程27300] 访问路径/hasToken 响应耗时4ms
[2021-05-30T19:27:52.817] [INFO] request-info - [工作进程25324] 访问路径/favicon.ico 响应耗时6ms
[2021-05-30T19:27:52.925] [INFO] request-info - [工作进程25324] 访问路径/ 响应耗时29ms
[2021-05-30T19:27:52.970] [INFO] request-info - [工作进程25324] 访问路径/css/app.ab6ee0a6.css 响应耗时18ms
[2021-05-30T19:27:52.976] [INFO] request-info - [工作进程25324] 访问路径/css/chunk-vendors.c470e980.css 响应耗时4ms
[2021-05-30T19:27:52.998] [INFO] request-info - [工作进程25324] 访问路径/js/app.d4896f68.js 响应耗时18ms
[2021-05-30T19:27:53.014] [INFO] request-info - [工作进程25324] 访问路径/js/chunk-vendors.84d4daaa.js 响应耗时11ms
[2021-05-30T19:27:53.020] [INFO] request-info - [工作进程25324] 访问路径/index.css 响应耗时4ms
[2021-05-30T19:27:53.183] [INFO] request-info - [工作进程25324] 访问路径/css/chunk-1ee418d2.57826dda.css 响应耗时2ms
[2021-05-30T19:27:53.190] [INFO] request-info - [工作进程25324] 访问路径/css/chunk-55eab4f6.5fe1af66.css 响应耗时7ms
[2021-05-30T19:27:53.192] [INFO] request-info - [工作进程25324] 访问路径/js/chunk-1ee418d2.2b8ad55a.js 响应耗时1ms
[2021-05-30T19:27:53.195] [INFO] request-info - [工作进程25324] 访问路径/js/chunk-55eab4f6.75505316.js 响应耗时2ms
[2021-05-30T19:27:53.201] [INFO] request-info - [工作进程25324] 访问路径/css/chunk-59512244.1af1836c.css 响应耗时5ms
[2021-05-30T19:27:53.204] [INFO] request-info - [工作进程25324] 访问路径/css/chunk-602866dd.c05f8b0c.css 响应耗时2ms
[2021-05-30T19:27:53.207] [INFO] request-info - [工作进程25324] 访问路径/js/chunk-59512244.5708bd77.js 响应耗时2ms
[2021-05-30T19:27:53.209] [INFO] request-info - [工作进程25324] 访问路径/js/chunk-602866dd.fb81359c.js 响应耗时1ms
[2021-05-30T19:27:53.451] [INFO] request-info - [工作进程25324] 访问路径/hasToken 响应耗时7ms
[2021-05-30T19:27:53.461] [INFO] request-info - [工作进程25324] 访问路径/fonts/element-icons.535877f5.woff 响应耗时2ms
[2021-05-30T19:27:53.609] [INFO] request-info - [工作进程25324] 访问路径/hasToken 响应耗时2ms
[2021-05-30T20:56:19.932] [INFO] request-info - [工作进程13080] 访问路径/favicon.ico 响应耗时5ms
[2021-05-30T20:56:20.007] [INFO] request-info - [工作进程13080] 访问路径/ 响应耗时28ms
[2021-05-30T20:56:20.084] [INFO] request-info - [工作进程13080] 访问路径/css/app.ab6ee0a6.css 响应耗时4ms
[2021-05-30T20:56:20.091] [INFO] request-info - [工作进程13080] 访问路径/css/chunk-vendors.c470e980.css 响应耗时1ms
[2021-05-30T20:56:20.100] [INFO] request-info - [工作进程13080] 访问路径/js/app.d4896f68.js 响应耗时2ms
[2021-05-30T20:56:20.103] [INFO] request-info - [工作进程13080] 访问路径/js/chunk-vendors.84d4daaa.js 响应耗时1ms
[2021-05-30T20:56:20.111] [INFO] request-info - [工作进程13080] 访问路径/index.css 响应耗时2ms
[2021-05-30T20:56:20.358] [INFO] request-info - [工作进程13080] 访问路径/css/chunk-1ee418d2.57826dda.css 响应耗时3ms
[2021-05-30T20:56:20.358] [INFO] request-info - [工作进程13080] 访问路径/css/chunk-55eab4f6.5fe1af66.css 响应耗时3ms
[2021-05-30T20:56:20.363] [INFO] request-info - [工作进程13080] 访问路径/js/chunk-1ee418d2.2b8ad55a.js 响应耗时2ms
[2021-05-30T20:56:20.366] [INFO] request-info - [工作进程13080] 访问路径/js/chunk-55eab4f6.75505316.js 响应耗时2ms
[2021-05-30T20:56:20.370] [INFO] request-info - [工作进程13080] 访问路径/css/chunk-59512244.1af1836c.css 响应耗时3ms
[2021-05-30T20:56:20.370] [INFO] request-info - [工作进程13080] 访问路径/css/chunk-602866dd.c05f8b0c.css 响应耗时3ms
[2021-05-30T20:56:20.374] [INFO] request-info - [工作进程13080] 访问路径/js/chunk-59512244.5708bd77.js 响应耗时3ms
[2021-05-30T20:56:20.374] [INFO] request-info - [工作进程13080] 访问路径/js/chunk-602866dd.fb81359c.js 响应耗时3ms
[2021-05-30T20:56:20.637] [INFO] request-info - [工作进程13080] 访问路径/hasToken 响应耗时3ms
[2021-05-30T20:56:20.647] [INFO] request-info - [工作进程13080] 访问路径/fonts/element-icons.535877f5.woff 响应耗时1ms
[2021-05-30T20:56:20.795] [INFO] request-info - [工作进程13080] 访问路径/hasToken 响应耗时2ms
[2021-05-30T20:56:27.604] [INFO] request-info - [工作进程13080] 访问路径/ 响应耗时4ms
[2021-05-30T20:56:37.925] [INFO] request-info - [工作进程13080] 访问路径/ 响应耗时1ms
[2021-05-30T20:57:13.997] [INFO] request-info - [工作进程31444] 访问路径/ 响应耗时7ms
[2021-05-30T20:59:36.215] [INFO] request-info - [工作进程6760] 访问路径/ 响应耗时10ms
[2021-05-30T20:59:53.711] [INFO] request-info - [工作进程6760] 访问路径/ 响应耗时3ms
[2021-05-30T21:00:29.316] [INFO] request-info - [工作进程932] 访问路径/ 响应耗时9ms
[2021-05-30T21:01:42.425] [INFO] request-info - [工作进程22896] 访问路径/ 响应耗时11ms
[2021-05-30T21:02:29.395] [INFO] request-info - [工作进程25780] 访问路径/ 响应耗时33ms
[2021-05-30T21:15:23.239] [INFO] request-info - [工作进程16316] 访问路径/ 响应耗时33ms
[2021-05-30T21:15:23.274] [INFO] request-info - [工作进程16316] 访问路径/css/app.ab6ee0a6.css 响应耗时7ms
[2021-05-30T21:15:23.274] [INFO] request-info - [工作进程16316] 访问路径/css/chunk-vendors.c470e980.css 响应耗时6ms
[2021-05-30T21:15:23.278] [INFO] request-info - [工作进程16316] 访问路径/js/app.d4896f68.js 响应耗时7ms
[2021-05-30T21:15:23.283] [INFO] request-info - [工作进程16316] 访问路径/js/chunk-vendors.84d4daaa.js 响应耗时4ms
[2021-05-30T21:15:23.291] [INFO] request-info - [工作进程16316] 访问路径/index.css 响应耗时1ms
[2021-05-30T21:15:23.486] [INFO] request-info - [工作进程16316] 访问路径/css/chunk-1ee418d2.57826dda.css 响应耗时2ms
[2021-05-30T21:15:23.487] [INFO] request-info - [工作进程16316] 访问路径/css/chunk-55eab4f6.5fe1af66.css 响应耗时2ms
[2021-05-30T21:15:23.497] [INFO] request-info - [工作进程16316] 访问路径/css/chunk-59512244.1af1836c.css 响应耗时5ms
[2021-05-30T21:15:23.498] [INFO] request-info - [工作进程16316] 访问路径/js/chunk-1ee418d2.2b8ad55a.js 响应耗时4ms
[2021-05-30T21:15:23.498] [INFO] request-info - [工作进程16316] 访问路径/css/chunk-602866dd.c05f8b0c.css 响应耗时3ms
[2021-05-30T21:15:23.502] [INFO] request-info - [工作进程16316] 访问路径/js/chunk-55eab4f6.75505316.js 响应耗时3ms
[2021-05-30T21:15:23.502] [INFO] request-info - [工作进程16316] 访问路径/js/chunk-59512244.5708bd77.js 响应耗时2ms
[2021-05-30T21:15:23.508] [INFO] request-info - [工作进程16316] 访问路径/js/chunk-602866dd.fb81359c.js 响应耗时2ms
[2021-05-30T21:15:23.922] [INFO] request-info - [工作进程16316] 访问路径/hasToken 响应耗时4ms
[2021-05-30T21:15:23.937] [INFO] request-info - [工作进程16316] 访问路径/fonts/element-icons.535877f5.woff 响应耗时1ms
[2021-05-30T21:15:24.088] [INFO] request-info - [工作进程16316] 访问路径/hasToken 响应耗时2ms
[2021-05-30T21:15:30.309] [INFO] request-info - [工作进程16316] 访问路径/verifyCode 响应耗时15ms
[2021-05-30T21:15:30.310] [INFO] request-info - [工作进程16316] 访问路径/hasToken 响应耗时18ms
[2021-05-30T21:15:34.058] [INFO] request-info - [工作进程16316] 访问路径/queryUserName 响应耗时33ms
[2021-05-30T21:15:40.455] [INFO] request-info - [工作进程16316] 访问路径/signin 响应耗时38ms
[2021-05-30T21:15:41.877] [INFO] request-info - [工作进程16316] 访问路径/signin 响应耗时5ms
[2021-05-30T21:15:42.107] [INFO] request-info - [工作进程16316] 访问路径/signin 响应耗时7ms
[2021-05-30T21:15:42.317] [INFO] request-info - [工作进程16316] 访问路径/signin 响应耗时6ms
[2021-05-30T21:15:42.537] [INFO] request-info - [工作进程16316] 访问路径/signin 响应耗时6ms
[2021-05-30T21:15:43.106] [INFO] request-info - [工作进程16316] 访问路径/signin 响应耗时6ms
[2021-05-30T21:16:07.547] [INFO] request-info - [工作进程16316] 访问路径/verifyCode 响应耗时5ms
[2021-05-30T21:16:13.836] [INFO] request-info - [工作进程16316] 访问路径/signin 响应耗时8ms
[2021-05-30T21:16:50.175] [INFO] request-info - [工作进程16316] 访问路径/hasToken 响应耗时2ms
[2021-05-30T21:16:55.738] [INFO] request-info - [工作进程16316] 访问路径/queryUserName 响应耗时20ms
[2021-05-30T21:17:00.399] [INFO] request-info - [工作进程16316] 访问路径/queryUserName 响应耗时12ms
[2021-05-30T21:17:02.687] [INFO] request-info - [工作进程16316] 访问路径/queryUserName 响应耗时10ms
[2021-05-30T21:17:33.285] [INFO] request-info - [工作进程17328] 访问路径/queryUserName 响应耗时98ms
[2021-05-30T21:17:38.596] [INFO] request-info - [工作进程17328] 访问路径/login 响应耗时48ms
[2021-05-30T21:17:38.636] [INFO] request-info - [工作进程17328] 访问路径/hasToken 响应耗时6ms
[2021-05-30T21:17:40.003] [INFO] request-info - [工作进程17328] 访问路径/logout 响应耗时3ms
[2021-05-30T21:17:40.060] [INFO] request-info - [工作进程17328] 访问路径/hasToken 响应耗时3ms
[2021-05-30T21:17:41.418] [INFO] request-info - [工作进程17328] 访问路径/hasToken 响应耗时6ms
[2021-05-30T21:17:41.433] [INFO] request-info - [工作进程17328] 访问路径/verifyCode 响应耗时17ms
[2021-05-30T21:17:47.937] [INFO] request-info - [工作进程17328] 访问路径/queryUserName 响应耗时29ms
[2021-05-30T21:17:51.397] [INFO] request-info - [工作进程17328] 访问路径/queryUserName 响应耗时14ms
[2021-05-30T21:17:53.262] [INFO] request-info - [工作进程17328] 访问路径/queryUserName 响应耗时16ms
[2021-05-30T21:17:55.539] [INFO] request-info - [工作进程17328] 访问路径/queryUserName 响应耗时14ms
[2021-05-30T21:18:03.355] [INFO] request-info - [工作进程17328] 访问路径/signin 响应耗时8ms
[2021-05-30T21:18:03.398] [INFO] request-info - [工作进程17328] 访问路径/hasToken 响应耗时3ms
[2021-05-30T21:18:05.250] [INFO] request-info - [工作进程17328] 访问路径/logout 响应耗时2ms
[2021-05-30T21:18:05.281] [INFO] request-info - [工作进程17328] 访问路径/hasToken 响应耗时2ms
[2021-05-30T21:18:20.133] [INFO] request-info - [工作进程26448] 访问路径/hasToken 响应耗时26ms
[2021-05-30T21:18:20.159] [INFO] request-info - [工作进程26448] 访问路径/verifyCode 响应耗时36ms
[2021-05-30T21:18:21.410] [INFO] request-info - [工作进程26448] 访问路径/hasToken 响应耗时5ms
[2021-05-30T21:18:27.186] [INFO] request-info - [工作进程26448] 访问路径/queryUserName 响应耗时61ms
[2021-05-30T21:18:30.391] [INFO] request-info - [工作进程26448] 访问路径/login 响应耗时37ms
[2021-05-30T21:18:30.424] [INFO] request-info - [工作进程26448] 访问路径/hasToken 响应耗时4ms
[2021-05-30T21:18:31.810] [INFO] request-info - [工作进程26448] 访问路径/logout 响应耗时3ms
[2021-05-30T21:18:31.856] [INFO] request-info - [工作进程26448] 访问路径/hasToken 响应耗时3ms
[2021-05-30T21:18:46.156] [INFO] request-info - [工作进程26448] 访问路径/queryUserName 响应耗时11ms
[2021-05-30T21:18:49.753] [INFO] request-info - [工作进程26448] 访问路径/login 响应耗时6ms
[2021-05-30T21:18:49.782] [INFO] request-info - [工作进程26448] 访问路径/hasToken 响应耗时14ms
[2021-05-30T21:18:51.362] [INFO] request-info - [工作进程26448] 访问路径/logout 响应耗时2ms
[2021-05-30T21:18:51.391] [INFO] request-info - [工作进程26448] 访问路径/hasToken 响应耗时3ms
[2021-05-30T21:24:37.986] [INFO] request-info - [工作进程32728] 访问路径/hasToken 响应耗时25ms
[2021-05-30T21:24:38.006] [INFO] request-info - [工作进程32728] 访问路径/verifyCode 响应耗时28ms
[2021-05-30T21:24:40.349] [INFO] request-info - [工作进程32728] 访问路径/favicon.ico 响应耗时2ms
[2021-05-30T21:24:40.403] [INFO] request-info - [工作进程32728] 访问路径/ 响应耗时20ms
[2021-05-30T21:24:40.437] [INFO] request-info - [工作进程32728] 访问路径/css/app.ab6ee0a6.css 响应耗时4ms
[2021-05-30T21:24:40.445] [INFO] request-info - [工作进程32728] 访问路径/css/chunk-vendors.c470e980.css 响应耗时3ms
[2021-05-30T21:24:40.453] [INFO] request-info - [工作进程32728] 访问路径/js/app.d4896f68.js 响应耗时6ms
[2021-05-30T21:24:40.453] [INFO] request-info - [工作进程32728] 访问路径/index.css 响应耗时5ms
[2021-05-30T21:24:40.453] [INFO] request-info - [工作进程32728] 访问路径/js/chunk-vendors.84d4daaa.js 响应耗时4ms
[2021-05-30T21:24:40.680] [INFO] request-info - [工作进程32728] 访问路径/css/chunk-1ee418d2.57826dda.css 响应耗时4ms
[2021-05-30T21:24:40.680] [INFO] request-info - [工作进程32728] 访问路径/css/chunk-55eab4f6.5fe1af66.css 响应耗时2ms
[2021-05-30T21:24:40.691] [INFO] request-info - [工作进程32728] 访问路径/js/chunk-1ee418d2.2b8ad55a.js 响应耗时3ms
[2021-05-30T21:24:40.691] [INFO] request-info - [工作进程32728] 访问路径/css/chunk-59512244.1af1836c.css 响应耗时2ms
[2021-05-30T21:24:40.699] [INFO] request-info - [工作进程32728] 访问路径/css/chunk-602866dd.c05f8b0c.css 响应耗时6ms
[2021-05-30T21:24:40.699] [INFO] request-info - [工作进程32728] 访问路径/js/chunk-55eab4f6.75505316.js 响应耗时5ms
[2021-05-30T21:24:40.699] [INFO] request-info - [工作进程32728] 访问路径/js/chunk-59512244.5708bd77.js 响应耗时4ms
[2021-05-30T21:24:40.699] [INFO] request-info - [工作进程32728] 访问路径/js/chunk-602866dd.fb81359c.js 响应耗时3ms
[2021-05-30T21:24:40.941] [INFO] request-info - [工作进程32728] 访问路径/hasToken 响应耗时2ms
[2021-05-30T21:24:40.954] [INFO] request-info - [工作进程32728] 访问路径/fonts/element-icons.535877f5.woff 响应耗时2ms
[2021-05-30T21:24:41.111] [INFO] request-info - [工作进程32728] 访问路径/hasToken 响应耗时2ms
[2021-05-30T21:24:42.757] [INFO] request-info - [工作进程32728] 访问路径/hasToken 响应耗时4ms
[2021-05-30T21:24:42.764] [INFO] request-info - [工作进程32728] 访问路径/verifyCode 响应耗时9ms
[2021-05-30T21:24:46.269] [INFO] request-info - [工作进程32728] 访问路径/queryUserName 响应耗时79ms
[2021-05-30T21:24:54.186] [INFO] request-info - [工作进程32728] 访问路径/signin 响应耗时42ms
[2021-05-30T21:24:54.221] [INFO] request-info - [工作进程32728] 访问路径/hasToken 响应耗时16ms
[2021-05-30T21:24:56.072] [INFO] request-info - [工作进程32728] 访问路径/logout 响应耗时3ms
[2021-05-30T21:24:56.113] [INFO] request-info - [工作进程32728] 访问路径/hasToken 响应耗时6ms
[2021-05-30T21:24:59.863] [INFO] request-info - [工作进程32728] 访问路径/queryUserName 响应耗时5ms
[2021-05-30T21:25:02.886] [INFO] request-info - [工作进程32728] 访问路径/login 响应耗时5ms
[2021-05-30T21:25:02.908] [INFO] request-info - [工作进程32728] 访问路径/hasToken 响应耗时4ms
[2021-05-30T21:25:04.553] [INFO] request-info - [工作进程32728] 访问路径/logout 响应耗时3ms
[2021-05-30T21:25:04.586] [INFO] request-info - [工作进程32728] 访问路径/hasToken 响应耗时3ms
[2021-05-30T21:25:06.548] [INFO] request-info - [工作进程32728] 访问路径/getUsers 响应耗时5ms
[2021-05-30T21:25:13.093] [INFO] request-info - [工作进程32728] 访问路径/getUsers 响应耗时6ms
[2021-05-30T21:26:01.047] [INFO] request-info - [工作进程23028] 访问路径/favicon.ico 响应耗时10ms
[2021-05-30T21:26:01.114] [INFO] request-info - [工作进程23028] 访问路径/ 响应耗时21ms
[2021-05-30T21:26:01.145] [INFO] request-info - [工作进程23028] 访问路径/css/app.ab6ee0a6.css 响应耗时1ms
[2021-05-30T21:26:01.147] [INFO] request-info - [工作进程23028] 访问路径/css/chunk-vendors.c470e980.css 响应耗时1ms
[2021-05-30T21:26:01.153] [INFO] request-info - [工作进程23028] 访问路径/js/app.d4896f68.js 响应耗时1ms
[2021-05-30T21:26:01.154] [INFO] request-info - [工作进程23028] 访问路径/js/chunk-vendors.84d4daaa.js 响应耗时1ms
[2021-05-30T21:26:01.161] [INFO] request-info - [工作进程23028] 访问路径/index.css 响应耗时6ms
[2021-05-30T21:26:01.297] [INFO] request-info - [工作进程23028] 访问路径/css/chunk-1ee418d2.57826dda.css 响应耗时1ms
[2021-05-30T21:26:01.299] [INFO] request-info - [工作进程23028] 访问路径/css/chunk-55eab4f6.5fe1af66.css 响应耗时2ms
[2021-05-30T21:26:01.303] [INFO] request-info - [工作进程23028] 访问路径/css/chunk-59512244.1af1836c.css 响应耗时1ms
[2021-05-30T21:26:01.306] [INFO] request-info - [工作进程23028] 访问路径/css/chunk-602866dd.c05f8b0c.css 响应耗时1ms
[2021-05-30T21:26:01.307] [INFO] request-info - [工作进程23028] 访问路径/js/chunk-1ee418d2.2b8ad55a.js 响应耗时1ms
[2021-05-30T21:26:01.308] [INFO] request-info - [工作进程23028] 访问路径/js/chunk-55eab4f6.75505316.js 响应耗时0ms
[2021-05-30T21:26:01.310] [INFO] request-info - [工作进程23028] 访问路径/js/chunk-59512244.5708bd77.js 响应耗时1ms
[2021-05-30T21:26:01.311] [INFO] request-info - [工作进程23028] 访问路径/js/chunk-602866dd.fb81359c.js 响应耗时1ms
[2021-05-30T21:26:01.518] [INFO] request-info - [工作进程23028] 访问路径/hasToken 响应耗时4ms
[2021-05-30T21:26:01.525] [INFO] request-info - [工作进程23028] 访问路径/fonts/element-icons.535877f5.woff 响应耗时0ms
[2021-05-30T21:26:01.663] [INFO] request-info - [工作进程23028] 访问路径/hasToken 响应耗时1ms
[2021-05-30T21:26:03.480] [INFO] request-info - [工作进程23028] 访问路径/hasToken 响应耗时2ms
[2021-05-30T21:26:03.494] [INFO] request-info - [工作进程23028] 访问路径/verifyCode 响应耗时13ms
[2021-05-30T21:26:06.599] [INFO] request-info - [工作进程23028] 访问路径/queryUserName 响应耗时58ms
[2021-05-30T21:26:12.892] [INFO] request-info - [工作进程23028] 访问路径/signin 响应耗时41ms
[2021-05-30T21:26:12.915] [INFO] request-info - [工作进程23028] 访问路径/hasToken 响应耗时9ms
[2021-05-30T21:26:14.215] [INFO] request-info - [工作进程23028] 访问路径/logout 响应耗时1ms
[2021-05-30T21:26:14.248] [INFO] request-info - [工作进程23028] 访问路径/hasToken 响应耗时1ms
[2021-05-30T21:26:21.557] [INFO] request-info - [工作进程23028] 访问路径/queryUserName 响应耗时7ms
[2021-05-30T21:26:24.418] [INFO] request-info - [工作进程23028] 访问路径/login 响应耗时3ms
[2021-05-30T21:26:24.437] [INFO] request-info - [工作进程23028] 访问路径/hasToken 响应耗时4ms
[2021-05-30T21:26:26.011] [INFO] request-info - [工作进程23028] 访问路径/logout 响应耗时2ms
[2021-05-30T21:26:26.041] [INFO] request-info - [工作进程23028] 访问路径/hasToken 响应耗时3ms
[2021-05-30T21:26:27.465] [INFO] request-info - [工作进程23028] 访问路径/index.css 响应耗时1ms
[2021-05-30T21:26:27.468] [INFO] request-info - [工作进程23028] 访问路径/css/chunk-vendors.c470e980.css 响应耗时1ms
[2021-05-30T21:26:27.470] [INFO] request-info - [工作进程23028] 访问路径/css/app.ab6ee0a6.css 响应耗时1ms
[2021-05-30T21:26:27.471] [INFO] request-info - [工作进程23028] 访问路径/css/chunk-59512244.1af1836c.css 响应耗时1ms
[2021-05-30T21:26:27.474] [INFO] request-info - [工作进程23028] 访问路径/css/chunk-602866dd.c05f8b0c.css 响应耗时2ms
[2021-05-30T21:26:27.476] [INFO] request-info - [工作进程23028] 访问路径/css/chunk-55eab4f6.5fe1af66.css 响应耗时0ms
[2021-05-30T21:26:38.924] [INFO] request-info - [工作进程23028] 访问路径/queryUserName 响应耗时17ms
[2021-05-30T21:26:42.970] [INFO] request-info - [工作进程23028] 访问路径/login 响应耗时4ms
[2021-05-30T21:26:43.001] [INFO] request-info - [工作进程23028] 访问路径/hasToken 响应耗时3ms
[2021-05-30T21:26:46.292] [INFO] request-info - [工作进程23028] 访问路径/logout 响应耗时1ms
[2021-05-30T21:26:46.326] [INFO] request-info - [工作进程23028] 访问路径/hasToken 响应耗时3ms
[2021-05-30T21:26:47.363] [INFO] request-info - [工作进程23028] 访问路径/getUsers 响应耗时6ms
[2021-05-30T21:26:49.336] [INFO] request-info - [工作进程23028] 访问路径/getUsers 响应耗时4ms
[2021-05-30T21:33:25.761] [INFO] request-info - [工作进程32184] 访问路径/favicon.ico 响应耗时5ms
[2021-05-30T21:33:25.791] [INFO] request-info - [工作进程32184] 访问路径/ 响应耗时23ms
[2021-05-30T21:33:25.815] [INFO] request-info - [工作进程32184] 访问路径/css/app.ab6ee0a6.css 响应耗时1ms
[2021-05-30T21:33:25.817] [INFO] request-info - [工作进程32184] 访问路径/css/chunk-vendors.c470e980.css 响应耗时1ms
[2021-05-30T21:33:25.823] [INFO] request-info - [工作进程32184] 访问路径/js/app.d4896f68.js 响应耗时1ms
[2021-05-30T21:33:25.826] [INFO] request-info - [工作进程32184] 访问路径/js/chunk-vendors.84d4daaa.js 响应耗时1ms
[2021-05-30T21:33:25.832] [INFO] request-info - [工作进程32184] 访问路径/index.css 响应耗时1ms
[2021-05-30T21:33:26.157] [INFO] request-info - [工作进程32184] 访问路径/css/chunk-1ee418d2.57826dda.css 响应耗时1ms
[2021-05-30T21:33:26.159] [INFO] request-info - [工作进程32184] 访问路径/css/chunk-55eab4f6.5fe1af66.css 响应耗时1ms
[2021-05-30T21:33:26.165] [INFO] request-info - [工作进程32184] 访问路径/css/chunk-59512244.1af1836c.css 响应耗时0ms
[2021-05-30T21:33:26.167] [INFO] request-info - [工作进程32184] 访问路径/css/chunk-602866dd.c05f8b0c.css 响应耗时1ms
[2021-05-30T21:33:26.170] [INFO] request-info - [工作进程32184] 访问路径/js/chunk-55eab4f6.75505316.js 响应耗时1ms
[2021-05-30T21:33:26.172] [INFO] request-info - [工作进程32184] 访问路径/js/chunk-1ee418d2.2b8ad55a.js 响应耗时1ms
[2021-05-30T21:33:26.174] [INFO] request-info - [工作进程32184] 访问路径/js/chunk-59512244.5708bd77.js 响应耗时0ms
[2021-05-30T21:33:26.175] [INFO] request-info - [工作进程32184] 访问路径/js/chunk-602866dd.fb81359c.js 响应耗时1ms
[2021-05-30T21:33:26.455] [INFO] request-info - [工作进程32184] 访问路径/hasToken 响应耗时2ms
[2021-05-30T21:33:26.466] [INFO] request-info - [工作进程32184] 访问路径/fonts/element-icons.535877f5.woff 响应耗时1ms
[2021-05-30T21:33:26.627] [INFO] request-info - [工作进程32184] 访问路径/hasToken 响应耗时1ms
[2021-05-30T21:33:27.915] [INFO] request-info - [工作进程32184] 访问路径/hasToken 响应耗时5ms
[2021-05-30T21:33:27.929] [INFO] request-info - [工作进程32184] 访问路径/verifyCode 响应耗时16ms
[2021-05-30T21:33:31.198] [INFO] request-info - [工作进程32184] 访问路径/queryUserName 响应耗时58ms
[2021-05-30T21:33:35.358] [INFO] request-info - [工作进程32184] 访问路径/queryUserName 响应耗时16ms
[2021-05-30T21:33:48.150] [INFO] request-info - [工作进程32184] 访问路径/signin 响应耗时32ms
[2021-05-30T21:33:48.176] [INFO] request-info - [工作进程32184] 访问路径/hasToken 响应耗时11ms
[2021-05-30T21:33:51.859] [INFO] request-info - [工作进程32184] 访问路径/logout 响应耗时1ms
[2021-05-30T21:33:51.898] [INFO] request-info - [工作进程32184] 访问路径/hasToken 响应耗时3ms
